TN:
SF:src\components\AIPricingWidget.tsx
FN:24,(anonymous_0)
FN:39,(anonymous_1)
FN:50,(anonymous_2)
FN:56,(anonymous_3)
FN:68,(anonymous_4)
FN:74,(anonymous_5)
FN:141,(anonymous_6)
FN:195,(anonymous_7)
FN:257,(anonymous_8)
FN:299,(anonymous_9)
FNF:10
FNH:6
FNDA:34,(anonymous_0)
FNDA:9,(anonymous_1)
FNDA:34,(anonymous_2)
FNDA:9,(anonymous_3)
FNDA:20,(anonymous_4)
FNDA:10,(anonymous_5)
FNDA:0,(anonymous_6)
FNDA:0,(anonymous_7)
FNDA:0,(anonymous_8)
FNDA:0,(anonymous_9)
DA:24,1
DA:36,34
DA:37,34
DA:39,34
DA:40,9
DA:46,9
DA:50,34
DA:51,34
DA:52,10
DA:56,34
DA:57,9
DA:58,0
DA:62,0
DA:65,9
DA:68,34
DA:69,20
DA:70,14
DA:71,8
DA:74,34
DA:75,10
DA:77,4
DA:79,0
DA:81,6
DA:83,0
DA:85,0
DA:89,34
DA:90,6
DA:119,28
DA:120,18
DA:131,10
DA:133,10
DA:134,10
DA:136,10
DA:141,0
DA:196,0
DA:258,0
DA:300,0
DA:328,1
LF:38
LH:29
BRDA:27,0,0,34
BRDA:28,1,0,0
BRDA:40,2,0,9
BRDA:40,2,1,0
BRDA:41,3,0,9
BRDA:41,3,1,9
BRDA:41,3,2,9
BRDA:41,3,3,9
BRDA:51,4,0,10
BRDA:51,4,1,24
BRDA:51,5,0,34
BRDA:51,5,1,10
BRDA:57,6,0,0
BRDA:57,6,1,9
BRDA:57,7,0,9
BRDA:57,7,1,9
BRDA:69,8,0,6
BRDA:69,8,1,14
BRDA:70,9,0,6
BRDA:70,9,1,8
BRDA:75,10,0,4
BRDA:75,10,1,0
BRDA:75,10,2,6
BRDA:75,10,3,0
BRDA:75,10,4,0
BRDA:89,11,0,6
BRDA:89,11,1,28
BRDA:89,12,0,34
BRDA:89,12,1,24
BRDA:119,13,0,18
BRDA:119,13,1,10
BRDA:131,14,0,0
BRDA:131,14,1,10
BRDA:148,15,0,0
BRDA:148,15,1,10
BRDA:189,16,0,10
BRDA:189,16,1,0
BRDA:189,16,2,0
BRDA:192,17,0,0
BRDA:192,17,1,0
BRDA:199,18,0,0
BRDA:199,18,1,0
BRDA:205,19,0,0
BRDA:205,19,1,0
BRDA:238,20,0,0
BRDA:238,20,1,0
BRDA:240,21,0,0
BRDA:240,21,1,0
BRDA:254,22,0,0
BRDA:254,22,1,0
BRDA:264,23,0,0
BRDA:264,23,1,0
BRDA:266,24,0,0
BRDA:266,24,1,0
BRDA:274,25,0,0
BRDA:274,25,1,0
BRDA:276,26,0,0
BRDA:276,26,1,0
BRDA:282,27,0,0
BRDA:282,27,1,0
BRDA:284,28,0,0
BRDA:284,28,1,0
BRDA:296,29,0,0
BRDA:296,29,1,0
BRF:64
BRH:28
end_of_record
TN:
SF:src\components\AsyncErrorBoundary.tsx
FN:16,(anonymous_0)
FN:24,(anonymous_1)
FN:44,(anonymous_2)
FN:62,(anonymous_3)
FN:76,(anonymous_4)
FNF:5
FNH:5
FNDA:9,(anonymous_0)
FNDA:4,(anonymous_1)
FNDA:1,(anonymous_2)
FNDA:13,(anonymous_3)
FNDA:1,(anonymous_4)
DA:16,1
DA:22,9
DA:24,9
DA:25,4
DA:31,4
DA:32,4
DA:40,0
DA:44,9
DA:45,1
DA:46,0
DA:47,0
DA:50,1
DA:51,1
DA:52,1
DA:53,1
DA:55,0
DA:58,1
DA:62,9
DA:63,13
DA:76,1
DA:113,9
DA:123,1
LF:22
LH:18
BRDA:45,0,0,0
BRDA:45,0,1,1
BRDA:70,1,0,13
BRDA:70,1,1,10
BRDA:75,2,0,13
BRDA:75,2,1,1
BRDA:81,3,0,1
BRDA:81,3,1,12
BRDA:97,4,0,1
BRDA:97,4,1,12
BRDA:101,5,0,13
BRDA:101,5,1,0
BRDA:106,6,0,0
BRDA:106,6,1,0
BRF:14
BRH:10
end_of_record
TN:
SF:src\components\BiometricLoginButton.tsx
FN:14,(anonymous_0)
FN:24,(anonymous_1)
FN:28,(anonymous_2)
FN:38,(anonymous_3)
FN:48,(anonymous_4)
FNF:5
FNH:0
FNDA:0,(anonymous_0)
FNDA:0,(anonymous_1)
FNDA:0,(anonymous_2)
FNDA:0,(anonymous_3)
FNDA:0,(anonymous_4)
DA:14,0
DA:18,0
DA:19,0
DA:20,0
DA:21,0
DA:22,0
DA:24,0
DA:25,0
DA:28,0
DA:29,0
DA:30,0
DA:31,0
DA:33,0
DA:34,0
DA:36,0
DA:37,0
DA:38,0
DA:39,0
DA:41,0
DA:44,0
DA:48,0
DA:49,0
DA:50,0
DA:53,0
DA:54,0
DA:55,0
DA:56,0
DA:58,0
DA:61,0
DA:66,0
DA:69,0
DA:74,0
DA:76,0
DA:81,0
DA:82,0
DA:85,0
DA:109,0
LF:37
LH:0
BRDA:36,0,0,0
BRDA:36,0,1,0
BRDA:49,1,0,0
BRDA:49,1,1,0
BRDA:49,2,0,0
BRDA:49,2,1,0
BRDA:61,3,0,0
BRDA:61,3,1,0
BRDA:62,4,0,0
BRDA:62,4,1,0
BRDA:81,5,0,0
BRDA:81,5,1,0
BRDA:81,6,0,0
BRDA:81,6,1,0
BRDA:89,7,0,0
BRDA:89,7,1,0
BRDA:99,8,0,0
BRDA:99,8,1,0
BRDA:101,9,0,0
BRDA:101,9,1,0
BRDA:102,10,0,0
BRDA:102,10,1,0
BRF:22
BRH:0
end_of_record
TN:
SF:src\components\BiometricSettings.tsx
FN:16,(anonymous_0)
FN:23,(anonymous_1)
FN:27,(anonymous_2)
FN:37,(anonymous_3)
FN:47,(anonymous_4)
FN:70,(anonymous_5)
FN:89,(anonymous_6)
FNF:7
FNH:0
FNDA:0,(anonymous_0)
FNDA:0,(anonymous_1)
FNDA:0,(anonymous_2)
FNDA:0,(anonymous_3)
FNDA:0,(anonymous_4)
FNDA:0,(anonymous_5)
FNDA:0,(anonymous_6)
DA:16,0
DA:17,0
DA:18,0
DA:19,0
DA:20,0
DA:21,0
DA:23,0
DA:24,0
DA:27,0
DA:28,0
DA:29,0
DA:30,0
DA:32,0
DA:33,0
DA:35,0
DA:36,0
DA:37,0
DA:38,0
DA:40,0
DA:43,0
DA:47,0
DA:48,0
DA:50,0
DA:51,0
DA:52,0
DA:54,0
DA:55,0
DA:56,0
DA:62,0
DA:71,0
DA:72,0
DA:79,0
DA:80,0
DA:85,0
DA:89,0
DA:90,0
DA:91,0
DA:92,0
DA:93,0
DA:95,0
DA:96,0
DA:100,0
DA:106,0
DA:111,0
DA:112,0
DA:129,0
DA:193,0
LF:47
LH:0
BRDA:35,0,0,0
BRDA:35,0,1,0
BRDA:48,1,0,0
BRDA:48,1,1,0
BRDA:52,2,0,0
BRDA:52,2,1,0
BRDA:82,3,0,0
BRDA:82,3,1,0
BRDA:96,4,0,0
BRDA:96,4,1,0
BRDA:97,5,0,0
BRDA:97,5,1,0
BRDA:111,6,0,0
BRDA:111,6,1,0
BRDA:156,7,0,0
BRDA:156,7,1,0
BRDA:161,8,0,0
BRDA:161,8,1,0
BRF:18
BRH:0
end_of_record
TN:
SF:src\components\BusinessDashboard.tsx
FN:25,(anonymous_0)
FN:42,(anonymous_1)
FN:45,(anonymous_2)
FN:57,(anonymous_3)
FN:121,(anonymous_4)
FN:144,(anonymous_5)
FN:170,(anonymous_6)
FN:176,(anonymous_7)
FN:188,(anonymous_8)
FN:196,(anonymous_9)
FN:204,(anonymous_10)
FN:241,(anonymous_11)
FN:251,(anonymous_12)
FN:261,(anonymous_13)
FN:275,(anonymous_14)
FN:335,(anonymous_15)
FN:345,(anonymous_16)
FN:360,(anonymous_17)
FN:375,(anonymous_18)
FN:386,(anonymous_19)
FN:397,(anonymous_20)
FN:408,(anonymous_21)
FN:417,(anonymous_22)
FN:430,(anonymous_23)
FNF:24
FNH:0
FNDA:0,(anonymous_0)
FNDA:0,(anonymous_1)
FNDA:0,(anonymous_2)
FNDA:0,(anonymous_3)
FNDA:0,(anonymous_4)
FNDA:0,(anonymous_5)
FNDA:0,(anonymous_6)
FNDA:0,(anonymous_7)
FNDA:0,(anonymous_8)
FNDA:0,(anonymous_9)
FNDA:0,(anonymous_10)
FNDA:0,(anonymous_11)
FNDA:0,(anonymous_12)
FNDA:0,(anonymous_13)
FNDA:0,(anonymous_14)
FNDA:0,(anonymous_15)
FNDA:0,(anonymous_16)
FNDA:0,(anonymous_17)
FNDA:0,(anonymous_18)
FNDA:0,(anonymous_19)
FNDA:0,(anonymous_20)
FNDA:0,(anonymous_21)
FNDA:0,(anonymous_22)
FNDA:0,(anonymous_23)
DA:25,0
DA:29,0
DA:30,0
DA:34,0
DA:40,0
DA:42,0
DA:43,0
DA:45,0
DA:48,0
DA:49,0
DA:57,0
DA:66,0
DA:121,0
DA:122,0
DA:144,0
DA:145,0
DA:170,0
DA:171,0
DA:176,0
DA:188,0
DA:196,0
DA:204,0
DA:213,0
DA:241,0
DA:251,0
DA:261,0
DA:275,0
DA:336,0
DA:346,0
DA:360,0
DA:375,0
DA:386,0
DA:397,0
DA:408,0
DA:417,0
DA:430,0
DA:440,0
DA:441,0
DA:443,0
LF:39
LH:0
BRDA:48,0,0,0
BRDA:48,0,1,0
BRDA:48,1,0,0
BRDA:48,1,1,0
BRDA:61,2,0,0
BRDA:76,3,0,0
BRDA:76,3,1,0
BRDA:81,4,0,0
BRDA:81,4,1,0
BRDA:85,5,0,0
BRDA:85,5,1,0
BRDA:87,6,0,0
BRDA:87,6,1,0
BRDA:93,7,0,0
BRDA:93,7,1,0
BRDA:95,8,0,0
BRDA:95,8,1,0
BRDA:105,9,0,0
BRDA:105,9,1,0
BRDA:107,10,0,0
BRDA:107,10,1,0
BRDA:113,11,0,0
BRDA:113,11,1,0
BRDA:128,12,0,0
BRDA:128,12,1,0
BRDA:130,13,0,0
BRDA:130,13,1,0
BRDA:151,14,0,0
BRDA:151,14,1,0
BRDA:157,15,0,0
BRDA:157,15,1,0
BRDA:160,16,0,0
BRDA:160,16,1,0
BRDA:230,17,0,0
BRDA:230,17,1,0
BRDA:282,18,0,0
BRDA:282,18,1,0
BRDA:332,19,0,0
BRDA:332,19,1,0
BRDA:342,20,0,0
BRDA:342,20,1,0
BRDA:496,21,0,0
BRDA:496,21,1,0
BRDA:662,22,0,0
BRDA:662,22,1,0
BRDA:687,23,0,0
BRDA:687,23,1,0
BRF:47
BRH:0
end_of_record
TN:
SF:src\components\ClientCard.tsx
FN:32,(anonymous_0)
FN:39,(anonymous_1)
FN:54,(anonymous_2)
FN:69,(anonymous_3)
FNF:4
FNH:0
FNDA:0,(anonymous_0)
FNDA:0,(anonymous_1)
FNDA:0,(anonymous_2)
FNDA:0,(anonymous_3)
DA:32,0
DA:39,0
DA:40,0
DA:42,0
DA:44,0
DA:46,0
DA:48,0
DA:50,0
DA:54,0
DA:55,0
DA:57,0
DA:59,0
DA:61,0
DA:63,0
DA:65,0
DA:69,0
DA:70,0
DA:71,0
DA:72,0
DA:75,0
DA:76,0
DA:77,0
DA:84,0
DA:198,0
LF:24
LH:0
BRDA:40,0,0,0
BRDA:40,0,1,0
BRDA:40,0,2,0
BRDA:40,0,3,0
BRDA:40,0,4,0
BRDA:55,1,0,0
BRDA:55,1,1,0
BRDA:55,1,2,0
BRDA:55,1,3,0
BRDA:55,1,4,0
BRDA:70,2,0,0
BRDA:70,2,1,0
BRDA:71,3,0,0
BRDA:71,3,1,0
BRDA:77,4,0,0
BRDA:77,4,1,0
BRDA:97,5,0,0
BRDA:97,5,1,0
BRDA:113,6,0,0
BRDA:113,6,1,0
BRDA:140,7,0,0
BRDA:140,7,1,0
BRDA:153,8,0,0
BRDA:153,8,1,0
BRDA:161,9,0,0
BRDA:161,9,1,0
BRDA:167,10,0,0
BRDA:167,10,1,0
BRDA:172,11,0,0
BRDA:172,11,1,0
BRDA:181,12,0,0
BRDA:181,12,1,0
BRF:32
BRH:0
end_of_record
TN:
SF:src\components\CommunityEndorsement.tsx
FN:72,(anonymous_0)
FN:88,(anonymous_1)
FN:116,(anonymous_2)
FN:128,(anonymous_3)
FN:136,(anonymous_4)
FN:151,(anonymous_5)
FN:159,(anonymous_6)
FN:164,(anonymous_7)
FN:208,(anonymous_8)
FN:212,(anonymous_9)
FN:228,(anonymous_10)
FN:235,(anonymous_11)
FN:268,(anonymous_12)
FNF:13
FNH:0
FNDA:0,(anonymous_0)
FNDA:0,(anonymous_1)
FNDA:0,(anonymous_2)
FNDA:0,(anonymous_3)
FNDA:0,(anonymous_4)
FNDA:0,(anonymous_5)
FNDA:0,(anonymous_6)
FNDA:0,(anonymous_7)
FNDA:0,(anonymous_8)
FNDA:0,(anonymous_9)
FNDA:0,(anonymous_10)
FNDA:0,(anonymous_11)
FNDA:0,(anonymous_12)
DA:30,0
DA:72,0
DA:80,0
DA:81,0
DA:82,0
DA:83,0
DA:85,0
DA:86,0
DA:88,0
DA:89,0
DA:91,0
DA:92,0
DA:96,0
DA:99,0
DA:100,0
DA:104,0
DA:107,0
DA:108,0
DA:117,0
DA:122,0
DA:129,0
DA:130,0
DA:137,0
DA:138,0
DA:146,0
DA:147,0
DA:151,0
DA:152,0
DA:153,0
DA:154,0
DA:155,0
DA:156,0
DA:159,0
DA:160,0
DA:161,0
DA:164,0
DA:165,0
DA:168,0
DA:209,0
DA:212,0
DA:229,0
DA:235,0
DA:269,0
DA:270,0
DA:354,0
LF:45
LH:0
BRDA:89,0,0,0
BRDA:89,0,1,0
BRDA:91,1,0,0
BRDA:91,1,1,0
BRDA:99,2,0,0
BRDA:99,2,1,0
BRDA:113,3,0,0
BRDA:113,3,1,0
BRDA:165,4,0,0
BRDA:165,4,1,0
BRDA:217,5,0,0
BRDA:217,5,1,0
BRDA:226,6,0,0
BRDA:226,6,1,0
BRDA:233,7,0,0
BRDA:233,7,1,0
BRDA:240,8,0,0
BRDA:240,8,1,0
BRDA:245,9,0,0
BRDA:245,9,1,0
BRDA:270,10,0,0
BRDA:270,10,1,0
BRDA:302,11,0,0
BRDA:302,11,1,0
BRDA:302,11,2,0
BRDA:313,12,0,0
BRDA:313,12,1,0
BRDA:316,13,0,0
BRDA:316,13,1,0
BRDA:332,14,0,0
BRDA:332,14,1,0
BRDA:332,14,2,0
BRDA:337,15,0,0
BRDA:337,15,1,0
BRDA:337,15,2,0
BRDA:339,16,0,0
BRDA:339,16,1,0
BRF:37
BRH:0
end_of_record
TN:
SF:src\components\ContractorAssignment.tsx
FN:24,(anonymous_0)
FN:38,(anonymous_1)
FN:47,(anonymous_2)
FN:53,(anonymous_3)
FN:85,(anonymous_4)
FN:104,(anonymous_5)
FN:109,(anonymous_6)
FN:112,(anonymous_7)
FN:195,(anonymous_8)
FN:211,(anonymous_9)
FN:236,(anonymous_10)
FN:251,(anonymous_11)
FN:283,(anonymous_12)
FN:302,(anonymous_13)
FNF:14
FNH:0
FNDA:0,(anonymous_0)
FNDA:0,(anonymous_1)
FNDA:0,(anonymous_2)
FNDA:0,(anonymous_3)
FNDA:0,(anonymous_4)
FNDA:0,(anonymous_5)
FNDA:0,(anonymous_6)
FNDA:0,(anonymous_7)
FNDA:0,(anonymous_8)
FNDA:0,(anonymous_9)
FNDA:0,(anonymous_10)
FNDA:0,(anonymous_11)
FNDA:0,(anonymous_12)
FNDA:0,(anonymous_13)
DA:24,0
DA:28,0
DA:29,0
DA:32,0
DA:33,0
DA:35,0
DA:36,0
DA:38,0
DA:39,0
DA:47,0
DA:53,0
DA:54,0
DA:55,0
DA:62,0
DA:63,0
DA:65,0
DA:71,0
DA:72,0
DA:75,0
DA:76,0
DA:81,0
DA:85,0
DA:86,0
DA:87,0
DA:88,0
DA:89,0
DA:90,0
DA:91,0
DA:93,0
DA:94,0
DA:95,0
DA:96,0
DA:97,0
DA:98,0
DA:100,0
DA:104,0
DA:105,0
DA:106,0
DA:109,0
DA:111,0
DA:112,0
DA:113,0
DA:115,0
DA:197,0
DA:211,0
DA:236,0
DA:237,0
DA:251,0
DA:252,0
DA:262,0
DA:263,0
DA:274,0
DA:275,0
DA:283,0
DA:292,0
DA:302,0
DA:311,0
LF:57
LH:0
BRDA:32,0,0,0
BRDA:36,1,0,0
BRDA:36,1,1,0
BRDA:41,2,0,0
BRDA:41,2,1,0
BRDA:67,3,0,0
BRDA:67,3,1,0
BRDA:71,4,0,0
BRDA:71,4,1,0
BRDA:78,5,0,0
BRDA:78,5,1,0
BRDA:93,6,0,0
BRDA:93,6,1,0
BRDA:95,7,0,0
BRDA:95,7,1,0
BRDA:97,8,0,0
BRDA:97,8,1,0
BRDA:105,9,0,0
BRDA:105,9,1,0
BRDA:111,10,0,0
BRDA:111,10,1,0
BRDA:119,11,0,0
BRDA:119,11,1,0
BRDA:120,12,0,0
BRDA:120,12,1,0
BRDA:123,13,0,0
BRDA:123,13,1,0
BRDA:132,14,0,0
BRDA:132,14,1,0
BRDA:148,15,0,0
BRDA:148,15,1,0
BRDA:158,16,0,0
BRDA:158,16,1,0
BRDA:163,17,0,0
BRDA:163,17,1,0
BRDA:167,18,0,0
BRDA:167,18,1,0
BRDA:173,19,0,0
BRDA:173,19,1,0
BRDA:179,20,0,0
BRDA:179,20,1,0
BRDA:205,21,0,0
BRDA:205,21,1,0
BRDA:205,21,2,0
BRDA:209,22,0,0
BRDA:209,22,1,0
BRDA:212,23,0,0
BRDA:212,23,1,0
BRDA:214,24,0,0
BRDA:214,24,1,0
BRDA:214,25,0,0
BRDA:214,25,1,0
BRDA:225,26,0,0
BRDA:225,26,1,0
BRDA:254,27,0,0
BRDA:254,27,1,0
BRDA:256,28,0,0
BRDA:256,28,1,0
BRDA:262,29,0,0
BRDA:262,29,1,0
BRDA:274,30,0,0
BRDA:274,30,1,0
BRDA:296,31,0,0
BRDA:296,31,1,0
BRF:64
BRH:0
end_of_record
TN:
SF:src\components\ContractorCard.tsx
FN:24,(anonymous_0)
FN:27,(anonymous_1)
FN:126,(anonymous_2)
FN:151,(anonymous_3)
FN:169,(anonymous_4)
FN:250,(anonymous_5)
FNF:6
FNH:0
FNDA:0,(anonymous_0)
FNDA:0,(anonymous_1)
FNDA:0,(anonymous_2)
FNDA:0,(anonymous_3)
FNDA:0,(anonymous_4)
FNDA:0,(anonymous_5)
DA:16,1
DA:24,1
DA:25,0
DA:27,0
DA:28,0
DA:29,0
DA:30,0
DA:32,0
DA:33,0
DA:43,0
DA:44,0
DA:54,0
DA:55,0
DA:56,0
DA:66,0
DA:69,0
DA:127,0
DA:151,0
DA:170,0
DA:194,0
DA:250,0
DA:267,1
LF:22
LH:3
BRDA:43,0,0,0
BRDA:43,0,1,0
BRDA:77,1,0,0
BRDA:77,1,1,0
BRDA:100,2,0,0
BRDA:100,2,1,0
BRDA:103,3,0,0
BRDA:103,3,1,0
BRDA:108,4,0,0
BRDA:108,4,1,0
BRDA:116,5,0,0
BRDA:116,5,1,0
BRDA:122,6,0,0
BRDA:122,6,1,0
BRDA:122,6,2,0
BRDA:131,7,0,0
BRDA:131,7,1,0
BRDA:142,8,0,0
BRDA:142,8,1,0
BRDA:154,9,0,0
BRDA:154,9,1,0
BRDA:157,10,0,0
BRDA:157,10,1,0
BRDA:163,11,0,0
BRDA:163,11,1,0
BRDA:163,11,2,0
BRDA:163,11,3,0
BRDA:179,12,0,0
BRDA:179,12,1,0
BRF:29
BRH:0
end_of_record
TN:
SF:src\components\ContractorDiscoverView.tsx
FN:24,(anonymous_0)
FN:30,(anonymous_1)
FN:72,(anonymous_2)
FN:81,(anonymous_3)
FN:187,(anonymous_4)
FN:273,(anonymous_5)
FN:276,(anonymous_6)
FN:277,(anonymous_7)
FNF:8
FNH:0
FNDA:0,(anonymous_0)
FNDA:0,(anonymous_1)
FNDA:0,(anonymous_2)
FNDA:0,(anonymous_3)
FNDA:0,(anonymous_4)
FNDA:0,(anonymous_5)
FNDA:0,(anonymous_6)
FNDA:0,(anonymous_7)
DA:16,0
DA:17,0
DA:24,0
DA:28,0
DA:30,0
DA:31,0
DA:32,0
DA:33,0
DA:35,0
DA:36,0
DA:46,0
DA:47,0
DA:57,0
DA:58,0
DA:59,0
DA:69,0
DA:72,0
DA:79,0
DA:81,0
DA:188,0
DA:256,0
DA:257,0
DA:268,0
DA:273,0
DA:276,0
DA:278,0
DA:281,0
DA:296,0
LF:28
LH:0
BRDA:46,0,0,0
BRDA:46,0,1,0
BRDA:87,1,0,0
BRDA:87,1,1,0
BRDA:117,2,0,0
BRDA:117,2,1,0
BRDA:123,3,0,0
BRDA:123,3,1,0
BRDA:126,4,0,0
BRDA:126,4,1,0
BRDA:161,5,0,0
BRDA:161,5,1,0
BRDA:167,6,0,0
BRDA:167,6,1,0
BRDA:183,7,0,0
BRDA:183,7,1,0
BRDA:183,7,2,0
BRDA:192,8,0,0
BRDA:192,8,1,0
BRDA:213,9,0,0
BRDA:213,9,1,0
BRDA:214,10,0,0
BRDA:214,10,1,0
BRDA:256,11,0,0
BRDA:256,11,1,0
BRF:25
BRH:0
end_of_record
TN:
SF:src\components\ContractorMapView.tsx
FN:21,(anonymous_0)
FN:31,(anonymous_1)
FN:35,(anonymous_2)
FN:98,(anonymous_3)
FN:108,(anonymous_4)
FN:137,(anonymous_5)
FN:201,(anonymous_6)
FNF:7
FNH:0
FNDA:0,(anonymous_0)
FNDA:0,(anonymous_1)
FNDA:0,(anonymous_2)
FNDA:0,(anonymous_3)
FNDA:0,(anonymous_4)
FNDA:0,(anonymous_5)
FNDA:0,(anonymous_6)
DA:21,0
DA:23,0
DA:24,0
DA:31,0
DA:32,0
DA:35,0
DA:36,0
DA:37,0
DA:38,0
DA:40,0
DA:41,0
DA:51,0
DA:52,0
DA:62,0
DA:63,0
DA:64,0
DA:74,0
DA:77,0
DA:99,0
DA:108,0
DA:137,0
DA:202,0
DA:263,0
LF:23
LH:0
BRDA:51,0,0,0
BRDA:51,0,1,0
BRDA:132,1,0,0
BRDA:132,1,1,0
BRDA:151,2,0,0
BRDA:151,2,1,0
BRDA:173,3,0,0
BRDA:173,3,1,0
BRDA:176,4,0,0
BRDA:176,4,1,0
BRDA:187,5,0,0
BRDA:187,5,1,0
BRDA:196,6,0,0
BRDA:196,6,1,0
BRDA:196,6,2,0
BRDA:217,7,0,0
BRDA:217,7,1,0
BRDA:223,8,0,0
BRDA:223,8,1,0
BRF:19
BRH:0
end_of_record
TN:
SF:src\components\ContractorPost.tsx
FN:28,(anonymous_0)
FN:38,(anonymous_1)
FN:47,(anonymous_2)
FN:56,(anonymous_3)
FN:73,(anonymous_4)
FN:78,(anonymous_5)
FN:87,(anonymous_6)
FN:96,(anonymous_7)
FN:113,(anonymous_8)
FN:130,(anonymous_9)
FN:147,(anonymous_10)
FN:228,(anonymous_11)
FN:280,(anonymous_12)
FN:330,(anonymous_13)
FN:339,(anonymous_14)
FNF:15
FNH:0
FNDA:0,(anonymous_0)
FNDA:0,(anonymous_1)
FNDA:0,(anonymous_2)
FNDA:0,(anonymous_3)
FNDA:0,(anonymous_4)
FNDA:0,(anonymous_5)
FNDA:0,(anonymous_6)
FNDA:0,(anonymous_7)
FNDA:0,(anonymous_8)
FNDA:0,(anonymous_9)
FNDA:0,(anonymous_10)
FNDA:0,(anonymous_11)
FNDA:0,(anonymous_12)
FNDA:0,(anonymous_13)
FNDA:0,(anonymous_14)
DA:21,0
DA:28,0
DA:29,0
DA:30,0
DA:31,0
DA:32,0
DA:33,0
DA:34,0
DA:35,0
DA:36,0
DA:38,0
DA:39,0
DA:41,0
DA:42,0
DA:46,0
DA:47,0
DA:48,0
DA:51,0
DA:52,0
DA:56,0
DA:57,0
DA:59,0
DA:60,0
DA:61,0
DA:64,0
DA:66,0
DA:67,0
DA:69,0
DA:73,0
DA:74,0
DA:75,0
DA:78,0
DA:79,0
DA:81,0
DA:82,0
DA:87,0
DA:88,0
DA:89,0
DA:91,0
DA:92,0
DA:96,0
DA:97,0
DA:99,0
DA:101,0
DA:103,0
DA:105,0
DA:107,0
DA:109,0
DA:113,0
DA:114,0
DA:116,0
DA:118,0
DA:120,0
DA:122,0
DA:124,0
DA:126,0
DA:130,0
DA:131,0
DA:133,0
DA:135,0
DA:137,0
DA:139,0
DA:141,0
DA:143,0
DA:147,0
DA:148,0
DA:149,0
DA:150,0
DA:151,0
DA:152,0
DA:154,0
DA:155,0
DA:156,0
DA:157,0
DA:160,0
DA:229,0
DA:281,0
DA:330,0
DA:340,0
DA:396,0
LF:80
LH:0
BRDA:31,0,0,0
BRDA:31,0,1,0
BRDA:32,1,0,0
BRDA:32,1,1,0
BRDA:39,2,0,0
BRDA:39,2,1,0
BRDA:48,3,0,0
BRDA:48,3,1,0
BRDA:57,4,0,0
BRDA:57,4,1,0
BRDA:79,5,0,0
BRDA:79,5,1,0
BRDA:79,6,0,0
BRDA:79,6,1,0
BRDA:97,7,0,0
BRDA:97,7,1,0
BRDA:97,7,2,0
BRDA:97,7,3,0
BRDA:97,7,4,0
BRDA:97,7,5,0
BRDA:114,8,0,0
BRDA:114,8,1,0
BRDA:114,8,2,0
BRDA:114,8,3,0
BRDA:114,8,4,0
BRDA:114,8,5,0
BRDA:131,9,0,0
BRDA:131,9,1,0
BRDA:131,9,2,0
BRDA:131,9,3,0
BRDA:131,9,4,0
BRDA:131,9,5,0
BRDA:154,10,0,0
BRDA:154,10,1,0
BRDA:155,11,0,0
BRDA:155,11,1,0
BRDA:156,12,0,0
BRDA:156,12,1,0
BRDA:166,13,0,0
BRDA:166,13,1,0
BRDA:197,14,0,0
BRDA:197,14,1,0
BRDA:203,15,0,0
BRDA:203,15,1,0
BRDA:205,16,0,0
BRDA:205,16,1,0
BRDA:224,17,0,0
BRDA:224,17,1,0
BRDA:224,17,2,0
BRDA:238,18,0,0
BRDA:238,18,1,0
BRDA:240,19,0,0
BRDA:240,19,1,0
BRDA:248,20,0,0
BRDA:248,20,1,0
BRDA:258,21,0,0
BRDA:258,21,1,0
BRDA:264,22,0,0
BRDA:264,22,1,0
BRDA:274,23,0,0
BRDA:274,23,1,0
BRDA:274,23,2,0
BRDA:294,24,0,0
BRDA:294,24,1,0
BRDA:298,25,0,0
BRDA:298,25,1,0
BRDA:300,26,0,0
BRDA:300,26,1,0
BRDA:302,27,0,0
BRDA:302,27,1,0
BRDA:312,28,0,0
BRDA:312,28,1,0
BRDA:336,29,0,0
BRDA:336,29,1,0
BRDA:338,30,0,0
BRDA:338,30,1,0
BRDA:351,31,0,0
BRDA:351,31,1,0
BRDA:368,32,0,0
BRDA:368,32,1,0
BRDA:385,33,0,0
BRDA:385,33,1,0
BRF:82
BRH:0
end_of_record
TN:
SF:src\components\ErrorBoundary-fallback.tsx
FN:20,(anonymous_0)
FN:25,(anonymous_1)
FN:29,(anonymous_2)
FN:48,(anonymous_3)
FN:52,(anonymous_4)
FNF:5
FNH:0
FNDA:0,(anonymous_0)
FNDA:0,(anonymous_1)
FNDA:0,(anonymous_2)
FNDA:0,(anonymous_3)
FNDA:0,(anonymous_4)
DA:21,0
DA:22,0
DA:26,0
DA:30,0
DA:31,0
DA:33,0
DA:39,0
DA:40,0
DA:41,0
DA:43,0
DA:48,0
DA:49,0
DA:53,0
DA:55,0
DA:56,0
DA:57,0
DA:59,0
DA:65,0
DA:94,0
DA:98,0
LF:20
LH:0
BRDA:39,0,0,0
BRDA:39,0,1,0
BRDA:53,1,0,0
BRDA:53,1,1,0
BRDA:55,2,0,0
BRDA:55,2,1,0
BRDA:55,3,0,0
BRDA:55,3,1,0
BRF:8
BRH:0
end_of_record
TN:
SF:src\components\ErrorBoundary.tsx
FN:20,(anonymous_0)
FN:25,(anonymous_1)
FN:29,(anonymous_2)
FN:80,(anonymous_3)
FN:84,(anonymous_4)
FN:93,(anonymous_5)
FN:103,(anonymous_6)
FNF:7
FNH:6
FNDA:49,(anonymous_0)
FNDA:52,(anonymous_1)
FNDA:26,(anonymous_2)
FNDA:4,(anonymous_3)
FNDA:1,(anonymous_4)
FNDA:0,(anonymous_5)
FNDA:136,(anonymous_6)
DA:21,49
DA:22,49
DA:26,52
DA:32,26
DA:33,26
DA:36,26
DA:45,26
DA:47,26
DA:49,26
DA:51,0
DA:55,26
DA:56,9
DA:57,9
DA:59,0
DA:63,26
DA:65,26
DA:66,26
DA:76,0
DA:80,49
DA:81,4
DA:84,49
DA:85,1
DA:86,1
DA:95,0
DA:104,136
DA:106,80
DA:107,28
DA:110,52
DA:168,56
DA:172,3
LF:30
LH:26
BRDA:38,0,0,26
BRDA:38,0,1,0
BRDA:40,1,0,26
BRDA:40,1,1,0
BRDA:55,2,0,9
BRDA:55,2,1,17
BRDA:70,3,0,26
BRDA:70,3,1,0
BRDA:76,4,0,0
BRDA:76,4,1,0
BRDA:85,5,0,1
BRDA:85,5,1,0
BRDA:85,6,0,1
BRDA:85,6,1,1
BRDA:104,7,0,80
BRDA:104,7,1,56
BRDA:106,8,0,28
BRDA:106,8,1,52
BRDA:106,9,0,80
BRDA:106,9,1,28
BRDA:123,10,0,52
BRDA:123,10,1,20
BRDA:127,11,0,52
BRDA:127,11,1,6
BRDA:127,11,2,6
BRF:25
BRH:19
end_of_record
TN:
SF:src\components\ErrorBoundaryProvider.tsx
FN:12,(anonymous_0)
FN:15,(anonymous_1)
FN:33,(anonymous_2)
FN:41,(anonymous_3)
FN:55,(anonymous_4)
FN:60,(anonymous_5)
FN:71,(anonymous_6)
FN:79,(anonymous_7)
FN:102,(anonymous_8)
FN:103,(anonymous_9)
FN:108,(anonymous_10)
FN:121,(anonymous_11)
FNF:12
FNH:1
FNDA:0,(anonymous_0)
FNDA:0,(anonymous_1)
FNDA:0,(anonymous_2)
FNDA:0,(anonymous_3)
FNDA:0,(anonymous_4)
FNDA:0,(anonymous_5)
FNDA:0,(anonymous_6)
FNDA:0,(anonymous_7)
FNDA:1,(anonymous_8)
FNDA:0,(anonymous_9)
FNDA:0,(anonymous_10)
FNDA:0,(anonymous_11)
DA:12,1
DA:15,0
DA:16,0
DA:18,0
DA:19,0
DA:20,0
DA:25,0
DA:29,0
DA:33,1
DA:41,0
DA:43,0
DA:50,0
DA:51,0
DA:55,1
DA:60,0
DA:61,0
DA:66,0
DA:67,0
DA:71,1
DA:79,0
DA:80,0
DA:89,0
DA:90,0
DA:102,1
DA:103,1
DA:104,0
DA:107,0
DA:108,0
DA:109,0
DA:116,0
DA:120,1
DA:122,0
DA:123,0
DA:125,0
DA:126,0
DA:132,1
LF:36
LH:8
BRDA:36,0,0,0
BRDA:74,1,0,0
BRDA:104,2,0,0
BRDA:104,2,1,0
BRDA:111,3,0,0
BRDA:111,3,1,0
BRF:6
BRH:0
end_of_record
TN:
SF:src\components\FinanceChart.tsx
FN:16,(anonymous_0)
FN:28,(anonymous_1)
FN:45,(anonymous_2)
FN:51,(anonymous_3)
FNF:4
FNH:0
FNDA:0,(anonymous_0)
FNDA:0,(anonymous_1)
FNDA:0,(anonymous_2)
FNDA:0,(anonymous_3)
DA:6,0
DA:16,0
DA:23,0
DA:28,0
DA:44,0
DA:45,0
DA:51,0
DA:52,0
DA:54,0
DA:56,0
DA:73,0
DA:90,0
DA:107,0
DA:111,0
DA:122,0
LF:15
LH:0
BRDA:21,0,0,0
BRDA:28,1,0,0
BRDA:45,2,0,0
BRDA:54,3,0,0
BRDA:54,3,1,0
BRDA:54,3,2,0
BRDA:54,3,3,0
BRDA:115,4,0,0
BRDA:115,4,1,0
BRF:9
BRH:0
end_of_record
TN:
SF:src\components\InvoiceCard.tsx
FN:14,(anonymous_0)
FN:20,(anonymous_1)
FN:35,(anonymous_2)
FNF:3
FNH:0
FNDA:0,(anonymous_0)
FNDA:0,(anonymous_1)
FNDA:0,(anonymous_2)
DA:14,0
DA:20,0
DA:21,0
DA:23,0
DA:25,0
DA:27,0
DA:29,0
DA:31,0
DA:35,0
DA:36,0
DA:38,0
DA:40,0
DA:42,0
DA:44,0
DA:46,0
DA:50,0
DA:51,0
DA:53,0
DA:55,0
DA:146,0
LF:20
LH:0
BRDA:21,0,0,0
BRDA:21,0,1,0
BRDA:21,0,2,0
BRDA:21,0,3,0
BRDA:21,0,4,0
BRDA:36,1,0,0
BRDA:36,1,1,0
BRDA:36,1,2,0
BRDA:36,1,3,0
BRDA:36,1,4,0
BRDA:51,2,0,0
BRDA:51,2,1,0
BRDA:53,3,0,0
BRDA:53,3,1,0
BRDA:61,4,0,0
BRDA:61,4,1,0
BRDA:89,5,0,0
BRDA:89,5,1,0
BRDA:106,6,0,0
BRDA:106,6,1,0
BRDA:114,7,0,0
BRDA:114,7,1,0
BRDA:128,8,0,0
BRDA:128,8,1,0
BRF:24
BRH:0
end_of_record
TN:
SF:src\components\JobCard.tsx
FN:13,(anonymous_0)
FN:19,(anonymous_1)
FN:31,(anonymous_2)
FN:66,(anonymous_3)
FNF:4
FNH:4
FNDA:9,(anonymous_0)
FNDA:9,(anonymous_1)
FNDA:1,(anonymous_2)
FNDA:1,(anonymous_3)
DA:13,1
DA:19,9
DA:20,9
DA:23,9
DA:24,9
DA:28,9
DA:31,1
DA:66,1
DA:74,1
LF:9
LH:9
BRDA:17,0,0,7
BRDA:24,1,0,8
BRDA:24,1,1,1
BRDA:46,2,0,9
BRDA:46,2,1,8
BRDA:48,3,0,9
BRDA:48,3,1,8
BRDA:59,4,0,9
BRDA:59,4,1,8
BRDA:59,4,2,8
BRDA:65,5,0,9
BRDA:65,5,1,2
BRDA:65,5,2,2
BRF:13
BRH:13
end_of_record
TN:
SF:src\components\JobListOffline.tsx
FN:24,(anonymous_0)
FN:38,(anonymous_1)
FN:45,(anonymous_2)
FN:53,(anonymous_3)
FN:90,(anonymous_4)
FN:103,(anonymous_5)
FN:106,(anonymous_6)
FN:152,(anonymous_7)
FN:180,(anonymous_8)
FN:194,(anonymous_9)
FN:240,(anonymous_10)
FNF:11
FNH:0
FNDA:0,(anonymous_0)
FNDA:0,(anonymous_1)
FNDA:0,(anonymous_2)
FNDA:0,(anonymous_3)
FNDA:0,(anonymous_4)
FNDA:0,(anonymous_5)
FNDA:0,(anonymous_6)
FNDA:0,(anonymous_7)
FNDA:0,(anonymous_8)
FNDA:0,(anonymous_9)
FNDA:0,(anonymous_10)
DA:24,0
DA:34,0
DA:35,0
DA:36,0
DA:38,0
DA:39,0
DA:40,0
DA:45,0
DA:48,0
DA:50,0
DA:53,0
DA:54,0
DA:55,0
DA:66,0
DA:71,0
DA:78,0
DA:79,0
DA:80,0
DA:85,0
DA:90,0
DA:91,0
DA:92,0
DA:97,0
DA:100,0
DA:103,0
DA:104,0
DA:106,0
DA:152,0
DA:153,0
DA:180,0
DA:181,0
DA:194,0
DA:201,0
DA:240,0
DA:268,0
LF:35
LH:0
BRDA:26,0,0,0
BRDA:29,1,0,0
BRDA:39,2,0,0
BRDA:39,2,1,0
BRDA:73,3,0,0
BRDA:73,3,1,0
BRDA:79,4,0,0
BRDA:79,4,1,0
BRDA:91,5,0,0
BRDA:91,5,1,0
BRDA:116,6,0,0
BRDA:116,6,1,0
BRDA:118,7,0,0
BRDA:118,7,1,0
BRDA:124,8,0,0
BRDA:124,8,1,0
BRDA:126,9,0,0
BRDA:126,9,1,0
BRDA:155,10,0,0
BRDA:155,10,1,0
BRDA:160,11,0,0
BRDA:160,11,1,0
BRDA:163,12,0,0
BRDA:163,12,1,0
BRDA:167,13,0,0
BRDA:167,13,1,0
BRDA:189,14,0,0
BRDA:189,14,1,0
BRDA:193,15,0,0
BRDA:193,15,1,0
BRDA:208,16,0,0
BRDA:208,16,1,0
BRDA:218,17,0,0
BRDA:218,17,1,0
BRDA:234,18,0,0
BRDA:234,18,1,0
BRDA:252,19,0,0
BRDA:252,19,1,0
BRDA:257,20,0,0
BRDA:257,20,1,0
BRDA:260,21,0,0
BRDA:260,21,1,0
BRF:42
BRH:0
end_of_record
TN:
SF:src\components\JobStatusTracker.tsx
FN:114,(anonymous_0)
FN:123,(anonymous_1)
FN:125,(anonymous_2)
FN:126,(anonymous_3)
FN:153,(anonymous_4)
FN:159,(anonymous_5)
FN:190,(anonymous_6)
FN:203,(anonymous_7)
FN:217,(anonymous_8)
FN:227,(anonymous_9)
FN:320,(anonymous_10)
FN:335,(anonymous_11)
FNF:12
FNH:0
FNDA:0,(anonymous_0)
FNDA:0,(anonymous_1)
FNDA:0,(anonymous_2)
FNDA:0,(anonymous_3)
FNDA:0,(anonymous_4)
FNDA:0,(anonymous_5)
FNDA:0,(anonymous_6)
FNDA:0,(anonymous_7)
FNDA:0,(anonymous_8)
FNDA:0,(anonymous_9)
FNDA:0,(anonymous_10)
FNDA:0,(anonymous_11)
DA:24,0
DA:70,0
DA:114,0
DA:119,0
DA:120,0
DA:122,0
DA:123,0
DA:125,0
DA:126,0
DA:128,0
DA:129,0
DA:133,0
DA:136,0
DA:137,0
DA:141,0
DA:144,0
DA:145,0
DA:153,0
DA:159,0
DA:160,0
DA:161,0
DA:169,0
DA:176,0
DA:177,0
DA:180,0
DA:185,0
DA:186,0
DA:190,0
DA:191,0
DA:197,0
DA:198,0
DA:203,0
DA:204,0
DA:205,0
DA:217,0
DA:218,0
DA:225,0
DA:228,0
DA:229,0
DA:230,0
DA:231,0
DA:233,0
DA:281,0
DA:321,0
DA:323,0
DA:325,0
DA:336,0
DA:389,0
LF:48
LH:0
BRDA:117,0,0,0
BRDA:128,1,0,0
BRDA:128,1,1,0
BRDA:128,2,0,0
BRDA:128,2,1,0
BRDA:136,3,0,0
BRDA:136,3,1,0
BRDA:136,4,0,0
BRDA:136,4,1,0
BRDA:172,5,0,0
BRDA:172,5,1,0
BRDA:176,6,0,0
BRDA:176,6,1,0
BRDA:186,7,0,0
BRDA:186,7,1,0
BRDA:198,8,0,0
BRDA:198,8,1,0
BRDA:240,9,0,0
BRDA:240,9,1,0
BRDA:240,10,0,0
BRDA:240,10,1,0
BRDA:241,11,0,0
BRDA:241,11,1,0
BRDA:241,12,0,0
BRDA:241,12,1,0
BRDA:248,13,0,0
BRDA:248,13,1,0
BRDA:248,14,0,0
BRDA:248,14,1,0
BRDA:255,15,0,0
BRDA:255,15,1,0
BRDA:256,16,0,0
BRDA:256,16,1,0
BRDA:257,17,0,0
BRDA:257,17,1,0
BRDA:257,18,0,0
BRDA:257,18,1,0
BRDA:263,19,0,0
BRDA:263,19,1,0
BRDA:268,20,0,0
BRDA:268,20,1,0
BRDA:269,21,0,0
BRDA:269,21,1,0
BRDA:306,22,0,0
BRDA:306,22,1,0
BRDA:316,23,0,0
BRDA:316,23,1,0
BRDA:316,23,2,0
BRDA:316,23,3,0
BRDA:323,24,0,0
BRDA:323,24,1,0
BRDA:332,25,0,0
BRDA:332,25,1,0
BRDA:338,26,0,0
BRDA:338,26,1,0
BRDA:361,27,0,0
BRDA:361,27,1,0
BRDA:369,28,0,0
BRDA:369,28,1,0
BRDA:373,29,0,0
BRDA:373,29,1,0
BRF:61
BRH:0
end_of_record
TN:
SF:src\components\LazyLoadingBoundary.tsx
FN:35,(anonymous_0)
FN:61,(anonymous_1)
FN:85,(anonymous_2)
FN:94,(anonymous_3)
FN:103,(anonymous_4)
FN:132,(anonymous_5)
FN:138,(anonymous_6)
FN:147,(anonymous_7)
FN:152,(anonymous_8)
FN:166,(anonymous_9)
FN:168,(anonymous_10)
FN:191,(anonymous_11)
FN:228,(anonymous_12)
FN:240,(anonymous_13)
FN:251,(anonymous_14)
FN:252,(anonymous_15)
FNF:16
FNH:0
FNDA:0,(anonymous_0)
FNDA:0,(anonymous_1)
FNDA:0,(anonymous_2)
FNDA:0,(anonymous_3)
FNDA:0,(anonymous_4)
FNDA:0,(anonymous_5)
FNDA:0,(anonymous_6)
FNDA:0,(anonymous_7)
FNDA:0,(anonymous_8)
FNDA:0,(anonymous_9)
FNDA:0,(anonymous_10)
FNDA:0,(anonymous_11)
FNDA:0,(anonymous_12)
FNDA:0,(anonymous_13)
FNDA:0,(anonymous_14)
FNDA:0,(anonymous_15)
DA:35,0
DA:40,0
DA:42,0
DA:61,0
DA:62,0
DA:86,0
DA:87,0
DA:97,0
DA:104,0
DA:107,0
DA:117,0
DA:119,0
DA:127,0
DA:128,0
DA:133,0
DA:134,0
DA:139,0
DA:140,0
DA:147,0
DA:148,0
DA:149,0
DA:152,0
DA:153,0
DA:166,0
DA:167,0
DA:168,0
DA:176,0
DA:177,0
DA:181,0
DA:182,0
DA:185,0
DA:192,0
DA:193,0
DA:196,0
DA:197,0
DA:208,0
DA:210,0
DA:228,0
DA:240,0
DA:241,0
DA:250,0
DA:252,0
DA:253,0
DA:260,0
DA:266,0
LF:45
LH:0
BRDA:40,0,0,0
BRDA:40,0,1,0
BRDA:40,1,0,0
BRDA:40,1,1,0
BRDA:65,2,0,0
BRDA:65,2,1,0
BRDA:68,3,0,0
BRDA:68,3,1,0
BRDA:104,4,0,0
BRDA:108,5,0,0
BRDA:108,5,1,0
BRDA:117,6,0,0
BRDA:117,6,1,0
BRDA:117,7,0,0
BRDA:117,7,1,0
BRDA:127,8,0,0
BRDA:127,8,1,0
BRDA:133,9,0,0
BRDA:133,9,1,0
BRDA:139,10,0,0
BRDA:139,10,1,0
BRDA:154,11,0,0
BRDA:154,11,1,0
BRDA:167,12,0,0
BRDA:167,12,1,0
BRDA:176,13,0,0
BRDA:176,13,1,0
BRDA:181,14,0,0
BRDA:181,14,1,0
BRDA:186,15,0,0
BRDA:186,15,1,0
BRDA:196,16,0,0
BRDA:196,16,1,0
BRDA:196,17,0,0
BRDA:196,17,1,0
BRDA:208,18,0,0
BRDA:208,18,1,0
BRDA:215,19,0,0
BRDA:215,19,1,0
BRF:39
BRH:0
end_of_record
TN:
SF:src\components\LoadingSpinner.tsx
FN:11,(anonymous_0)
FN:32,(anonymous_1)
FNF:2
FNH:2
FNDA:6,(anonymous_0)
FNDA:1,(anonymous_1)
DA:11,1
DA:16,6
DA:32,1
DA:35,1
DA:43,1
LF:5
LH:5
BRDA:12,0,0,4
BRDA:13,1,0,5
BRDA:14,2,0,5
BRDA:19,3,0,6
BRDA:19,3,1,6
BRDA:33,4,0,1
BRF:6
BRH:6
end_of_record
TN:
SF:src\components\LoadingStates.tsx
FN:41,(anonymous_0)
FN:62,(anonymous_1)
FN:105,(anonymous_2)
FN:149,(anonymous_3)
FN:152,(anonymous_4)
FN:172,(anonymous_5)
FN:187,(anonymous_6)
FN:205,(anonymous_7)
FNF:8
FNH:0
FNDA:0,(anonymous_0)
FNDA:0,(anonymous_1)
FNDA:0,(anonymous_2)
FNDA:0,(anonymous_3)
FNDA:0,(anonymous_4)
FNDA:0,(anonymous_5)
FNDA:0,(anonymous_6)
FNDA:0,(anonymous_7)
DA:41,0
DA:48,0
DA:62,0
DA:71,0
DA:105,0
DA:112,0
DA:113,0
DA:117,0
DA:149,0
DA:150,0
DA:153,0
DA:172,0
DA:173,0
DA:187,0
DA:188,0
DA:190,0
DA:205,0
DA:206,0
DA:208,0
DA:232,0
LF:20
LH:0
BRDA:42,0,0,0
BRDA:44,1,0,0
BRDA:45,2,0,0
BRDA:46,3,0,0
BRDA:50,4,0,0
BRDA:50,4,1,0
BRDA:54,5,0,0
BRDA:54,5,1,0
BRDA:65,6,0,0
BRDA:68,7,0,0
BRDA:82,8,0,0
BRDA:82,8,1,0
BRDA:82,8,2,0
BRDA:88,9,0,0
BRDA:88,9,1,0
BRDA:88,9,2,0
BRDA:106,10,0,0
BRDA:108,11,0,0
BRDA:110,12,0,0
BRDA:112,13,0,0
BRDA:112,13,1,0
BRDA:113,14,0,0
BRDA:113,14,1,0
BRDA:126,15,0,0
BRDA:126,15,1,0
BRDA:128,16,0,0
BRDA:128,16,1,0
BRDA:128,16,2,0
BRDA:149,17,0,0
BRDA:149,18,0,0
BRDA:149,19,0,0
BRDA:154,20,0,0
BRDA:154,20,1,0
BRDA:172,21,0,0
BRDA:172,22,0,0
BRDA:176,23,0,0
BRDA:176,23,1,0
BRDA:187,24,0,0
BRDA:188,25,0,0
BRDA:188,25,1,0
BRDA:206,26,0,0
BRDA:206,26,1,0
BRDA:206,27,0,0
BRDA:206,27,1,0
BRDA:212,28,0,0
BRDA:212,28,1,0
BRDA:216,29,0,0
BRDA:216,29,1,0
BRDA:218,30,0,0
BRDA:218,30,1,0
BRDA:221,31,0,0
BRDA:221,31,1,0
BRDA:223,32,0,0
BRDA:223,32,1,0
BRDA:249,33,0,0
BRDA:249,33,1,0
BRDA:275,34,0,0
BRDA:275,34,1,0
BRDA:351,35,0,0
BRDA:351,35,1,0
BRDA:363,36,0,0
BRDA:363,36,1,0
BRF:62
BRH:0
end_of_record
TN:
SF:src\components\NeighborhoodLeaderboard.tsx
FN:33,(anonymous_0)
FN:58,(anonymous_1)
FN:64,(anonymous_2)
FN:71,(anonymous_3)
FN:133,(anonymous_4)
FN:159,(anonymous_5)
FN:163,(anonymous_6)
FN:194,(anonymous_7)
FN:216,(anonymous_8)
FN:242,(anonymous_9)
FN:278,(anonymous_10)
FN:347,(anonymous_11)
FN:370,(anonymous_12)
FN:393,(anonymous_13)
FN:419,(anonymous_14)
FN:427,(anonymous_15)
FN:435,(anonymous_16)
FNF:17
FNH:0
FNDA:0,(anonymous_0)
FNDA:0,(anonymous_1)
FNDA:0,(anonymous_2)
FNDA:0,(anonymous_3)
FNDA:0,(anonymous_4)
FNDA:0,(anonymous_5)
FNDA:0,(anonymous_6)
FNDA:0,(anonymous_7)
FNDA:0,(anonymous_8)
FNDA:0,(anonymous_9)
FNDA:0,(anonymous_10)
FNDA:0,(anonymous_11)
FNDA:0,(anonymous_12)
FNDA:0,(anonymous_13)
FNDA:0,(anonymous_14)
FNDA:0,(anonymous_15)
FNDA:0,(anonymous_16)
DA:33,0
DA:34,0
DA:37,0
DA:44,0
DA:47,0
DA:56,0
DA:58,0
DA:59,0
DA:60,0
DA:61,0
DA:64,0
DA:68,0
DA:71,0
DA:134,0
DA:159,0
DA:160,0
DA:163,0
DA:195,0
DA:216,0
DA:220,0
DA:242,0
DA:262,0
DA:263,0
DA:273,0
DA:274,0
DA:278,0
DA:285,0
DA:286,0
DA:298,0
DA:302,0
DA:347,0
DA:370,0
DA:393,0
DA:420,0
DA:428,0
DA:436,0
DA:445,0
LF:37
LH:0
BRDA:70,0,0,0
BRDA:70,0,1,0
BRDA:74,1,0,0
BRDA:74,1,1,0
BRDA:77,2,0,0
BRDA:77,2,1,0
BRDA:79,3,0,0
BRDA:79,3,1,0
BRDA:79,4,0,0
BRDA:79,4,1,0
BRDA:82,5,0,0
BRDA:82,5,1,0
BRDA:82,6,0,0
BRDA:82,6,1,0
BRDA:89,7,0,0
BRDA:89,7,1,0
BRDA:131,8,0,0
BRDA:131,8,1,0
BRDA:141,9,0,0
BRDA:141,9,1,0
BRDA:197,10,0,0
BRDA:197,10,1,0
BRDA:205,11,0,0
BRDA:205,11,1,0
BRDA:205,11,2,0
BRDA:226,12,0,0
BRDA:226,12,1,0
BRDA:262,13,0,0
BRDA:262,13,1,0
BRDA:262,14,0,0
BRDA:262,14,1,0
BRDA:273,15,0,0
BRDA:273,15,1,0
BRDA:285,16,0,0
BRDA:285,16,1,0
BRDA:298,17,0,0
BRDA:298,17,1,0
BRDA:332,18,0,0
BRDA:332,18,1,0
BRDA:346,19,0,0
BRDA:346,19,1,0
BRDA:353,20,0,0
BRDA:353,20,1,0
BRDA:361,21,0,0
BRDA:361,21,1,0
BRDA:369,22,0,0
BRDA:369,22,1,0
BRDA:376,23,0,0
BRDA:376,23,1,0
BRDA:384,24,0,0
BRDA:384,24,1,0
BRDA:392,25,0,0
BRDA:392,25,1,0
BRDA:399,26,0,0
BRDA:399,26,1,0
BRDA:407,27,0,0
BRDA:407,27,1,0
BRDA:417,28,0,0
BRDA:417,28,1,0
BRDA:425,29,0,0
BRDA:425,29,1,0
BRDA:433,30,0,0
BRDA:433,30,1,0
BRF:63
BRH:0
end_of_record
TN:
SF:src\components\OfflineSyncStatus.tsx
FN:23,(anonymous_0)
FN:36,(anonymous_1)
FN:38,(anonymous_2)
FN:49,(anonymous_3)
FN:67,(anonymous_4)
FN:85,(anonymous_5)
FN:91,(anonymous_6)
FN:105,(anonymous_7)
FN:114,(anonymous_8)
FN:123,(anonymous_9)
FNF:10
FNH:0
FNDA:0,(anonymous_0)
FNDA:0,(anonymous_1)
FNDA:0,(anonymous_2)
FNDA:0,(anonymous_3)
FNDA:0,(anonymous_4)
FNDA:0,(anonymous_5)
FNDA:0,(anonymous_6)
FNDA:0,(anonymous_7)
FNDA:0,(anonymous_8)
FNDA:0,(anonymous_9)
DA:23,0
DA:28,0
DA:29,0
DA:30,0
DA:31,0
DA:33,0
DA:34,0
DA:36,0
DA:38,0
DA:39,0
DA:40,0
DA:44,0
DA:46,0
DA:49,0
DA:51,0
DA:55,0
DA:56,0
DA:58,0
DA:67,0
DA:69,0
DA:70,0
DA:84,0
DA:85,0
DA:87,0
DA:91,0
DA:92,0
DA:93,0
DA:94,0
DA:96,0
DA:101,0
DA:105,0
DA:106,0
DA:115,0
DA:116,0
DA:123,0
DA:124,0
DA:125,0
DA:137,0
DA:139,0
DA:147,0
DA:155,0
DA:163,0
DA:173,0
DA:175,0
DA:176,0
DA:200,0
DA:265,0
LF:47
LH:0
BRDA:24,0,0,0
BRDA:25,1,0,0
BRDA:26,2,0,0
BRDA:33,3,0,0
BRDA:33,3,1,0
BRDA:51,4,0,0
BRDA:51,4,1,0
BRDA:51,4,2,0
BRDA:51,4,3,0
BRDA:55,5,0,0
BRDA:55,5,1,0
BRDA:59,6,0,0
BRDA:59,6,1,0
BRDA:59,7,0,0
BRDA:59,7,1,0
BRDA:69,8,0,0
BRDA:69,8,1,0
BRDA:124,9,0,0
BRDA:124,9,1,0
BRDA:130,10,0,0
BRDA:130,10,1,0
BRDA:137,11,0,0
BRDA:137,11,1,0
BRDA:137,11,2,0
BRDA:137,11,3,0
BRDA:175,12,0,0
BRDA:175,12,1,0
BRDA:204,13,0,0
BRDA:204,13,1,0
BRDA:225,14,0,0
BRDA:225,14,1,0
BRDA:234,15,0,0
BRDA:234,15,1,0
BRDA:234,15,2,0
BRDA:234,15,3,0
BRDA:247,16,0,0
BRDA:247,16,1,0
BRF:37
BRH:0
end_of_record
TN:
SF:src\components\QueryErrorBoundary.tsx
FN:15,(anonymous_0)
FN:20,(anonymous_1)
FN:40,(anonymous_2)
FN:56,(anonymous_3)
FNF:4
FNH:4
FNDA:4,(anonymous_0)
FNDA:3,(anonymous_1)
FNDA:9,(anonymous_2)
FNDA:1,(anonymous_3)
DA:15,1
DA:20,4
DA:21,3
DA:27,3
DA:28,3
DA:36,0
DA:40,4
DA:41,9
DA:57,1
DA:58,1
DA:81,4
DA:91,1
LF:12
LH:11
BRDA:72,0,0,9
BRDA:72,0,1,0
BRF:2
BRH:1
end_of_record
TN:
SF:src\components\QueryStateWrapper.tsx
FN:74,(anonymous_0)
FN:100,(anonymous_1)
FN:120,(anonymous_2)
FN:141,(anonymous_3)
FN:162,(anonymous_4)
FN:179,(anonymous_5)
FN:197,(anonymous_6)
FN:227,(anonymous_7)
FN:239,(anonymous_8)
FN:252,(anonymous_9)
FN:267,(anonymous_10)
FN:314,(anonymous_11)
FN:318,(anonymous_12)
FN:354,(anonymous_13)
FN:358,(anonymous_14)
FNF:15
FNH:0
FNDA:0,(anonymous_0)
FNDA:0,(anonymous_1)
FNDA:0,(anonymous_2)
FNDA:0,(anonymous_3)
FNDA:0,(anonymous_4)
FNDA:0,(anonymous_5)
FNDA:0,(anonymous_6)
FNDA:0,(anonymous_7)
FNDA:0,(anonymous_8)
FNDA:0,(anonymous_9)
FNDA:0,(anonymous_10)
FNDA:0,(anonymous_11)
FNDA:0,(anonymous_12)
FNDA:0,(anonymous_13)
FNDA:0,(anonymous_14)
DA:74,0
DA:96,0
DA:97,0
DA:100,0
DA:102,0
DA:103,0
DA:104,0
DA:106,0
DA:110,0
DA:112,0
DA:114,0
DA:121,0
DA:122,0
DA:129,0
DA:133,0
DA:141,0
DA:147,0
DA:148,0
DA:152,0
DA:156,0
DA:162,0
DA:179,0
DA:189,0
DA:190,0
DA:198,0
DA:199,0
DA:210,0
DA:211,0
DA:221,0
DA:227,0
DA:239,0
DA:240,0
DA:241,0
DA:242,0
DA:244,0
DA:246,0
DA:252,0
DA:253,0
DA:254,0
DA:256,0
DA:257,0
DA:260,0
DA:262,0
DA:267,0
DA:268,0
DA:269,0
DA:272,0
DA:314,0
DA:315,0
DA:317,0
DA:318,0
DA:354,0
DA:357,0
DA:358,0
LF:54
LH:0
BRDA:77,0,0,0
BRDA:79,1,0,0
BRDA:80,2,0,0
BRDA:81,3,0,0
BRDA:82,4,0,0
BRDA:83,5,0,0
BRDA:87,6,0,0
BRDA:88,7,0,0
BRDA:89,8,0,0
BRDA:92,9,0,0
BRDA:93,10,0,0
BRDA:94,11,0,0
BRDA:102,12,0,0
BRDA:102,12,1,0
BRDA:102,13,0,0
BRDA:102,13,1,0
BRDA:103,14,0,0
BRDA:103,14,1,0
BRDA:110,15,0,0
BRDA:110,15,1,0
BRDA:110,16,0,0
BRDA:110,16,1,0
BRDA:112,17,0,0
BRDA:112,17,1,0
BRDA:129,18,0,0
BRDA:129,18,1,0
BRDA:130,19,0,0
BRDA:130,19,1,0
BRDA:130,19,2,0
BRDA:130,19,3,0
BRDA:147,20,0,0
BRDA:147,20,1,0
BRDA:147,21,0,0
BRDA:147,21,1,0
BRDA:158,22,0,0
BRDA:158,22,1,0
BRDA:167,23,0,0
BRDA:167,23,1,0
BRDA:167,23,2,0
BRDA:189,24,0,0
BRDA:189,24,1,0
BRDA:189,25,0,0
BRDA:189,25,1,0
BRDA:196,26,0,0
BRDA:196,26,1,0
BRDA:210,27,0,0
BRDA:210,27,1,0
BRDA:230,28,0,0
BRDA:231,29,0,0
BRDA:232,30,0,0
BRDA:235,31,0,0
BRDA:240,32,0,0
BRDA:240,32,1,0
BRDA:240,33,0,0
BRDA:240,33,1,0
BRDA:241,34,0,0
BRDA:241,34,1,0
BRDA:244,35,0,0
BRDA:244,35,1,0
BRDA:253,36,0,0
BRDA:253,36,1,0
BRDA:256,37,0,0
BRDA:256,37,1,0
BRDA:256,38,0,0
BRDA:256,38,1,0
BRDA:260,39,0,0
BRDA:260,39,1,0
BRDA:277,40,0,0
BRDA:277,40,1,0
BRDA:277,40,2,0
BRDA:322,41,0,0
BRDA:322,41,1,0
BRDA:322,41,2,0
BRDA:322,41,3,0
BRDA:324,42,0,0
BRDA:324,42,1,0
BRDA:332,43,0,0
BRDA:332,43,1,0
BRDA:333,44,0,0
BRDA:333,44,1,0
BRDA:334,45,0,0
BRDA:334,45,1,0
BRDA:335,46,0,0
BRDA:335,46,1,0
BRDA:371,47,0,0
BRDA:371,47,1,0
BRF:86
BRH:0
end_of_record
TN:
SF:src\components\QuoteCard.tsx
FN:16,(anonymous_0)
FN:24,(anonymous_1)
FN:43,(anonymous_2)
FN:62,(anonymous_3)
FN:66,(anonymous_4)
FN:220,(anonymous_5)
FN:231,(anonymous_6)
FN:242,(anonymous_7)
FN:252,(anonymous_8)
FNF:9
FNH:0
FNDA:0,(anonymous_0)
FNDA:0,(anonymous_1)
FNDA:0,(anonymous_2)
FNDA:0,(anonymous_3)
FNDA:0,(anonymous_4)
FNDA:0,(anonymous_5)
FNDA:0,(anonymous_6)
FNDA:0,(anonymous_7)
FNDA:0,(anonymous_8)
DA:16,0
DA:24,0
DA:25,0
DA:27,0
DA:29,0
DA:31,0
DA:33,0
DA:35,0
DA:37,0
DA:39,0
DA:43,0
DA:44,0
DA:46,0
DA:48,0
DA:50,0
DA:52,0
DA:54,0
DA:56,0
DA:58,0
DA:62,0
DA:63,0
DA:66,0
DA:67,0
DA:75,0
DA:76,0
DA:78,0
DA:221,0
DA:222,0
DA:232,0
DA:233,0
DA:243,0
DA:244,0
DA:253,0
DA:254,0
DA:264,0
LF:35
LH:0
BRDA:25,0,0,0
BRDA:25,0,1,0
BRDA:25,0,2,0
BRDA:25,0,3,0
BRDA:25,0,4,0
BRDA:25,0,5,0
BRDA:25,0,6,0
BRDA:44,1,0,0
BRDA:44,1,1,0
BRDA:44,1,2,0
BRDA:44,1,3,0
BRDA:44,1,4,0
BRDA:44,1,5,0
BRDA:44,1,6,0
BRDA:75,2,0,0
BRDA:75,2,1,0
BRDA:76,3,0,0
BRDA:76,3,1,0
BRDA:125,4,0,0
BRDA:125,4,1,0
BRDA:131,5,0,0
BRDA:131,5,1,0
BRDA:137,6,0,0
BRDA:137,6,1,0
BRDA:146,7,0,0
BRDA:146,7,1,0
BRDA:161,8,0,0
BRDA:161,8,1,0
BRDA:161,8,2,0
BRDA:181,9,0,0
BRDA:181,9,1,0
BRDA:181,9,2,0
BRDA:181,9,3,0
BRDA:185,10,0,0
BRDA:185,10,1,0
BRDA:185,10,2,0
BRDA:193,11,0,0
BRDA:193,11,1,0
BRDA:193,11,2,0
BRDA:203,12,0,0
BRDA:203,12,1,0
BRDA:228,13,0,0
BRDA:228,13,1,0
BRF:43
BRH:0
end_of_record
TN:
SF:src\components\ScreenErrorBoundary.tsx
FN:18,(anonymous_0)
FN:23,(anonymous_1)
FN:30,(anonymous_2)
FN:42,(anonymous_3)
FN:50,(anonymous_4)
FNF:5
FNH:5
FNDA:10,(anonymous_0)
FNDA:12,(anonymous_1)
FNDA:6,(anonymous_2)
FNDA:1,(anonymous_3)
FNDA:30,(anonymous_4)
DA:19,10
DA:20,10
DA:24,12
DA:31,6
DA:36,6
DA:42,10
DA:43,1
DA:51,30
DA:52,18
DA:53,3
DA:56,15
DA:85,12
DA:89,1
LF:13
LH:13
BRDA:51,0,0,18
BRDA:51,0,1,12
BRDA:52,1,0,3
BRDA:52,1,1,15
BRDA:52,2,0,18
BRDA:52,2,1,3
BRDA:66,3,0,15
BRDA:66,3,1,0
BRDA:66,3,2,0
BRDA:70,4,0,0
BRDA:70,4,1,0
BRF:11
BRH:7
end_of_record
TN:
SF:src\components\SearchBar.tsx
FN:36,(anonymous_0)
FN:65,(anonymous_1)
FN:69,(anonymous_2)
FN:75,(anonymous_3)
FN:80,(anonymous_4)
FN:87,(anonymous_5)
FN:95,(anonymous_6)
FN:102,(anonymous_7)
FN:105,(anonymous_8)
FN:109,(anonymous_9)
FN:117,(anonymous_10)
FN:125,(anonymous_11)
FN:133,(anonymous_12)
FN:244,(anonymous_13)
FN:248,(anonymous_14)
FNF:15
FNH:0
FNDA:0,(anonymous_0)
FNDA:0,(anonymous_1)
FNDA:0,(anonymous_2)
FNDA:0,(anonymous_3)
FNDA:0,(anonymous_4)
FNDA:0,(anonymous_5)
FNDA:0,(anonymous_6)
FNDA:0,(anonymous_7)
FNDA:0,(anonymous_8)
FNDA:0,(anonymous_9)
FNDA:0,(anonymous_10)
FNDA:0,(anonymous_11)
FNDA:0,(anonymous_12)
FNDA:0,(anonymous_13)
FNDA:0,(anonymous_14)
DA:36,0
DA:53,0
DA:54,0
DA:55,0
DA:57,0
DA:58,0
DA:59,0
DA:61,0
DA:62,0
DA:63,0
DA:65,0
DA:66,0
DA:69,0
DA:70,0
DA:71,0
DA:74,0
DA:75,0
DA:76,0
DA:80,0
DA:81,0
DA:82,0
DA:87,0
DA:88,0
DA:95,0
DA:96,0
DA:97,0
DA:98,0
DA:99,0
DA:102,0
DA:103,0
DA:105,0
DA:106,0
DA:109,0
DA:110,0
DA:111,0
DA:112,0
DA:113,0
DA:114,0
DA:117,0
DA:118,0
DA:119,0
DA:120,0
DA:121,0
DA:125,0
DA:126,0
DA:127,0
DA:128,0
DA:129,0
DA:130,0
DA:133,0
DA:134,0
DA:135,0
DA:138,0
DA:143,0
DA:148,0
DA:245,0
DA:248,0
DA:269,0
LF:58
LH:0
BRDA:38,0,0,0
BRDA:45,1,0,0
BRDA:46,2,0,0
BRDA:47,3,0,0
BRDA:48,4,0,0
BRDA:49,5,0,0
BRDA:51,6,0,0
BRDA:70,7,0,0
BRDA:70,7,1,0
BRDA:74,8,0,0
BRDA:74,8,1,0
BRDA:74,9,0,0
BRDA:74,9,1,0
BRDA:81,10,0,0
BRDA:81,10,1,0
BRDA:89,11,0,0
BRDA:89,11,1,0
BRDA:118,12,0,0
BRDA:118,12,1,0
BRDA:156,13,0,0
BRDA:156,13,1,0
BRDA:164,14,0,0
BRDA:164,14,1,0
BRDA:177,15,0,0
BRDA:177,15,1,0
BRDA:182,16,0,0
BRDA:182,16,1,0
BRDA:191,17,0,0
BRDA:191,17,1,0
BRDA:200,18,0,0
BRDA:200,18,1,0
BRDA:200,18,2,0
BRDA:200,18,3,0
BRDA:219,19,0,0
BRDA:219,19,1,0
BRDA:234,20,0,0
BRDA:234,20,1,0
BRDA:242,21,0,0
BRDA:242,21,1,0
BRDA:242,21,2,0
BRF:40
BRH:0
end_of_record
TN:
SF:src\components\ServiceAreaCard.tsx
FN:15,(anonymous_0)
FN:22,(anonymous_1)
FN:37,(anonymous_2)
FN:52,(anonymous_3)
FN:57,(anonymous_4)
FNF:5
FNH:0
FNDA:0,(anonymous_0)
FNDA:0,(anonymous_1)
FNDA:0,(anonymous_2)
FNDA:0,(anonymous_3)
FNDA:0,(anonymous_4)
DA:15,0
DA:22,0
DA:23,0
DA:25,0
DA:27,0
DA:29,0
DA:31,0
DA:33,0
DA:37,0
DA:38,0
DA:40,0
DA:42,0
DA:44,0
DA:46,0
DA:48,0
DA:52,0
DA:53,0
DA:54,0
DA:57,0
DA:58,0
DA:61,0
DA:231,0
LF:22
LH:0
BRDA:23,0,0,0
BRDA:23,0,1,0
BRDA:23,0,2,0
BRDA:23,0,3,0
BRDA:23,0,4,0
BRDA:38,1,0,0
BRDA:38,1,1,0
BRDA:38,1,2,0
BRDA:38,1,3,0
BRDA:38,1,4,0
BRDA:53,2,0,0
BRDA:53,2,1,0
BRDA:54,3,0,0
BRDA:54,3,1,0
BRDA:67,4,0,0
BRDA:67,4,1,0
BRDA:73,5,0,0
BRDA:73,5,1,0
BRDA:83,6,0,0
BRDA:83,6,1,0
BRDA:93,7,0,0
BRDA:93,7,1,0
BRDA:99,8,0,0
BRDA:99,8,1,0
BRDA:124,9,0,0
BRDA:124,9,1,0
BRDA:128,10,0,0
BRDA:128,10,1,0
BRDA:134,11,0,0
BRDA:134,11,1,0
BRDA:134,11,2,0
BRDA:138,12,0,0
BRDA:138,12,1,0
BRDA:139,13,0,0
BRDA:139,13,1,0
BRDA:140,14,0,0
BRDA:140,14,1,0
BRDA:175,15,0,0
BRDA:175,15,1,0
BRDA:175,15,2,0
BRDA:175,15,3,0
BRDA:179,16,0,0
BRDA:179,16,1,0
BRDA:186,17,0,0
BRDA:186,17,1,0
BRDA:193,18,0,0
BRDA:193,18,1,0
BRDA:210,19,0,0
BRDA:210,19,1,0
BRDA:213,20,0,0
BRDA:213,20,1,0
BRF:51
BRH:0
end_of_record
TN:
SF:src\components\ServiceErrorBoundary.tsx
FN:22,(anonymous_0)
FN:30,(anonymous_1)
FN:37,(anonymous_2)
FN:52,(anonymous_3)
FN:54,(anonymous_4)
FN:62,(anonymous_5)
FNF:6
FNH:0
FNDA:0,(anonymous_0)
FNDA:0,(anonymous_1)
FNDA:0,(anonymous_2)
FNDA:0,(anonymous_3)
FNDA:0,(anonymous_4)
FNDA:0,(anonymous_5)
DA:20,0
DA:23,0
DA:24,0
DA:31,0
DA:38,0
DA:45,0
DA:46,0
DA:48,0
DA:52,0
DA:53,0
DA:54,0
DA:63,0
DA:64,0
DA:65,0
DA:68,0
DA:70,0
DA:104,0
DA:108,0
LF:18
LH:0
BRDA:45,0,0,0
BRDA:45,0,1,0
BRDA:53,1,0,0
BRDA:53,1,1,0
BRDA:63,2,0,0
BRDA:63,2,1,0
BRDA:64,3,0,0
BRDA:64,3,1,0
BRDA:76,4,0,0
BRDA:76,4,1,0
BRDA:79,5,0,0
BRDA:79,5,1,0
BRDA:87,6,0,0
BRDA:87,6,1,0
BRDA:93,7,0,0
BRDA:93,7,1,0
BRDA:93,7,2,0
BRF:17
BRH:0
end_of_record
TN:
SF:src\components\SkeletonLoader.tsx
FN:12,(anonymous_0)
FN:20,(anonymous_1)
FN:21,(anonymous_2)
FN:41,(anonymous_3)
FN:66,(anonymous_4)
FN:68,(anonymous_5)
FN:79,(anonymous_6)
FN:83,(anonymous_7)
FN:87,(anonymous_8)
FN:105,(anonymous_9)
FN:146,(anonymous_10)
FN:160,(anonymous_11)
FN:168,(anonymous_12)
FNF:13
FNH:0
FNDA:0,(anonymous_0)
FNDA:0,(anonymous_1)
FNDA:0,(anonymous_2)
FNDA:0,(anonymous_3)
FNDA:0,(anonymous_4)
FNDA:0,(anonymous_5)
FNDA:0,(anonymous_6)
FNDA:0,(anonymous_7)
FNDA:0,(anonymous_8)
FNDA:0,(anonymous_9)
FNDA:0,(anonymous_10)
FNDA:0,(anonymous_11)
FNDA:0,(anonymous_12)
DA:12,3
DA:18,0
DA:20,0
DA:21,0
DA:22,0
DA:38,0
DA:39,0
DA:41,0
DA:44,0
DA:49,0
DA:66,3
DA:67,0
DA:69,0
DA:79,3
DA:80,0
DA:83,3
DA:84,0
DA:87,3
DA:88,0
DA:105,3
DA:106,0
DA:146,3
DA:147,0
DA:160,3
DA:161,0
DA:168,3
DA:169,0
DA:188,3
LF:28
LH:10
BRDA:13,0,0,0
BRDA:14,1,0,0
BRDA:15,2,0,0
BRDA:66,3,0,0
BRDA:72,4,0,0
BRDA:72,4,1,0
BRDA:79,5,0,0
BRF:7
BRH:0
end_of_record
TN:
SF:src\components\StripePaymentForm.tsx
FN:19,(anonymous_0)
FN:29,(anonymous_1)
FN:70,(anonymous_2)
FNF:3
FNH:3
FNDA:21,(anonymous_0)
FNDA:4,(anonymous_1)
FNDA:5,(anonymous_2)
DA:19,1
DA:25,21
DA:26,21
DA:27,21
DA:29,21
DA:30,4
DA:31,0
DA:32,0
DA:35,4
DA:36,4
DA:37,4
DA:41,2
DA:42,1
DA:44,1
DA:46,2
DA:50,21
DA:70,5
DA:109,1
LF:18
LH:16
BRDA:30,0,0,0
BRDA:30,0,1,4
BRDA:30,1,0,4
BRDA:30,1,1,4
BRDA:41,2,0,1
BRDA:41,2,1,1
BRDA:42,3,0,1
BRDA:42,3,1,0
BRDA:44,4,0,1
BRDA:44,4,1,0
BRDA:84,5,0,21
BRDA:84,5,1,11
BRDA:88,6,0,21
BRDA:88,6,1,11
BRDA:88,6,2,14
BRDA:91,7,0,21
BRDA:91,7,1,11
BRDA:93,8,0,4
BRDA:93,8,1,17
BRF:19
BRH:16
end_of_record
TN:
SF:src\components\SustainabilityScoreWidget.tsx
FN:31,(anonymous_0)
FN:138,(anonymous_1)
FN:268,(anonymous_2)
FN:297,(anonymous_3)
FN:315,(anonymous_4)
FN:330,(anonymous_5)
FN:441,(anonymous_6)
FNF:7
FNH:0
FNDA:0,(anonymous_0)
FNDA:0,(anonymous_1)
FNDA:0,(anonymous_2)
FNDA:0,(anonymous_3)
FNDA:0,(anonymous_4)
FNDA:0,(anonymous_5)
FNDA:0,(anonymous_6)
DA:31,0
DA:38,0
DA:39,0
DA:44,0
DA:47,0
DA:50,0
DA:52,0
DA:53,0
DA:65,0
DA:66,0
DA:80,0
DA:93,0
DA:94,0
DA:108,0
DA:109,0
DA:110,0
DA:111,0
DA:113,0
DA:114,0
DA:133,0
DA:138,0
DA:269,0
DA:297,0
DA:315,0
DA:330,0
DA:441,0
DA:464,0
LF:27
LH:0
BRDA:34,0,0,0
BRDA:36,1,0,0
BRDA:44,2,0,0
BRDA:44,2,1,0
BRDA:50,3,0,0
BRDA:50,3,1,0
BRDA:52,4,0,0
BRDA:52,4,1,0
BRDA:52,5,0,0
BRDA:52,5,1,0
BRDA:65,6,0,0
BRDA:65,6,1,0
BRDA:65,7,0,0
BRDA:65,7,1,0
BRDA:80,8,0,0
BRDA:80,8,1,0
BRDA:81,9,0,0
BRDA:81,9,1,0
BRDA:88,10,0,0
BRDA:88,10,1,0
BRDA:93,11,0,0
BRDA:93,11,1,0
BRDA:109,12,0,0
BRDA:109,12,1,0
BRDA:113,13,0,0
BRDA:113,13,1,0
BRDA:149,14,0,0
BRDA:149,14,1,0
BRDA:237,15,0,0
BRDA:237,15,1,0
BRDA:237,15,2,0
BRDA:264,16,0,0
BRDA:264,16,1,0
BRDA:267,17,0,0
BRDA:267,17,1,0
BRDA:275,18,0,0
BRDA:275,18,1,0
BRDA:277,19,0,0
BRDA:277,19,1,0
BRDA:291,20,0,0
BRDA:291,20,1,0
BRDA:291,20,2,0
BRDA:296,21,0,0
BRDA:296,21,1,0
BRDA:302,22,0,0
BRDA:302,22,1,0
BRDA:309,23,0,0
BRDA:309,23,1,0
BRDA:313,24,0,0
BRDA:313,24,1,0
BRDA:320,25,0,0
BRDA:320,25,1,0
BRDA:329,26,0,0
BRDA:329,26,1,0
BRDA:335,27,0,0
BRDA:335,27,1,0
BRDA:345,28,0,0
BRDA:345,28,1,0
BRDA:371,29,0,0
BRDA:371,29,1,0
BRDA:387,30,0,0
BRDA:387,30,1,0
BRDA:398,31,0,0
BRDA:398,31,1,0
BRDA:438,32,0,0
BRDA:438,32,1,0
BRDA:444,33,0,0
BRDA:444,33,1,0
BRDA:450,34,0,0
BRDA:450,34,1,0
BRF:70
BRH:0
end_of_record
TN:
SF:src\components\analytics\BusinessDashboard.tsx
FN:44,(anonymous_0)
FN:68,(anonymous_1)
FN:73,(anonymous_2)
FN:75,(anonymous_3)
FN:80,(anonymous_4)
FN:88,(anonymous_5)
FNF:6
FNH:0
FNDA:0,(anonymous_0)
FNDA:0,(anonymous_1)
FNDA:0,(anonymous_2)
FNDA:0,(anonymous_3)
FNDA:0,(anonymous_4)
FNDA:0,(anonymous_5)
DA:19,0
DA:44,0
DA:51,0
DA:53,0
DA:68,0
DA:73,0
DA:74,0
DA:75,0
DA:76,0
DA:80,0
DA:81,0
DA:88,0
DA:89,0
DA:92,0
DA:211,0
LF:15
LH:0
BRDA:48,0,0,0
BRDA:49,1,0,0
BRDA:51,2,0,0
BRDA:51,2,1,0
BRDA:51,3,0,0
BRDA:51,3,1,0
BRDA:57,4,0,0
BRDA:57,4,1,0
BRDA:60,5,0,0
BRDA:60,5,1,0
BRDA:60,6,0,0
BRDA:60,6,1,0
BRDA:71,7,0,0
BRDA:96,8,0,0
BRDA:96,8,1,0
BRDA:103,9,0,0
BRDA:103,9,1,0
BRF:17
BRH:0
end_of_record
TN:
SF:src\components\optimized\OptimizedImage.tsx
FN:52,(anonymous_0)
FN:92,(anonymous_1)
FN:96,(anonymous_2)
FN:103,(anonymous_3)
FN:131,(anonymous_4)
FN:132,(anonymous_5)
FN:140,(anonymous_6)
FN:141,(anonymous_7)
FN:149,(anonymous_8)
FN:150,(anonymous_9)
FN:158,(anonymous_10)
FN:159,(anonymous_11)
FN:170,(anonymous_12)
FN:180,(anonymous_13)
FN:194,(anonymous_14)
FN:210,(anonymous_15)
FN:227,(anonymous_16)
FN:243,(anonymous_17)
FNF:18
FNH:0
FNDA:0,(anonymous_0)
FNDA:0,(anonymous_1)
FNDA:0,(anonymous_2)
FNDA:0,(anonymous_3)
FNDA:0,(anonymous_4)
FNDA:0,(anonymous_5)
FNDA:0,(anonymous_6)
FNDA:0,(anonymous_7)
FNDA:0,(anonymous_8)
FNDA:0,(anonymous_9)
FNDA:0,(anonymous_10)
FNDA:0,(anonymous_11)
FNDA:0,(anonymous_12)
FNDA:0,(anonymous_13)
FNDA:0,(anonymous_14)
FNDA:0,(anonymous_15)
FNDA:0,(anonymous_16)
FNDA:0,(anonymous_17)
DA:52,0
DA:74,0
DA:80,0
DA:86,0
DA:92,0
DA:93,0
DA:96,0
DA:97,0
DA:98,0
DA:100,0
DA:103,0
DA:104,0
DA:105,0
DA:108,0
DA:109,0
DA:113,0
DA:116,0
DA:117,0
DA:120,0
DA:121,0
DA:124,0
DA:131,0
DA:132,0
DA:137,0
DA:140,0
DA:141,0
DA:146,0
DA:149,0
DA:150,0
DA:155,0
DA:158,0
DA:159,0
DA:163,0
DA:170,0
DA:171,0
DA:172,0
DA:180,0
DA:181,0
DA:182,0
DA:185,0
DA:194,0
DA:195,0
DA:196,0
DA:199,0
DA:210,0
DA:211,0
DA:212,0
DA:215,0
DA:227,0
DA:228,0
DA:230,0
DA:231,0
DA:234,0
DA:235,0
DA:240,0
DA:243,0
DA:244,0
DA:246,0
DA:255,0
DA:258,0
DA:259,0
DA:267,0
DA:268,0
DA:276,0
DA:277,0
DA:285,0
DA:314,0
DA:320,0
LF:68
LH:0
BRDA:57,0,0,0
BRDA:67,1,0,0
BRDA:68,2,0,0
BRDA:69,3,0,0
BRDA:70,4,0,0
BRDA:71,5,0,0
BRDA:72,6,0,0
BRDA:93,7,0,0
BRDA:93,7,1,0
BRDA:97,8,0,0
BRDA:97,8,1,0
BRDA:97,9,0,0
BRDA:97,9,1,0
BRDA:104,10,0,0
BRDA:104,10,1,0
BRDA:108,11,0,0
BRDA:108,11,1,0
BRDA:120,12,0,0
BRDA:120,12,1,0
BRDA:171,13,0,0
BRDA:171,13,1,0
BRDA:171,14,0,0
BRDA:171,14,1,0
BRDA:171,14,2,0
BRDA:181,15,0,0
BRDA:181,15,1,0
BRDA:195,16,0,0
BRDA:195,16,1,0
BRDA:211,17,0,0
BRDA:211,17,1,0
BRDA:230,18,0,0
BRDA:230,18,1,0
BRDA:230,19,0,0
BRDA:230,19,1,0
BRDA:234,20,0,0
BRDA:234,20,1,0
BRDA:244,21,0,0
BRDA:244,21,1,0
BRDA:258,22,0,0
BRDA:258,22,1,0
BRDA:258,23,0,0
BRDA:258,23,1,0
BRDA:258,23,2,0
BRDA:267,24,0,0
BRDA:267,24,1,0
BRDA:267,25,0,0
BRDA:267,25,1,0
BRDA:276,26,0,0
BRDA:276,26,1,0
BRDA:299,27,0,0
BRDA:299,27,1,0
BRDA:300,28,0,0
BRDA:300,28,1,0
BRDA:302,29,0,0
BRDA:302,29,1,0
BRDA:305,30,0,0
BRDA:305,30,1,0
BRF:57
BRH:0
end_of_record
TN:
SF:src\components\optimized\OptimizedList.tsx
FN:46,(anonymous_0)
FN:81,(anonymous_1)
FN:91,(anonymous_2)
FN:104,(anonymous_3)
FN:110,(anonymous_4)
FN:118,(anonymous_5)
FN:131,(anonymous_6)
FN:145,(anonymous_7)
FN:153,(anonymous_8)
FN:165,(anonymous_9)
FNF:10
FNH:0
FNDA:0,(anonymous_0)
FNDA:0,(anonymous_1)
FNDA:0,(anonymous_2)
FNDA:0,(anonymous_3)
FNDA:0,(anonymous_4)
FNDA:0,(anonymous_5)
FNDA:0,(anonymous_6)
FNDA:0,(anonymous_7)
FNDA:0,(anonymous_8)
FNDA:0,(anonymous_9)
DA:46,0
DA:68,0
DA:74,0
DA:80,0
DA:82,0
DA:83,0
DA:85,0
DA:90,0
DA:92,0
DA:93,0
DA:103,0
DA:109,0
DA:118,0
DA:119,0
DA:121,0
DA:131,0
DA:132,0
DA:133,0
DA:140,0
DA:145,0
DA:146,0
DA:148,0
DA:153,0
DA:154,0
DA:156,0
DA:165,0
DA:243,0
DA:246,0
DA:252,0
LF:29
LH:0
BRDA:51,0,0,0
BRDA:52,1,0,0
BRDA:54,2,0,0
BRDA:56,3,0,0
BRDA:62,4,0,0
BRDA:63,5,0,0
BRDA:66,6,0,0
BRDA:75,7,0,0
BRDA:75,7,1,0
BRDA:82,8,0,0
BRDA:82,8,1,0
BRDA:92,9,0,0
BRDA:92,9,1,0
BRDA:104,10,0,0
BRDA:104,10,1,0
BRDA:110,11,0,0
BRDA:110,11,1,0
BRDA:119,12,0,0
BRDA:119,12,1,0
BRDA:132,13,0,0
BRDA:132,13,1,0
BRDA:140,14,0,0
BRDA:140,14,1,0
BRDA:146,15,0,0
BRDA:146,15,1,0
BRDA:148,16,0,0
BRDA:148,16,1,0
BRDA:154,17,0,0
BRDA:154,17,1,0
BRDA:156,18,0,0
BRDA:156,18,1,0
BRDA:170,19,0,0
BRDA:170,19,1,0
BRDA:180,20,0,0
BRDA:180,20,1,0
BRDA:181,21,0,0
BRDA:181,21,1,0
BRDA:182,22,0,0
BRDA:182,22,1,0
BRDA:194,23,0,0
BRDA:194,23,1,0
BRDA:206,24,0,0
BRDA:206,24,1,0
BRDA:213,25,0,0
BRDA:213,25,1,0
BRF:45
BRH:0
end_of_record
TN:
SF:src\components\ui\Button.tsx
FN:39,(anonymous_0)
FNF:1
FNH:1
FNDA:151,(anonymous_0)
DA:39,4
DA:56,151
DA:57,151
DA:58,151
DA:59,151
DA:60,151
DA:62,151
DA:112,4
LF:8
LH:8
BRDA:42,0,0,0
BRDA:43,1,0,0
BRDA:44,2,0,0
BRDA:49,3,0,0
BRDA:50,4,0,151
BRDA:52,5,0,151
BRDA:53,6,0,151
BRDA:57,7,0,151
BRDA:57,7,1,0
BRDA:58,8,0,151
BRDA:58,8,1,0
BRDA:59,9,0,151
BRDA:59,9,1,0
BRDA:65,10,0,151
BRDA:65,10,1,144
BRDA:67,11,0,151
BRDA:67,11,1,70
BRDA:68,12,0,151
BRDA:68,12,1,81
BRDA:68,13,0,81
BRDA:68,13,1,79
BRDA:72,14,0,0
BRDA:72,14,1,151
BRDA:73,15,0,151
BRDA:73,15,1,0
BRDA:77,16,0,151
BRDA:77,16,1,0
BRDA:79,17,0,7
BRDA:79,17,1,144
BRDA:80,18,0,151
BRDA:80,18,1,0
BRDA:84,19,0,7
BRDA:84,19,1,144
BRDA:86,20,0,0
BRDA:86,20,1,144
BRDA:90,21,0,0
BRDA:90,21,1,144
BRDA:90,22,0,144
BRDA:90,22,1,0
BRDA:97,23,0,144
BRDA:97,23,1,0
BRDA:103,24,0,0
BRDA:103,24,1,144
BRDA:103,25,0,144
BRDA:103,25,1,0
BRF:45
BRH:28
end_of_record
TN:
SF:src\components\ui\Card.tsx
FN:13,(anonymous_0)
FNF:1
FNH:0
FNDA:0,(anonymous_0)
DA:13,0
DA:18,0
DA:19,0
DA:22,0
LF:4
LH:0
BRDA:15,0,0,0
BRF:1
BRH:0
end_of_record
TN:
SF:src\components\ui\Input.tsx
FN:19,(anonymous_0)
FNF:1
FNH:0
FNDA:0,(anonymous_0)
DA:18,0
DA:20,0
DA:21,0
DA:46,0
LF:4
LH:0
BRDA:19,0,0,0
BRDA:33,1,0,0
BRDA:33,1,1,0
BRDA:37,2,0,0
BRDA:37,2,1,0
BRF:5
BRH:0
end_of_record
TN:
SF:src\config\environment.ts
FN:41,(anonymous_0)
FN:50,(anonymous_1)
FN:60,(anonymous_2)
FN:77,(anonymous_3)
FN:148,(anonymous_4)
FN:199,(anonymous_5)
FN:212,(anonymous_6)
FN:213,(anonymous_7)
FN:214,(anonymous_8)
FN:235,(anonymous_9)
FNF:10
FNH:0
FNDA:0,(anonymous_0)
FNDA:0,(anonymous_1)
FNDA:0,(anonymous_2)
FNDA:0,(anonymous_3)
FNDA:0,(anonymous_4)
FNDA:0,(anonymous_5)
FNDA:0,(anonymous_6)
FNDA:0,(anonymous_7)
FNDA:0,(anonymous_8)
FNDA:0,(anonymous_9)
DA:41,0
DA:45,0
DA:46,0
DA:50,0
DA:54,0
DA:55,0
DA:56,0
DA:60,0
DA:62,0
DA:66,0
DA:68,0
DA:70,0
DA:72,0
DA:77,0
DA:78,0
DA:80,0
DA:145,0
DA:148,0
DA:149,0
DA:152,0
DA:153,0
DA:156,0
DA:157,0
DA:161,0
DA:162,0
DA:163,0
DA:168,0
DA:169,0
DA:174,0
DA:175,0
DA:180,0
DA:181,0
DA:183,0
DA:186,0
DA:187,0
DA:189,0
DA:192,0
DA:199,0
DA:209,0
DA:212,0
DA:213,0
DA:214,0
DA:217,0
DA:218,0
DA:232,0
DA:233,0
DA:234,0
DA:235,0
DA:237,0
LF:49
LH:0
BRDA:43,0,0,0
BRDA:45,1,0,0
BRDA:45,1,1,0
BRDA:54,2,0,0
BRDA:54,2,1,0
BRDA:56,3,0,0
BRDA:56,3,1,0
BRDA:62,4,0,0
BRDA:62,4,1,0
BRDA:62,4,2,0
BRDA:66,5,0,0
BRDA:66,5,1,0
BRDA:66,5,2,0
BRDA:82,6,0,0
BRDA:82,6,1,0
BRDA:83,7,0,0
BRDA:83,7,1,0
BRDA:88,8,0,0
BRDA:88,8,1,0
BRDA:89,9,0,0
BRDA:89,9,1,0
BRDA:91,10,0,0
BRDA:91,10,1,0
BRDA:97,11,0,0
BRDA:97,11,1,0
BRDA:98,12,0,0
BRDA:98,12,1,0
BRDA:129,13,0,0
BRDA:129,13,1,0
BRDA:133,14,0,0
BRDA:133,14,1,0
BRDA:152,15,0,0
BRDA:152,15,1,0
BRDA:156,16,0,0
BRDA:156,16,1,0
BRDA:161,17,0,0
BRDA:161,17,1,0
BRDA:162,18,0,0
BRDA:162,18,1,0
BRDA:162,19,0,0
BRDA:162,19,1,0
BRDA:168,20,0,0
BRDA:168,20,1,0
BRDA:174,21,0,0
BRDA:174,21,1,0
BRDA:217,22,0,0
BRDA:217,22,1,0
BRDA:233,23,0,0
BRDA:233,23,1,0
BRF:49
BRH:0
end_of_record
TN:
SF:src\config\links.ts
FNF:0
FNH:0
DA:1,0
LF:1
LH:0
BRDA:3,0,0,0
BRDA:3,0,1,0
BRDA:6,1,0,0
BRDA:6,1,1,0
BRDA:9,2,0,0
BRDA:9,2,1,0
BRDA:11,3,0,0
BRDA:11,3,1,0
BRF:8
BRH:0
end_of_record
TN:
SF:src\config\sentry.ts
FN:7,(anonymous_0)
FN:16,(anonymous_1)
FN:17,(anonymous_2)
FN:18,(anonymous_3)
FN:29,(anonymous_4)
FN:46,(anonymous_5)
FN:60,(anonymous_6)
FN:75,(anonymous_7)
FN:94,(anonymous_8)
FN:109,(anonymous_9)
FN:124,(anonymous_10)
FN:127,(anonymous_11)
FN:172,(anonymous_12)
FN:186,(anonymous_13)
FN:197,(anonymous_14)
FN:213,(anonymous_15)
FN:230,(anonymous_16)
FN:238,(anonymous_17)
FNF:18
FNH:0
FNDA:0,(anonymous_0)
FNDA:0,(anonymous_1)
FNDA:0,(anonymous_2)
FNDA:0,(anonymous_3)
FNDA:0,(anonymous_4)
FNDA:0,(anonymous_5)
FNDA:0,(anonymous_6)
FNDA:0,(anonymous_7)
FNDA:0,(anonymous_8)
FNDA:0,(anonymous_9)
FNDA:0,(anonymous_10)
FNDA:0,(anonymous_11)
FNDA:0,(anonymous_12)
FNDA:0,(anonymous_13)
FNDA:0,(anonymous_14)
FNDA:0,(anonymous_15)
FNDA:0,(anonymous_16)
FNDA:0,(anonymous_17)
DA:7,0
DA:9,0
DA:10,0
DA:15,0
DA:20,0
DA:24,0
DA:31,0
DA:32,0
DA:34,0
DA:39,0
DA:46,0
DA:47,0
DA:51,0
DA:52,0
DA:55,0
DA:60,0
DA:64,0
DA:68,0
DA:69,0
DA:72,0
DA:75,0
DA:76,0
DA:77,0
DA:84,0
DA:90,0
DA:94,0
DA:99,0
DA:109,0
DA:110,0
DA:114,0
DA:115,0
DA:118,0
DA:124,0
DA:127,0
DA:132,0
DA:134,0
DA:135,0
DA:136,0
DA:138,0
DA:142,0
DA:150,0
DA:152,0
DA:154,0
DA:158,0
DA:166,0
DA:167,0
DA:172,0
DA:173,0
DA:174,0
DA:176,0
DA:177,0
DA:185,0
DA:187,0
DA:188,0
DA:189,0
DA:198,0
DA:199,0
DA:200,0
DA:207,0
DA:213,0
DA:217,0
DA:222,0
DA:230,0
DA:234,0
DA:238,0
DA:239,0
LF:66
LH:0
BRDA:9,0,0,0
BRDA:9,0,1,0
BRDA:9,1,0,0
BRDA:9,1,1,0
BRDA:31,2,0,0
BRDA:31,2,1,0
BRDA:47,3,0,0
BRDA:47,3,1,0
BRDA:48,4,0,0
BRDA:48,4,1,0
BRDA:62,5,0,0
BRDA:64,6,0,0
BRDA:64,6,1,0
BRDA:65,7,0,0
BRDA:65,7,1,0
BRDA:76,8,0,0
BRDA:76,8,1,0
BRDA:101,9,0,0
BRDA:101,9,1,0
BRDA:110,10,0,0
BRDA:110,10,1,0
BRDA:111,11,0,0
BRDA:111,11,1,0
BRDA:130,12,0,0
BRDA:138,13,0,0
BRDA:138,13,1,0
BRDA:139,14,0,0
BRDA:139,14,1,0
BRDA:154,15,0,0
BRDA:154,15,1,0
BRDA:155,16,0,0
BRDA:155,16,1,0
BRDA:176,17,0,0
BRDA:176,17,1,0
BRDA:188,18,0,0
BRDA:188,18,1,0
BRDA:199,19,0,0
BRDA:199,19,1,0
BRDA:201,20,0,0
BRDA:201,20,1,0
BRF:40
BRH:0
end_of_record
TN:
SF:src\config\supabase.ts
FN:25,(anonymous_0)
FN:30,(anonymous_1)
FN:35,(anonymous_2)
FN:36,(anonymous_3)
FN:38,(anonymous_4)
FN:40,(anonymous_5)
FN:41,(anonymous_6)
FN:42,(anonymous_7)
FN:43,(anonymous_8)
FN:50,(anonymous_9)
FN:55,(anonymous_10)
FN:60,(anonymous_11)
FNF:12
FNH:0
FNDA:0,(anonymous_0)
FNDA:0,(anonymous_1)
FNDA:0,(anonymous_2)
FNDA:0,(anonymous_3)
FNDA:0,(anonymous_4)
FNDA:0,(anonymous_5)
FNDA:0,(anonymous_6)
FNDA:0,(anonymous_7)
FNDA:0,(anonymous_8)
FNDA:0,(anonymous_9)
FNDA:0,(anonymous_10)
FNDA:0,(anonymous_11)
DA:5,16
DA:6,16
DA:10,16
DA:11,16
DA:18,16
DA:20,0
DA:23,0
DA:26,0
DA:31,0
DA:35,0
DA:37,0
DA:38,0
DA:40,0
DA:41,0
DA:42,0
DA:44,0
DA:51,0
DA:56,0
DA:61,0
DA:68,0
LF:20
LH:5
BRDA:5,0,0,16
BRDA:5,0,1,0
BRDA:6,1,0,16
BRDA:6,1,1,0
BRF:4
BRH:2
end_of_record
TN:
SF:src\contexts\AppStateContext.tsx
FN:78,(anonymous_0)
FN:114,(anonymous_1)
FN:144,(anonymous_2)
FN:154,(anonymous_3)
FN:155,(anonymous_4)
FN:164,(anonymous_5)
FN:249,(anonymous_6)
FN:256,(anonymous_7)
FN:260,(anonymous_8)
FN:264,(anonymous_9)
FN:268,(anonymous_10)
FN:276,(anonymous_11)
FN:280,(anonymous_12)
FN:284,(anonymous_13)
FN:288,(anonymous_14)
FN:292,(anonymous_15)
FN:296,(anonymous_16)
FN:300,(anonymous_17)
FN:304,(anonymous_18)
FN:308,(anonymous_19)
FN:312,(anonymous_20)
FN:316,(anonymous_21)
FN:324,(anonymous_22)
FN:325,(anonymous_23)
FN:328,(anonymous_24)
FN:332,(anonymous_25)
FN:336,(anonymous_26)
FN:337,(anonymous_27)
FN:344,(anonymous_28)
FN:404,(anonymous_29)
FN:416,(anonymous_30)
FN:418,(anonymous_31)
FN:422,(anonymous_32)
FN:422,(anonymous_33)
FN:423,(anonymous_34)
FN:423,(anonymous_35)
FN:424,(anonymous_36)
FN:424,(anonymous_37)
FN:425,(anonymous_38)
FN:425,(anonymous_39)
FN:426,(anonymous_40)
FN:426,(anonymous_41)
FN:427,(anonymous_42)
FN:427,(anonymous_43)
FN:428,(anonymous_44)
FN:428,(anonymous_45)
FN:429,(anonymous_46)
FN:429,(anonymous_47)
FN:430,(anonymous_48)
FN:430,(anonymous_49)
FNF:50
FNH:0
FNDA:0,(anonymous_0)
FNDA:0,(anonymous_1)
FNDA:0,(anonymous_2)
FNDA:0,(anonymous_3)
FNDA:0,(anonymous_4)
FNDA:0,(anonymous_5)
FNDA:0,(anonymous_6)
FNDA:0,(anonymous_7)
FNDA:0,(anonymous_8)
FNDA:0,(anonymous_9)
FNDA:0,(anonymous_10)
FNDA:0,(anonymous_11)
FNDA:0,(anonymous_12)
FNDA:0,(anonymous_13)
FNDA:0,(anonymous_14)
FNDA:0,(anonymous_15)
FNDA:0,(anonymous_16)
FNDA:0,(anonymous_17)
FNDA:0,(anonymous_18)
FNDA:0,(anonymous_19)
FNDA:0,(anonymous_20)
FNDA:0,(anonymous_21)
FNDA:0,(anonymous_22)
FNDA:0,(anonymous_23)
FNDA:0,(anonymous_24)
FNDA:0,(anonymous_25)
FNDA:0,(anonymous_26)
FNDA:0,(anonymous_27)
FNDA:0,(anonymous_28)
FNDA:0,(anonymous_29)
FNDA:0,(anonymous_30)
FNDA:0,(anonymous_31)
FNDA:0,(anonymous_32)
FNDA:0,(anonymous_33)
FNDA:0,(anonymous_34)
FNDA:0,(anonymous_35)
FNDA:0,(anonymous_36)
FNDA:0,(anonymous_37)
FNDA:0,(anonymous_38)
FNDA:0,(anonymous_39)
FNDA:0,(anonymous_40)
FNDA:0,(anonymous_41)
FNDA:0,(anonymous_42)
FNDA:0,(anonymous_43)
FNDA:0,(anonymous_44)
FNDA:0,(anonymous_45)
FNDA:0,(anonymous_46)
FNDA:0,(anonymous_47)
FNDA:0,(anonymous_48)
FNDA:0,(anonymous_49)
DA:53,0
DA:78,0
DA:79,0
DA:81,0
DA:88,0
DA:94,0
DA:100,0
DA:106,0
DA:112,0
DA:114,0
DA:118,0
DA:124,0
DA:130,0
DA:136,0
DA:142,0
DA:145,0
DA:152,0
DA:154,0
DA:155,0
DA:159,0
DA:160,0
DA:161,0
DA:164,0
DA:169,0
DA:170,0
DA:171,0
DA:173,0
DA:179,0
DA:185,0
DA:191,0
DA:197,0
DA:203,0
DA:243,0
DA:249,0
DA:250,0
DA:256,0
DA:257,0
DA:260,0
DA:261,0
DA:264,0
DA:265,0
DA:268,0
DA:269,0
DA:270,0
DA:276,0
DA:277,0
DA:280,0
DA:281,0
DA:284,0
DA:285,0
DA:288,0
DA:289,0
DA:292,0
DA:293,0
DA:296,0
DA:297,0
DA:300,0
DA:301,0
DA:304,0
DA:305,0
DA:308,0
DA:309,0
DA:312,0
DA:313,0
DA:316,0
DA:317,0
DA:324,0
DA:325,0
DA:328,0
DA:329,0
DA:332,0
DA:333,0
DA:336,0
DA:337,0
DA:344,0
DA:393,0
DA:404,0
DA:405,0
DA:406,0
DA:407,0
DA:409,0
DA:416,0
DA:417,0
DA:418,0
DA:422,0
DA:423,0
DA:424,0
DA:425,0
DA:426,0
DA:427,0
DA:428,0
DA:429,0
DA:430,0
LF:93
LH:0
BRDA:79,0,0,0
BRDA:79,0,1,0
BRDA:79,0,2,0
BRDA:79,0,3,0
BRDA:79,0,4,0
BRDA:79,0,5,0
BRDA:79,0,6,0
BRDA:79,0,7,0
BRDA:79,0,8,0
BRDA:79,0,9,0
BRDA:79,0,10,0
BRDA:79,0,11,0
BRDA:79,0,12,0
BRDA:79,0,13,0
BRDA:79,0,14,0
BRDA:79,0,15,0
BRDA:79,0,16,0
BRDA:79,0,17,0
BRDA:79,0,18,0
BRDA:145,1,0,0
BRDA:145,1,1,0
BRDA:163,2,0,0
BRDA:163,2,1,0
BRDA:170,3,0,0
BRDA:170,3,1,0
BRDA:170,4,0,0
BRDA:170,4,1,0
BRDA:406,5,0,0
BRDA:406,5,1,0
BRF:29
BRH:0
end_of_record
TN:
SF:src\contexts\AuthContext-fallback.tsx
FN:31,(anonymous_0)
FN:38,(anonymous_1)
FN:41,(anonymous_2)
FN:44,(anonymous_3)
FN:47,(anonymous_4)
FN:50,(anonymous_5)
FN:51,(anonymous_6)
FN:52,(anonymous_7)
FN:55,(anonymous_8)
FN:67,(anonymous_9)
FN:73,(anonymous_10)
FN:75,(anonymous_11)
FN:84,(anonymous_12)
FN:94,(anonymous_13)
FN:99,(anonymous_14)
FN:120,(anonymous_15)
FN:152,(anonymous_16)
FN:159,(anonymous_17)
FN:168,(anonymous_18)
FN:175,(anonymous_19)
FN:182,(anonymous_20)
FN:183,(anonymous_21)
FNF:22
FNH:10
FNDA:56,(anonymous_0)
FNDA:0,(anonymous_1)
FNDA:0,(anonymous_2)
FNDA:0,(anonymous_3)
FNDA:0,(anonymous_4)
FNDA:0,(anonymous_5)
FNDA:0,(anonymous_6)
FNDA:0,(anonymous_7)
FNDA:0,(anonymous_8)
FNDA:65,(anonymous_9)
FNDA:27,(anonymous_10)
FNDA:27,(anonymous_11)
FNDA:27,(anonymous_12)
FNDA:27,(anonymous_13)
FNDA:3,(anonymous_14)
FNDA:3,(anonymous_15)
FNDA:1,(anonymous_16)
FNDA:1,(anonymous_17)
FNDA:0,(anonymous_18)
FNDA:0,(anonymous_19)
FNDA:0,(anonymous_20)
FNDA:0,(anonymous_21)
DA:29,11
DA:31,11
DA:32,56
DA:33,56
DA:35,0
DA:39,0
DA:42,0
DA:45,0
DA:48,0
DA:50,0
DA:51,0
DA:53,0
DA:56,0
DA:60,56
DA:67,11
DA:68,65
DA:69,65
DA:70,65
DA:73,65
DA:74,27
DA:75,27
DA:76,27
DA:77,27
DA:78,27
DA:79,27
DA:81,27
DA:84,27
DA:85,27
DA:86,27
DA:87,27
DA:89,0
DA:92,27
DA:93,27
DA:94,27
DA:95,27
DA:99,65
DA:100,3
DA:101,3
DA:102,3
DA:103,2
DA:104,2
DA:105,0
DA:107,2
DA:109,2
DA:110,2
DA:111,2
DA:112,1
DA:116,3
DA:120,65
DA:129,3
DA:130,3
DA:131,3
DA:138,2
DA:139,2
DA:141,2
DA:142,2
DA:143,2
DA:144,0
DA:148,3
DA:152,65
DA:153,1
DA:154,1
DA:155,1
DA:156,1
DA:159,65
DA:161,1
DA:162,1
DA:163,1
DA:164,1
DA:168,65
DA:169,0
DA:170,0
DA:172,0
DA:175,65
DA:176,0
DA:177,0
DA:179,0
DA:182,65
DA:183,65
DA:185,65
DA:198,65
LF:81
LH:63
BRDA:33,0,0,0
BRDA:33,0,1,56
BRDA:78,1,0,0
BRDA:78,1,1,27
BRDA:81,2,0,27
BRDA:81,2,1,0
BRDA:87,3,0,27
BRDA:87,3,1,0
BRDA:89,4,0,0
BRDA:89,4,1,0
BRDA:104,5,0,0
BRDA:104,5,1,2
BRDA:111,6,0,1
BRDA:111,6,1,1
BRDA:143,7,0,0
BRDA:143,7,1,2
BRDA:162,8,0,1
BRDA:162,8,1,0
BRF:18
BRH:9
end_of_record
TN:
SF:src\contexts\AuthContext.tsx
FN:20,(anonymous_0)
FN:21,(anonymous_1)
FN:22,(anonymous_2)
FN:24,(anonymous_3)
FN:29,(anonymous_4)
FN:30,(anonymous_5)
FN:31,(anonymous_6)
FN:32,(anonymous_7)
FN:69,(anonymous_8)
FN:81,(anonymous_9)
FN:87,(anonymous_10)
FN:95,(anonymous_11)
FN:103,(anonymous_12)
FN:114,(anonymous_13)
FN:124,(anonymous_14)
FN:127,(anonymous_15)
FN:143,(anonymous_16)
FN:144,(anonymous_17)
FN:148,(anonymous_18)
FN:154,(anonymous_19)
FN:185,(anonymous_20)
FN:188,(anonymous_21)
FN:203,(anonymous_22)
FN:204,(anonymous_23)
FN:208,(anonymous_24)
FN:225,(anonymous_25)
FN:250,(anonymous_26)
FN:253,(anonymous_27)
FN:269,(anonymous_28)
FN:270,(anonymous_29)
FN:274,(anonymous_30)
FN:282,(anonymous_31)
FN:315,(anonymous_32)
FN:330,(anonymous_33)
FN:343,(anonymous_34)
FN:347,(anonymous_35)
FN:351,(anonymous_36)
FN:362,(anonymous_37)
FN:373,(anonymous_38)
FNF:39
FNH:0
FNDA:0,(anonymous_0)
FNDA:0,(anonymous_1)
FNDA:0,(anonymous_2)
FNDA:0,(anonymous_3)
FNDA:0,(anonymous_4)
FNDA:0,(anonymous_5)
FNDA:0,(anonymous_6)
FNDA:0,(anonymous_7)
FNDA:0,(anonymous_8)
FNDA:0,(anonymous_9)
FNDA:0,(anonymous_10)
FNDA:0,(anonymous_11)
FNDA:0,(anonymous_12)
FNDA:0,(anonymous_13)
FNDA:0,(anonymous_14)
FNDA:0,(anonymous_15)
FNDA:0,(anonymous_16)
FNDA:0,(anonymous_17)
FNDA:0,(anonymous_18)
FNDA:0,(anonymous_19)
FNDA:0,(anonymous_20)
FNDA:0,(anonymous_21)
FNDA:0,(anonymous_22)
FNDA:0,(anonymous_23)
FNDA:0,(anonymous_24)
FNDA:0,(anonymous_25)
FNDA:0,(anonymous_26)
FNDA:0,(anonymous_27)
FNDA:0,(anonymous_28)
FNDA:0,(anonymous_29)
FNDA:0,(anonymous_30)
FNDA:0,(anonymous_31)
FNDA:0,(anonymous_32)
FNDA:0,(anonymous_33)
FNDA:0,(anonymous_34)
FNDA:0,(anonymous_35)
FNDA:0,(anonymous_36)
FNDA:0,(anonymous_37)
FNDA:0,(anonymous_38)
DA:16,0
DA:17,0
DA:18,0
DA:19,0
DA:24,0
DA:27,0
DA:28,0
DA:32,0
DA:41,0
DA:67,0
DA:69,0
DA:70,0
DA:71,0
DA:72,0
DA:74,0
DA:81,0
DA:82,0
DA:83,0
DA:84,0
DA:85,0
DA:87,0
DA:89,0
DA:92,0
DA:95,0
DA:96,0
DA:100,0
DA:103,0
DA:104,0
DA:105,0
DA:106,0
DA:107,0
DA:110,0
DA:114,0
DA:115,0
DA:116,0
DA:117,0
DA:119,0
DA:120,0
DA:124,0
DA:125,0
DA:126,0
DA:127,0
DA:131,0
DA:132,0
DA:134,0
DA:135,0
DA:136,0
DA:139,0
DA:142,0
DA:143,0
DA:144,0
DA:148,0
DA:149,0
DA:150,0
DA:152,0
DA:153,0
DA:154,0
DA:161,0
DA:162,0
DA:165,0
DA:168,0
DA:169,0
DA:171,0
DA:172,0
DA:176,0
DA:177,0
DA:180,0
DA:185,0
DA:186,0
DA:189,0
DA:196,0
DA:200,0
DA:202,0
DA:203,0
DA:204,0
DA:208,0
DA:217,0
DA:218,0
DA:223,0
DA:224,0
DA:226,0
DA:237,0
DA:238,0
DA:239,0
DA:241,0
DA:242,0
DA:246,0
DA:249,0
DA:250,0
DA:251,0
DA:254,0
DA:261,0
DA:266,0
DA:268,0
DA:269,0
DA:270,0
DA:274,0
DA:275,0
DA:276,0
DA:277,0
DA:281,0
DA:282,0
DA:287,0
DA:288,0
DA:291,0
DA:292,0
DA:293,0
DA:294,0
DA:295,0
DA:296,0
DA:298,0
DA:301,0
DA:304,0
DA:306,0
DA:310,0
DA:315,0
DA:316,0
DA:317,0
DA:318,0
DA:321,0
DA:322,0
DA:323,0
DA:324,0
DA:325,0
DA:328,0
DA:329,0
DA:330,0
DA:332,0
DA:336,0
DA:339,0
DA:343,0
DA:344,0
DA:347,0
DA:348,0
DA:351,0
DA:352,0
DA:353,0
DA:358,0
DA:359,0
DA:362,0
DA:363,0
DA:366,0
DA:375,0
DA:376,0
DA:387,0
LF:145
LH:0
BRDA:20,0,0,0
BRDA:20,0,1,0
BRDA:21,1,0,0
BRDA:21,1,1,0
BRDA:22,2,0,0
BRDA:22,2,1,0
BRDA:24,3,0,0
BRDA:24,3,1,0
BRDA:71,4,0,0
BRDA:71,4,1,0
BRDA:106,5,0,0
BRDA:106,5,1,0
BRDA:134,6,0,0
BRDA:134,6,1,0
BRDA:161,7,0,0
BRDA:161,7,1,0
BRDA:171,8,0,0
BRDA:171,8,1,0
BRDA:180,9,0,0
BRDA:180,9,1,0
BRDA:181,10,0,0
BRDA:181,10,1,0
BRDA:241,11,0,0
BRDA:241,11,1,0
BRDA:249,12,0,0
BRDA:249,12,1,0
BRDA:318,13,0,0
BRDA:318,13,1,0
BRDA:322,14,0,0
BRDA:322,14,1,0
BRDA:322,15,0,0
BRDA:322,15,1,0
BRDA:352,16,0,0
BRDA:352,16,1,0
BRDA:375,17,0,0
BRDA:375,17,1,0
BRF:36
BRH:0
end_of_record
TN:
SF:src\hooks\useAIPricing.ts
FN:16,(anonymous_0)
FN:27,(anonymous_1)
FN:33,(anonymous_2)
FN:34,(anonymous_3)
FN:36,(anonymous_4)
FN:47,(anonymous_5)
FN:50,(anonymous_6)
FN:61,(anonymous_7)
FN:74,(anonymous_8)
FN:77,(anonymous_9)
FN:88,(anonymous_10)
FN:96,(anonymous_11)
FN:144,(anonymous_12)
FN:153,(anonymous_13)
FN:155,(anonymous_14)
FN:165,(anonymous_15)
FN:193,(anonymous_16)
FNF:17
FNH:9
FNDA:34,(anonymous_0)
FNDA:9,(anonymous_1)
FNDA:9,(anonymous_2)
FNDA:9,(anonymous_3)
FNDA:9,(anonymous_4)
FNDA:0,(anonymous_5)
FNDA:0,(anonymous_6)
FNDA:0,(anonymous_7)
FNDA:0,(anonymous_8)
FNDA:0,(anonymous_9)
FNDA:0,(anonymous_10)
FNDA:0,(anonymous_11)
FNDA:10,(anonymous_12)
FNDA:84,(anonymous_13)
FNDA:30,(anonymous_14)
FNDA:0,(anonymous_15)
FNDA:10,(anonymous_16)
DA:16,1
DA:17,34
DA:23,34
DA:26,34
DA:28,9
DA:31,9
DA:34,9
DA:37,9
DA:42,9
DA:49,0
DA:50,0
DA:55,0
DA:60,34
DA:62,0
DA:63,0
DA:64,0
DA:66,0
DA:67,0
DA:74,34
DA:75,0
DA:79,0
DA:87,34
DA:89,0
DA:95,34
DA:101,0
DA:109,0
DA:110,0
DA:111,0
DA:117,0
DA:119,0
DA:132,0
DA:133,0
DA:144,34
DA:145,10
DA:153,84
DA:155,30
DA:164,34
DA:166,0
DA:169,0
DA:170,0
DA:173,0
DA:177,0
DA:182,0
DA:183,0
DA:186,0
DA:192,34
DA:194,10
DA:196,10
DA:197,0
DA:201,10
DA:202,0
DA:208,10
DA:214,10
DA:218,6
DA:225,10
DA:226,6
DA:232,10
DA:237,34
LF:58
LH:29
BRDA:49,0,0,0
BRDA:49,0,1,0
BRDA:132,1,0,0
BRDA:132,1,1,0
BRDA:157,2,0,10
BRDA:157,2,1,20
BRDA:169,3,0,0
BRDA:169,3,1,0
BRDA:169,4,0,0
BRDA:169,4,1,0
BRDA:173,5,0,0
BRDA:173,5,1,0
BRDA:174,6,0,0
BRDA:174,6,1,0
BRDA:182,7,0,0
BRDA:182,7,1,0
BRDA:196,8,0,0
BRDA:196,8,1,10
BRDA:196,9,0,10
BRDA:196,9,1,0
BRDA:201,10,0,0
BRDA:201,10,1,10
BRDA:201,11,0,10
BRDA:201,11,1,0
BRDA:214,12,0,6
BRDA:214,12,1,4
BRDA:215,13,0,10
BRDA:215,13,1,4
BRDA:225,14,0,6
BRDA:225,14,1,4
BRDA:240,15,0,34
BRDA:240,15,1,34
BRF:32
BRH:14
end_of_record
TN:
SF:src\hooks\useAccessibility.ts
FN:49,(anonymous_0)
FN:64,(anonymous_1)
FN:65,(anonymous_2)
FN:112,(anonymous_3)
FN:113,(anonymous_4)
FN:119,(anonymous_5)
FN:120,(anonymous_6)
FN:122,(anonymous_7)
FN:123,(anonymous_8)
FN:125,(anonymous_9)
FN:126,(anonymous_10)
FN:128,(anonymous_11)
FN:129,(anonymous_12)
FN:131,(anonymous_13)
FN:132,(anonymous_14)
FN:137,(anonymous_15)
FN:138,(anonymous_16)
FN:146,(anonymous_17)
FN:152,(anonymous_18)
FN:162,(anonymous_19)
FN:178,(anonymous_20)
FN:195,(anonymous_21)
FN:211,(anonymous_22)
FN:227,(anonymous_23)
FN:254,(anonymous_24)
FN:263,(anonymous_25)
FN:273,(anonymous_26)
FN:282,(anonymous_27)
FN:298,(anonymous_28)
FN:312,(anonymous_29)
FN:324,(anonymous_30)
FN:336,(anonymous_31)
FN:357,(anonymous_32)
FN:368,(anonymous_33)
FN:372,(anonymous_34)
FN:383,(anonymous_35)
FN:445,(anonymous_36)
FN:453,(anonymous_37)
FN:459,(anonymous_38)
FN:465,(anonymous_39)
FN:470,(anonymous_40)
FNF:41
FNH:0
FNDA:0,(anonymous_0)
FNDA:0,(anonymous_1)
FNDA:0,(anonymous_2)
FNDA:0,(anonymous_3)
FNDA:0,(anonymous_4)
FNDA:0,(anonymous_5)
FNDA:0,(anonymous_6)
FNDA:0,(anonymous_7)
FNDA:0,(anonymous_8)
FNDA:0,(anonymous_9)
FNDA:0,(anonymous_10)
FNDA:0,(anonymous_11)
FNDA:0,(anonymous_12)
FNDA:0,(anonymous_13)
FNDA:0,(anonymous_14)
FNDA:0,(anonymous_15)
FNDA:0,(anonymous_16)
FNDA:0,(anonymous_17)
FNDA:0,(anonymous_18)
FNDA:0,(anonymous_19)
FNDA:0,(anonymous_20)
FNDA:0,(anonymous_21)
FNDA:0,(anonymous_22)
FNDA:0,(anonymous_23)
FNDA:0,(anonymous_24)
FNDA:0,(anonymous_25)
FNDA:0,(anonymous_26)
FNDA:0,(anonymous_27)
FNDA:0,(anonymous_28)
FNDA:0,(anonymous_29)
FNDA:0,(anonymous_30)
FNDA:0,(anonymous_31)
FNDA:0,(anonymous_32)
FNDA:0,(anonymous_33)
FNDA:0,(anonymous_34)
FNDA:0,(anonymous_35)
FNDA:0,(anonymous_36)
FNDA:0,(anonymous_37)
FNDA:0,(anonymous_38)
FNDA:0,(anonymous_39)
FNDA:0,(anonymous_40)
DA:49,0
DA:50,0
DA:64,0
DA:65,0
DA:66,0
DA:74,0
DA:84,0
DA:85,0
DA:86,0
DA:89,0
DA:93,0
DA:104,0
DA:108,0
DA:111,0
DA:113,0
DA:117,0
DA:118,0
DA:120,0
DA:123,0
DA:126,0
DA:129,0
DA:132,0
DA:137,0
DA:138,0
DA:146,0
DA:147,0
DA:148,0
DA:152,0
DA:153,0
DA:154,0
DA:162,0
DA:167,0
DA:178,0
DA:184,0
DA:195,0
DA:200,0
DA:211,0
DA:216,0
DA:227,0
DA:234,0
DA:254,0
DA:257,0
DA:263,0
DA:266,0
DA:273,0
DA:276,0
DA:282,0
DA:287,0
DA:298,0
DA:303,0
DA:312,0
DA:314,0
DA:324,0
DA:327,0
DA:329,0
DA:336,0
DA:342,0
DA:343,0
DA:345,0
DA:357,0
DA:362,0
DA:363,0
DA:364,0
DA:368,0
DA:369,0
DA:372,0
DA:373,0
DA:376,0
DA:383,0
DA:443,0
DA:446,0
DA:454,0
DA:455,0
DA:461,0
DA:466,0
DA:471,0
LF:76
LH:0
BRDA:76,0,0,0
BRDA:76,0,1,0
BRDA:77,1,0,0
BRDA:77,1,1,0
BRDA:78,2,0,0
BRDA:78,2,1,0
BRDA:79,3,0,0
BRDA:79,3,1,0
BRDA:80,4,0,0
BRDA:80,4,1,0
BRDA:84,5,0,0
BRDA:84,5,1,0
BRDA:89,6,0,0
BRDA:89,6,1,0
BRDA:117,7,0,0
BRDA:117,7,1,0
BRDA:147,8,0,0
BRDA:147,8,1,0
BRDA:153,9,0,0
BRDA:153,9,1,0
BRDA:187,10,0,0
BRDA:187,10,1,0
BRDA:187,11,0,0
BRDA:187,11,1,0
BRDA:188,12,0,0
BRDA:188,12,1,0
BRDA:188,13,0,0
BRDA:188,13,1,0
BRDA:237,14,0,0
BRDA:237,14,1,0
BRDA:256,15,0,0
BRDA:259,16,0,0
BRDA:259,16,1,0
BRDA:270,17,0,0
BRDA:270,17,1,0
BRDA:278,18,0,0
BRDA:278,18,1,0
BRDA:327,19,0,0
BRDA:327,19,1,0
BRDA:338,20,0,0
BRDA:342,21,0,0
BRDA:342,21,1,0
BRDA:343,22,0,0
BRDA:343,22,1,0
BRDA:362,23,0,0
BRDA:362,23,1,0
BRDA:362,24,0,0
BRDA:362,24,1,0
BRDA:373,25,0,0
BRDA:373,25,1,0
BRDA:374,26,0,0
BRDA:374,26,1,0
BRDA:375,27,0,0
BRDA:375,27,1,0
BRDA:414,28,0,0
BRDA:414,28,1,0
BRDA:447,29,0,0
BRDA:447,29,1,0
BRDA:447,29,2,0
BRDA:471,30,0,0
BRDA:471,30,1,0
BRF:61
BRH:0
end_of_record
TN:
SF:src\hooks\useAccessibleText.ts
FN:10,(anonymous_0)
FN:20,(anonymous_1)
FN:31,(anonymous_2)
FN:42,(anonymous_3)
FN:58,(anonymous_4)
FN:61,(anonymous_5)
FN:72,(anonymous_6)
FN:90,(anonymous_7)
FN:93,(anonymous_8)
FN:101,(anonymous_9)
FNF:10
FNH:0
FNDA:0,(anonymous_0)
FNDA:0,(anonymous_1)
FNDA:0,(anonymous_2)
FNDA:0,(anonymous_3)
FNDA:0,(anonymous_4)
FNDA:0,(anonymous_5)
FNDA:0,(anonymous_6)
FNDA:0,(anonymous_7)
FNDA:0,(anonymous_8)
FNDA:0,(anonymous_9)
DA:10,0
DA:14,0
DA:15,0
DA:18,0
DA:20,0
DA:22,0
DA:25,0
DA:31,0
DA:32,0
DA:33,0
DA:37,0
DA:40,0
DA:42,0
DA:45,0
DA:58,0
DA:59,0
DA:61,0
DA:63,0
DA:67,0
DA:72,0
DA:75,0
DA:90,0
DA:91,0
DA:93,0
DA:94,0
DA:96,0
DA:101,0
DA:105,0
DA:109,0
LF:29
LH:0
BRDA:12,0,0,0
BRDA:14,1,0,0
BRDA:14,2,0,0
BRDA:52,3,0,0
BRDA:52,3,1,0
BRDA:80,4,0,0
BRDA:80,4,1,0
BRDA:81,5,0,0
BRDA:81,5,1,0
BRDA:84,6,0,0
BRDA:84,6,1,0
BRDA:105,7,0,0
BRDA:105,7,1,0
BRF:13
BRH:0
end_of_record
TN:
SF:src\hooks\useAppInitialization.ts
FN:33,(anonymous_0)
FN:42,(anonymous_1)
FN:51,(anonymous_2)
FN:60,(anonymous_3)
FN:75,(anonymous_4)
FN:89,(anonymous_5)
FN:92,(anonymous_6)
FN:107,(anonymous_7)
FN:123,(anonymous_8)
FN:183,(anonymous_9)
FN:189,(anonymous_10)
FN:194,(anonymous_11)
FN:195,(anonymous_12)
FN:198,(anonymous_13)
FN:207,(anonymous_14)
FN:213,(anonymous_15)
FN:227,(anonymous_16)
FN:233,(anonymous_17)
FN:239,(anonymous_18)
FN:253,(anonymous_19)
FN:263,(anonymous_20)
FN:266,(anonymous_21)
FN:296,(anonymous_22)
FN:302,(anonymous_23)
FNF:24
FNH:0
FNDA:0,(anonymous_0)
FNDA:0,(anonymous_1)
FNDA:0,(anonymous_2)
FNDA:0,(anonymous_3)
FNDA:0,(anonymous_4)
FNDA:0,(anonymous_5)
FNDA:0,(anonymous_6)
FNDA:0,(anonymous_7)
FNDA:0,(anonymous_8)
FNDA:0,(anonymous_9)
FNDA:0,(anonymous_10)
FNDA:0,(anonymous_11)
FNDA:0,(anonymous_12)
FNDA:0,(anonymous_13)
FNDA:0,(anonymous_14)
FNDA:0,(anonymous_15)
FNDA:0,(anonymous_16)
FNDA:0,(anonymous_17)
FNDA:0,(anonymous_18)
FNDA:0,(anonymous_19)
FNDA:0,(anonymous_20)
FNDA:0,(anonymous_21)
FNDA:0,(anonymous_22)
FNDA:0,(anonymous_23)
DA:29,0
DA:34,0
DA:43,0
DA:52,0
DA:62,0
DA:63,0
DA:64,0
DA:75,0
DA:76,0
DA:87,0
DA:89,0
DA:90,0
DA:92,0
DA:103,0
DA:105,0
DA:106,0
DA:107,0
DA:115,0
DA:119,0
DA:120,0
DA:121,0
DA:123,0
DA:131,0
DA:133,0
DA:135,0
DA:136,0
DA:140,0
DA:147,0
DA:158,0
DA:163,0
DA:165,0
DA:176,0
DA:183,0
DA:184,0
DA:185,0
DA:189,0
DA:190,0
DA:194,0
DA:195,0
DA:196,0
DA:198,0
DA:199,0
DA:203,0
DA:204,0
DA:208,0
DA:211,0
DA:213,0
DA:214,0
DA:222,0
DA:227,0
DA:228,0
DA:233,0
DA:234,0
DA:236,0
DA:240,0
DA:245,0
DA:254,0
DA:263,0
DA:266,0
DA:267,0
DA:270,0
DA:272,0
DA:275,0
DA:277,0
DA:280,0
DA:281,0
DA:287,0
DA:296,0
DA:299,0
DA:302,0
DA:305,0
LF:71
LH:0
BRDA:63,0,0,0
BRDA:63,0,1,0
BRDA:63,1,0,0
BRDA:63,1,1,0
BRDA:135,2,0,0
BRDA:135,2,1,0
BRDA:196,3,0,0
BRDA:196,3,1,0
BRDA:196,4,0,0
BRDA:196,4,1,0
BRDA:203,5,0,0
BRDA:203,5,1,0
BRDA:211,6,0,0
BRDA:211,6,1,0
BRDA:211,7,0,0
BRDA:211,7,1,0
BRDA:234,8,0,0
BRDA:234,8,1,0
BRDA:234,9,0,0
BRDA:234,9,1,0
BRDA:270,10,0,0
BRDA:270,10,1,0
BRDA:275,11,0,0
BRDA:275,11,1,0
BRDA:280,12,0,0
BRDA:280,12,1,0
BRF:26
BRH:0
end_of_record
TN:
SF:src\hooks\useAuth.ts
FN:15,useAuth
FN:20,(anonymous_1)
FN:22,(anonymous_2)
FN:25,(anonymous_3)
FN:35,(anonymous_4)
FN:38,(anonymous_5)
FN:47,(anonymous_6)
FN:54,(anonymous_7)
FN:65,(anonymous_8)
FN:76,(anonymous_9)
FN:87,(anonymous_10)
FNF:11
FNH:0
FNDA:0,useAuth
FNDA:0,(anonymous_1)
FNDA:0,(anonymous_2)
FNDA:0,(anonymous_3)
FNDA:0,(anonymous_4)
FNDA:0,(anonymous_5)
FNDA:0,(anonymous_6)
FNDA:0,(anonymous_7)
FNDA:0,(anonymous_8)
FNDA:0,(anonymous_9)
FNDA:0,(anonymous_10)
DA:16,0
DA:17,0
DA:18,0
DA:20,0
DA:22,0
DA:23,0
DA:24,0
DA:25,0
DA:26,0
DA:27,0
DA:30,0
DA:35,0
DA:36,0
DA:37,0
DA:38,0
DA:39,0
DA:42,0
DA:44,0
DA:47,0
DA:48,0
DA:49,0
DA:54,0
DA:55,0
DA:56,0
DA:57,0
DA:58,0
DA:59,0
DA:61,0
DA:65,0
DA:66,0
DA:67,0
DA:68,0
DA:69,0
DA:70,0
DA:72,0
DA:76,0
DA:77,0
DA:78,0
DA:79,0
DA:80,0
DA:81,0
DA:83,0
DA:87,0
DA:88,0
DA:90,0
DA:91,0
DA:94,0
LF:47
LH:0
BRDA:24,0,0,0
BRDA:24,0,1,0
BRDA:37,1,0,0
BRDA:37,1,1,0
BRDA:48,2,0,0
BRDA:48,2,1,0
BRDA:88,3,0,0
BRDA:88,3,1,0
BRF:8
BRH:0
end_of_record
TN:
SF:src\hooks\useBusinessSuite.ts
FN:21,(anonymous_0)
FN:23,(anonymous_1)
FN:25,(anonymous_2)
FN:27,(anonymous_3)
FN:29,(anonymous_4)
FN:31,(anonymous_5)
FN:33,(anonymous_6)
FN:35,(anonymous_7)
FN:37,(anonymous_8)
FN:39,(anonymous_9)
FN:44,(anonymous_10)
FN:57,(anonymous_11)
FN:74,(anonymous_12)
FN:85,(anonymous_13)
FN:95,(anonymous_14)
FN:111,(anonymous_15)
FN:114,(anonymous_16)
FN:122,(anonymous_17)
FN:125,(anonymous_18)
FN:133,(anonymous_19)
FN:137,(anonymous_20)
FN:153,(anonymous_21)
FN:162,(anonymous_22)
FN:168,(anonymous_23)
FN:171,(anonymous_24)
FN:177,(anonymous_25)
FN:193,(anonymous_26)
FN:197,(anonymous_27)
FN:212,(anonymous_28)
FN:221,(anonymous_29)
FN:234,(anonymous_30)
FN:238,(anonymous_31)
FN:251,(anonymous_32)
FN:257,(anonymous_33)
FN:270,(anonymous_34)
FN:274,(anonymous_35)
FN:280,(anonymous_36)
FN:286,(anonymous_37)
FN:299,(anonymous_38)
FN:303,(anonymous_39)
FN:308,(anonymous_40)
FN:314,(anonymous_41)
FN:327,(anonymous_42)
FN:331,(anonymous_43)
FN:334,(anonymous_44)
FN:340,(anonymous_45)
FN:353,(anonymous_46)
FN:357,(anonymous_47)
FN:363,(anonymous_48)
FN:369,(anonymous_49)
FN:382,(anonymous_50)
FN:383,(anonymous_51)
FN:390,(anonymous_52)
FN:394,(anonymous_53)
FN:407,(anonymous_54)
FN:414,(anonymous_55)
FN:428,(anonymous_56)
FN:477,(anonymous_57)
FN:480,(anonymous_58)
FN:481,(anonymous_59)
FN:492,(anonymous_60)
FN:504,(anonymous_61)
FN:534,(anonymous_62)
FN:554,(anonymous_63)
FN:639,(anonymous_64)
FN:648,(anonymous_65)
FN:660,(anonymous_66)
FN:674,(anonymous_67)
FN:696,(anonymous_68)
FNF:69
FNH:0
FNDA:0,(anonymous_0)
FNDA:0,(anonymous_1)
FNDA:0,(anonymous_2)
FNDA:0,(anonymous_3)
FNDA:0,(anonymous_4)
FNDA:0,(anonymous_5)
FNDA:0,(anonymous_6)
FNDA:0,(anonymous_7)
FNDA:0,(anonymous_8)
FNDA:0,(anonymous_9)
FNDA:0,(anonymous_10)
FNDA:0,(anonymous_11)
FNDA:0,(anonymous_12)
FNDA:0,(anonymous_13)
FNDA:0,(anonymous_14)
FNDA:0,(anonymous_15)
FNDA:0,(anonymous_16)
FNDA:0,(anonymous_17)
FNDA:0,(anonymous_18)
FNDA:0,(anonymous_19)
FNDA:0,(anonymous_20)
FNDA:0,(anonymous_21)
FNDA:0,(anonymous_22)
FNDA:0,(anonymous_23)
FNDA:0,(anonymous_24)
FNDA:0,(anonymous_25)
FNDA:0,(anonymous_26)
FNDA:0,(anonymous_27)
FNDA:0,(anonymous_28)
FNDA:0,(anonymous_29)
FNDA:0,(anonymous_30)
FNDA:0,(anonymous_31)
FNDA:0,(anonymous_32)
FNDA:0,(anonymous_33)
FNDA:0,(anonymous_34)
FNDA:0,(anonymous_35)
FNDA:0,(anonymous_36)
FNDA:0,(anonymous_37)
FNDA:0,(anonymous_38)
FNDA:0,(anonymous_39)
FNDA:0,(anonymous_40)
FNDA:0,(anonymous_41)
FNDA:0,(anonymous_42)
FNDA:0,(anonymous_43)
FNDA:0,(anonymous_44)
FNDA:0,(anonymous_45)
FNDA:0,(anonymous_46)
FNDA:0,(anonymous_47)
FNDA:0,(anonymous_48)
FNDA:0,(anonymous_49)
FNDA:0,(anonymous_50)
FNDA:0,(anonymous_51)
FNDA:0,(anonymous_52)
FNDA:0,(anonymous_53)
FNDA:0,(anonymous_54)
FNDA:0,(anonymous_55)
FNDA:0,(anonymous_56)
FNDA:0,(anonymous_57)
FNDA:0,(anonymous_58)
FNDA:0,(anonymous_59)
FNDA:0,(anonymous_60)
FNDA:0,(anonymous_61)
FNDA:0,(anonymous_62)
FNDA:0,(anonymous_63)
FNDA:0,(anonymous_64)
FNDA:0,(anonymous_65)
FNDA:0,(anonymous_66)
FNDA:0,(anonymous_67)
FNDA:0,(anonymous_68)
DA:19,0
DA:22,0
DA:24,0
DA:26,0
DA:28,0
DA:30,0
DA:32,0
DA:34,0
DA:36,0
DA:38,0
DA:40,0
DA:44,0
DA:50,0
DA:52,0
DA:59,0
DA:61,0
DA:62,0
DA:73,0
DA:76,0
DA:78,0
DA:79,0
DA:86,0
DA:93,0
DA:96,0
DA:100,0
DA:111,0
DA:112,0
DA:115,0
DA:122,0
DA:123,0
DA:126,0
DA:133,0
DA:134,0
DA:136,0
DA:151,0
DA:154,0
DA:157,0
DA:160,0
DA:163,0
DA:167,0
DA:169,0
DA:172,0
DA:175,0
DA:178,0
DA:182,0
DA:193,0
DA:194,0
DA:196,0
DA:210,0
DA:213,0
DA:216,0
DA:219,0
DA:222,0
DA:226,0
DA:234,0
DA:235,0
DA:237,0
DA:245,0
DA:252,0
DA:255,0
DA:258,0
DA:262,0
DA:270,0
DA:271,0
DA:273,0
DA:275,0
DA:281,0
DA:284,0
DA:287,0
DA:291,0
DA:299,0
DA:300,0
DA:302,0
DA:304,0
DA:309,0
DA:312,0
DA:315,0
DA:319,0
DA:327,0
DA:328,0
DA:330,0
DA:332,0
DA:335,0
DA:338,0
DA:341,0
DA:345,0
DA:353,0
DA:354,0
DA:356,0
DA:358,0
DA:364,0
DA:367,0
DA:370,0
DA:374,0
DA:382,0
DA:383,0
DA:384,0
DA:390,0
DA:391,0
DA:394,0
DA:395,0
DA:407,0
DA:408,0
DA:409,0
DA:410,0
DA:411,0
DA:414,0
DA:422,0
DA:423,0
DA:424,0
DA:425,0
DA:428,0
DA:429,0
DA:431,0
DA:432,0
DA:438,0
DA:439,0
DA:447,0
DA:448,0
DA:456,0
DA:457,0
DA:465,0
DA:466,0
DA:474,0
DA:477,0
DA:478,0
DA:480,0
DA:481,0
DA:483,0
DA:485,0
DA:487,0
DA:488,0
DA:489,0
DA:492,0
DA:493,0
DA:501,0
DA:504,0
DA:505,0
DA:534,0
DA:535,0
DA:536,0
DA:539,0
DA:554,0
DA:555,0
DA:557,0
DA:565,0
DA:568,0
DA:571,0
DA:573,0
DA:634,0
DA:638,0
DA:640,0
DA:649,0
DA:661,0
DA:663,0
DA:664,0
DA:665,0
DA:666,0
DA:667,0
DA:668,0
DA:671,0
DA:678,0
DA:696,0
DA:698,0
LF:164
LH:0
BRDA:48,0,0,0
BRDA:59,1,0,0
BRDA:59,1,1,0
BRDA:61,2,0,0
BRDA:61,2,1,0
BRDA:69,3,0,0
BRDA:69,3,1,0
BRDA:70,4,0,0
BRDA:70,4,1,0
BRDA:76,5,0,0
BRDA:76,5,1,0
BRDA:78,6,0,0
BRDA:78,6,1,0
BRDA:383,7,0,0
BRDA:390,8,0,0
BRDA:408,9,0,0
BRDA:408,9,1,0
BRDA:411,10,0,0
BRDA:411,10,1,0
BRDA:422,11,0,0
BRDA:422,11,1,0
BRDA:423,12,0,0
BRDA:423,12,1,0
BRDA:424,13,0,0
BRDA:424,13,1,0
BRDA:431,14,0,0
BRDA:431,14,1,0
BRDA:438,15,0,0
BRDA:438,15,1,0
BRDA:447,16,0,0
BRDA:447,16,1,0
BRDA:456,17,0,0
BRDA:456,17,1,0
BRDA:465,18,0,0
BRDA:465,18,1,0
BRDA:478,19,0,0
BRDA:478,19,1,0
BRDA:483,20,0,0
BRDA:483,20,1,0
BRDA:487,21,0,0
BRDA:487,21,1,0
BRDA:488,22,0,0
BRDA:488,22,1,0
BRDA:501,23,0,0
BRDA:501,23,1,0
BRDA:535,24,0,0
BRDA:535,24,1,0
BRDA:575,25,0,0
BRDA:575,25,1,0
BRDA:579,26,0,0
BRDA:579,26,1,0
BRDA:590,27,0,0
BRDA:590,27,1,0
BRDA:594,28,0,0
BRDA:594,28,1,0
BRDA:600,29,0,0
BRDA:600,29,1,0
BRDA:604,30,0,0
BRDA:604,30,1,0
BRDA:604,31,0,0
BRDA:604,31,1,0
BRDA:609,32,0,0
BRDA:609,32,1,0
BRDA:615,33,0,0
BRDA:615,33,1,0
BRDA:615,34,0,0
BRDA:615,34,1,0
BRDA:628,35,0,0
BRDA:628,35,1,0
BRDA:628,35,2,0
BRDA:631,36,0,0
BRDA:631,36,1,0
BRDA:663,37,0,0
BRDA:663,37,1,0
BRDA:664,38,0,0
BRDA:664,38,1,0
BRDA:664,39,0,0
BRDA:664,39,1,0
BRDA:666,40,0,0
BRDA:666,40,1,0
BRDA:667,41,0,0
BRDA:667,41,1,0
BRDA:667,42,0,0
BRDA:667,42,1,0
BRDA:687,43,0,0
BRDA:687,43,1,0
BRDA:687,44,0,0
BRDA:687,44,1,0
BRDA:691,45,0,0
BRDA:691,45,1,0
BRDA:702,46,0,0
BRDA:702,46,1,0
BRDA:704,47,0,0
BRDA:704,47,1,0
BRDA:706,48,0,0
BRDA:706,48,1,0
BRF:96
BRH:0
end_of_record
TN:
SF:src\hooks\useForm.ts
FN:73,(anonymous_0)
FN:100,(anonymous_1)
FN:104,(anonymous_2)
FN:112,(anonymous_3)
FN:127,(anonymous_4)
FN:142,(anonymous_5)
FN:152,(anonymous_6)
FN:172,(anonymous_7)
FN:173,(anonymous_8)
FN:177,(anonymous_9)
FN:186,(anonymous_10)
FN:188,(anonymous_11)
FN:194,(anonymous_12)
FN:195,(anonymous_13)
FN:206,(anonymous_14)
FN:207,(anonymous_15)
FN:211,(anonymous_16)
FN:213,(anonymous_17)
FN:219,(anonymous_18)
FN:224,(anonymous_19)
FN:225,(anonymous_20)
FN:226,(anonymous_21)
FN:239,(anonymous_22)
FN:251,(anonymous_23)
FN:257,(anonymous_24)
FN:264,(anonymous_25)
FN:290,(anonymous_26)
FN:306,(anonymous_27)
FN:307,(anonymous_28)
FN:310,(anonymous_29)
FN:314,(anonymous_30)
FN:315,(anonymous_31)
FN:318,(anonymous_32)
FN:362,(anonymous_33)
FN:368,(anonymous_34)
FN:372,(anonymous_35)
FN:376,(anonymous_36)
FN:377,(anonymous_37)
FN:381,(anonymous_38)
FN:387,(anonymous_39)
FN:394,(anonymous_40)
FN:414,(anonymous_41)
FN:418,(anonymous_42)
FN:433,(anonymous_43)
FN:447,(anonymous_44)
FNF:45
FNH:0
FNDA:0,(anonymous_0)
FNDA:0,(anonymous_1)
FNDA:0,(anonymous_2)
[...]
DA:346,0
DA:357,0
DA:358,0
DA:361,0
DA:369,0
DA:370,0
DA:371,0
DA:373,0
DA:375,0
DA:379,0
DA:380,0
DA:387,0
DA:395,0
DA:396,0
DA:397,0
DA:405,0
DA:406,0
DA:417,0
DA:419,0
DA:425,0
DA:427,0
DA:430,0
DA:431,0
DA:440,0
DA:448,0
DA:449,0
DA:450,0
DA:451,0
DA:452,0
DA:453,0
DA:458,0
DA:472,0
DA:486,0
DA:493,0
DA:512,0
DA:518,0
DA:536,0
DA:542,0
DA:561,0
DA:567,0
DA:584,0
DA:585,0
DA:588,0
DA:589,0
DA:590,0
DA:600,0
LF:103
LH:0
BRDA:33,0,0,0
BRDA:33,0,1,0
BRDA:34,1,0,0
BRDA:34,1,1,0
BRDA:35,2,0,0
BRDA:35,2,1,0
BRDA:36,3,0,0
BRDA:36,3,1,0
BRDA:98,4,0,0
BRDA:98,4,1,0
BRDA:110,5,0,0
BRDA:110,5,1,0
BRDA:116,6,0,0
BRDA:116,6,1,0
BRDA:121,7,0,0
BRDA:121,7,1,0
BRDA:122,8,0,0
BRDA:122,8,1,0
BRDA:132,9,0,0
BRDA:132,9,1,0
BRDA:133,10,0,0
BRDA:133,10,1,0
BRDA:166,11,0,0
BRDA:171,12,0,0
BRDA:171,12,1,0
BRDA:174,13,0,0
BRDA:174,13,1,0
BRDA:285,14,0,0
BRDA:285,14,1,0
BRDA:312,15,0,0
BRDA:354,16,0,0
BRDA:357,17,0,0
BRDA:357,17,1,0
BRDA:369,18,0,0
BRDA:369,18,1,0
BRDA:371,19,0,0
BRDA:371,19,1,0
BRDA:373,20,0,0
BRDA:373,20,1,0
BRDA:379,21,0,0
BRDA:379,21,1,0
BRDA:395,22,0,0
BRDA:395,22,1,0
BRDA:417,23,0,0
BRDA:417,23,1,0
BRDA:450,24,0,0
BRDA:450,24,1,0
BRDA:452,25,0,0
BRDA:452,25,1,0
BRDA:473,26,0,0
BRDA:473,26,1,0
BRDA:588,27,0,0
BRDA:588,27,1,0
BRF:53
BRH:0
end_of_record
TN:
SF:src\utils\globalErrorHandler.ts
FN:8,(anonymous_0)
FN:10,(anonymous_1)
FN:15,(anonymous_2)
FN:25,(anonymous_3)
FN:39,(anonymous_4)
FN:43,(anonymous_5)
FN:53,(anonymous_6)
FN:63,(anonymous_7)
FN:67,(anonymous_8)
FN:74,(anonymous_9)
FN:80,(anonymous_10)
FN:84,(anonymous_11)
FN:91,(anonymous_12)
FNF:13
FNH:9
FNDA:11,(anonymous_0)
FNDA:4,(anonymous_1)
FNDA:0,(anonymous_2)
FNDA:4,(anonymous_3)
FNDA:1,(anonymous_4)
FNDA:0,(anonymous_5)
FNDA:1,(anonymous_6)
FNDA:11,(anonymous_7)
FNDA:0,(anonymous_8)
FNDA:11,(anonymous_9)
FNDA:10,(anonymous_10)
FNDA:0,(anonymous_11)
FNDA:10,(anonymous_12)
DA:8,21
DA:10,11
DA:11,4
DA:14,4
DA:16,0
DA:26,4
DA:30,4
DA:31,1
DA:37,11
DA:38,11
DA:39,6
DA:40,1
DA:42,1
DA:44,0
DA:54,1
DA:63,21
DA:64,11
DA:66,11
DA:68,0
DA:75,11
DA:80,21
DA:81,10
DA:83,10
DA:85,0
DA:92,10
LF:25
LH:21
BRDA:30,0,0,1
BRDA:30,0,1,3
BRDA:30,1,0,4
BRDA:30,1,1,2
BRDA:38,2,0,6
BRDA:38,2,1,5
BRF:6
BRH:6
end_of_record
TN:
SF:src\utils\haptics.ts
FN:8,(anonymous_0)
FN:19,(anonymous_1)
FN:30,(anonymous_2)
FN:41,(anonymous_3)
FN:50,(anonymous_4)
FN:59,(anonymous_5)
FN:68,(anonymous_6)
FN:77,(anonymous_7)
FN:78,(anonymous_8)
FN:79,(anonymous_9)
FN:80,(anonymous_10)
FN:81,(anonymous_11)
FN:82,(anonymous_12)
FN:83,(anonymous_13)
FN:84,(anonymous_14)
FN:85,(anonymous_15)
FN:88,(anonymous_16)
FN:89,(anonymous_17)
FN:90,(anonymous_18)
FN:91,(anonymous_19)
FN:92,(anonymous_20)
FN:93,(anonymous_21)
FN:94,(anonymous_22)
FN:95,(anonymous_23)
FN:96,(anonymous_24)
FN:100,(anonymous_25)
FNF:26
FNH:10
FNDA:4,(anonymous_0)
FNDA:2,(anonymous_1)
FNDA:1,(anonymous_2)
FNDA:1,(anonymous_3)
FNDA:1,(anonymous_4)
FNDA:1,(anonymous_5)
FNDA:1,(anonymous_6)
FNDA:2,(anonymous_7)
FNDA:0,(anonymous_8)
FNDA:0,(anonymous_9)
FNDA:0,(anonymous_10)
FNDA:0,(anonymous_11)
FNDA:0,(anonymous_12)
FNDA:1,(anonymous_13)
FNDA:0,(anonymous_14)
FNDA:0,(anonymous_15)
FNDA:0,(anonymous_16)
FNDA:0,(anonymous_17)
FNDA:0,(anonymous_18)
FNDA:0,(anonymous_19)
FNDA:0,(anonymous_20)
FNDA:0,(anonymous_21)
FNDA:0,(anonymous_22)
FNDA:0,(anonymous_23)
FNDA:0,(anonymous_24)
FNDA:29,(anonymous_25)
DA:8,5
DA:9,4
DA:10,4
DA:11,4
DA:13,1
DA:19,5
DA:20,2
DA:21,2
DA:22,2
DA:24,0
DA:30,5
DA:31,1
DA:32,1
DA:33,1
DA:35,0
DA:41,5
DA:42,1
DA:43,1
DA:45,0
DA:50,5
DA:51,1
DA:52,1
DA:54,0
DA:59,5
DA:60,1
DA:61,1
DA:63,0
DA:68,5
DA:69,1
DA:70,1
DA:72,0
DA:77,5
DA:78,5
DA:79,5
DA:80,5
DA:81,5
DA:82,5
DA:83,5
DA:84,5
DA:85,5
DA:88,5
DA:89,5
DA:90,5
DA:91,5
DA:92,5
DA:93,5
DA:94,5
DA:95,5
DA:96,5
DA:100,5
DA:101,29
LF:51
LH:45
BRDA:9,0,0,4
BRDA:9,0,1,0
BRDA:20,1,0,2
BRDA:20,1,1,0
BRDA:31,2,0,1
BRDA:31,2,1,0
BRF:6
BRH:3
end_of_record
TN:
SF:src\utils\logger.ts
FN:3,(anonymous_0)
FN:4,(anonymous_1)
FN:5,(anonymous_2)
FN:9,(anonymous_3)
FN:28,(anonymous_4)
FN:30,(anonymous_5)
FN:45,(anonymous_6)
FN:55,(anonymous_7)
FN:66,(anonymous_8)
FN:81,(anonymous_9)
FN:97,(anonymous_10)
FN:113,(anonymous_11)
FN:135,(anonymous_12)
FN:169,(anonymous_13)
FN:193,(anonymous_14)
FN:234,(anonymous_15)
FN:250,(anonymous_16)
FN:266,(anonymous_17)
FN:296,(anonymous_18)
FN:298,(anonymous_19)
FN:300,(anonymous_20)
FN:302,(anonymous_21)
FN:304,(anonymous_22)
FN:309,(anonymous_23)
FN:316,(anonymous_24)
FN:318,(anonymous_25)
FN:320,(anonymous_26)
FNF:27
FNH:0
FNDA:0,(anonymous_0)
FNDA:0,(anonymous_1)
FNDA:0,(anonymous_2)
FNDA:0,(anonymous_3)
FNDA:0,(anonymous_4)
FNDA:0,(anonymous_5)
FNDA:0,(anonymous_6)
FNDA:0,(anonymous_7)
FNDA:0,(anonymous_8)
FNDA:0,(anonymous_9)
FNDA:0,(anonymous_10)
FNDA:0,(anonymous_11)
FNDA:0,(anonymous_12)
FNDA:0,(anonymous_13)
FNDA:0,(anonymous_14)
FNDA:0,(anonymous_15)
FNDA:0,(anonymous_16)
FNDA:0,(anonymous_17)
FNDA:0,(anonymous_18)
FNDA:0,(anonymous_19)
FNDA:0,(anonymous_20)
FNDA:0,(anonymous_21)
FNDA:0,(anonymous_22)
FNDA:0,(anonymous_23)
FNDA:0,(anonymous_24)
FNDA:0,(anonymous_25)
FNDA:0,(anonymous_26)
DA:2,0
DA:9,0
DA:14,0
DA:26,0
DA:29,0
DA:30,0
DA:32,0
DA:34,0
DA:35,0
DA:38,0
DA:41,0
DA:50,0
DA:51,0
DA:52,0
DA:56,0
DA:57,0
DA:58,0
DA:59,0
DA:60,0
DA:62,0
DA:67,0
DA:68,0
DA:73,0
DA:82,0
DA:83,0
DA:88,0
DA:94,0
DA:98,0
DA:99,0
DA:104,0
DA:110,0
DA:114,0
DA:116,0
DA:118,0
DA:119,0
DA:120,0
DA:121,0
DA:122,0
DA:124,0
DA:126,0
DA:129,0
DA:131,0
DA:136,0
DA:137,0
DA:140,0
DA:141,0
DA:142,0
DA:148,0
DA:149,0
DA:152,0
DA:159,0
DA:160,0
DA:164,0
DA:174,0
DA:176,0
DA:177,0
DA:180,0
DA:200,0
DA:201,0
DA:203,0
DA:205,0
DA:210,0
DA:215,0
DA:228,0
DA:229,0
DA:235,0
DA:237,0
DA:238,0
DA:241,0
DA:251,0
DA:253,0
DA:254,0
DA:257,0
DA:267,0
DA:268,0
DA:270,0
DA:271,0
DA:272,0
DA:275,0
DA:282,0
DA:283,0
DA:292,0
DA:295,0
DA:297,0
DA:299,0
DA:301,0
DA:303,0
DA:308,0
DA:315,0
DA:317,0
DA:319,0
DA:321,0
LF:92
LH:0
BRDA:32,0,0,0
BRDA:32,0,1,0
BRDA:32,1,0,0
BRDA:32,1,1,0
BRDA:34,2,0,0
BRDA:34,2,1,0
BRDA:34,3,0,0
BRDA:34,3,1,0
BRDA:51,4,0,0
BRDA:51,4,1,0
BRDA:56,5,0,0
BRDA:56,5,1,0
BRDA:57,6,0,0
BRDA:57,6,1,0
BRDA:67,7,0,0
BRDA:67,7,1,0
BRDA:82,8,0,0
BRDA:82,8,1,0
BRDA:98,9,0,0
BRDA:98,9,1,0
BRDA:114,10,0,0
BRDA:114,10,1,0
BRDA:120,11,0,0
BRDA:120,11,1,0
BRDA:120,12,0,0
BRDA:120,12,1,0
BRDA:122,13,0,0
BRDA:122,13,1,0
BRDA:122,14,0,0
BRDA:122,14,1,0
BRDA:124,15,0,0
BRDA:124,15,1,0
BRDA:137,16,0,0
BRDA:137,16,1,0
BRDA:140,17,0,0
BRDA:140,17,1,0
BRDA:148,18,0,0
BRDA:148,18,1,0
BRDA:159,19,0,0
BRDA:159,19,1,0
BRDA:176,20,0,0
BRDA:176,20,1,0
BRDA:187,21,0,0
BRDA:187,21,1,0
BRDA:201,22,0,0
BRDA:201,22,1,0
BRDA:201,23,0,0
BRDA:201,23,1,0
BRDA:203,24,0,0
BRDA:203,24,1,0
BRDA:205,25,0,0
BRDA:205,25,1,0
BRDA:207,26,0,0
BRDA:207,26,1,0
BRDA:218,27,0,0
BRDA:218,27,1,0
BRDA:224,28,0,0
BRDA:224,28,1,0
BRDA:228,29,0,0
BRDA:228,29,1,0
BRDA:237,30,0,0
BRDA:237,30,1,0
BRDA:253,31,0,0
BRDA:253,31,1,0
BRDA:261,32,0,0
BRDA:261,32,1,0
BRDA:267,33,0,0
BRDA:267,33,1,0
BRDA:268,34,0,0
BRDA:268,34,1,0
BRDA:270,35,0,0
BRDA:270,35,1,0
BRDA:271,36,0,0
BRDA:271,36,1,0
BRDA:278,37,0,0
BRDA:278,37,1,0
BRDA:279,38,0,0
BRDA:279,38,1,0
BRDA:282,39,0,0
BRDA:282,39,1,0
BRF:80
BRH:0
end_of_record
TN:
SF:src\utils\memoryManager.ts
FN:50,(anonymous_0)
FN:57,(anonymous_1)
FN:65,(anonymous_2)
FN:69,(anonymous_3)
FN:79,(anonymous_4)
FN:94,(anonymous_5)
FN:125,(anonymous_6)
FN:139,(anonymous_7)
FN:175,(anonymous_8)
FN:221,(anonymous_9)
FN:237,(anonymous_10)
FN:250,(anonymous_11)
FN:263,(anonymous_12)
FN:265,(anonymous_13)
FN:280,(anonymous_14)
FN:284,(anonymous_15)
FN:292,(anonymous_16)
FN:297,(anonymous_17)
FN:305,(anonymous_18)
FN:342,(anonymous_19)
FN:344,(anonymous_20)
FN:351,(anonymous_21)
FN:359,(anonymous_22)
FN:368,(anonymous_23)
FN:370,(anonymous_24)
FN:379,(anonymous_25)
FN:391,(anonymous_26)
FN:392,(anonymous_27)
FN:404,(anonymous_28)
FN:405,(anonymous_29)
FN:416,(anonymous_30)
FN:423,(anonymous_31)
FN:442,(anonymous_32)
FN:444,(anonymous_33)
FN:451,(anonymous_34)
FN:453,(anonymous_35)
FN:470,(anonymous_36)
FN:492,(anonymous_37)
FN:493,(anonymous_38)
FN:498,(anonymous_39)
FN:507,(anonymous_40)
FN:518,(anonymous_41)
FN:519,(anonymous_42)
FN:522,(anonymous_43)
FNF:44
FNH:0
FNDA:0,(anonymous_0)
FNDA:0,(anonymous_1)
FNDA:0,(anonymous_2)
FNDA:0,(anonymous_3)
FNDA:0,(anonymous_4)
FNDA:0,(anonymous_5)
FNDA:0,(anonymous_6)
FNDA:0,(anonymous_7)
FNDA:0,(anonymous_8)
FNDA:0,(anonymous_9)
FNDA:0,(anonymous_10)
FNDA:0,(anonymous_11)
FNDA:0,(anonymous_12)
FNDA:0,(anonymous_13)
FNDA:0,(anonymous_14)
FNDA:0,(anonymous_15)
FNDA:0,(anonymous_16)
FNDA:0,(anonymous_17)
FNDA:0,(anonymous_18)
FNDA:0,(anonymous_19)
FNDA:0,(anonymous_20)
FNDA:0,(anonymous_21)
FNDA:0,(anonymous_22)
FNDA:0,(anonymous_23)
FNDA:0,(anonymous_24)
FNDA:0,(anonymous_25)
FNDA:0,(anonymous_26)
FNDA:0,(anonymous_27)
FNDA:0,(anonymous_28)
FNDA:0,(anonymous_29)
FNDA:0,(anonymous_30)
FNDA:0,(anonymous_31)
FNDA:0,(anonymous_32)
FNDA:0,(anonymous_33)
FNDA:0,(anonymous_34)
FNDA:0,(anonymous_35)
FNDA:0,(anonymous_36)
FNDA:0,(anonymous_37)
FNDA:0,(anonymous_38)
FNDA:0,(anonymous_39)
FNDA:0,(anonymous_40)
FNDA:0,(anonymous_41)
FNDA:0,(anonymous_42)
FNDA:0,(anonymous_43)
DA:37,0
DA:38,0
DA:39,0
DA:40,0
DA:41,0
DA:45,0
DA:46,0
DA:47,0
DA:48,0
DA:51,0
DA:52,0
DA:54,0
DA:58,0
DA:59,0
DA:66,0
DA:68,0
DA:69,0
DA:70,0
DA:73,0
DA:80,0
DA:82,0
DA:83,0
DA:84,0
DA:85,0
DA:88,0
DA:95,0
DA:98,0
DA:100,0
DA:110,0
DA:111,0
DA:112,0
DA:115,0
DA:117,0
DA:118,0
DA:126,0
DA:127,0
DA:128,0
DA:130,0
DA:140,0
DA:141,0
DA:143,0
DA:149,0
DA:150,0
DA:158,0
DA:159,0
DA:160,0
DA:164,0
DA:165,0
DA:168,0
DA:178,0
DA:186,0
DA:187,0
DA:189,0
DA:191,0
DA:192,0
DA:196,0
DA:197,0
DA:201,0
DA:204,0
DA:205,0
DA:206,0
DA:209,0
DA:210,0
DA:214,0
DA:222,0
DA:230,0
DA:231,0
DA:238,0
DA:241,0
DA:243,0
DA:251,0
DA:254,0
DA:256,0
DA:264,0
DA:265,0
DA:266,0
DA:267,0
DA:268,0
DA:270,0
DA:274,0
DA:281,0
DA:284,0
DA:285,0
DA:295,0
DA:297,0
DA:298,0
DA:306,0
DA:308,0
DA:309,0
DA:317,0
DA:320,0
DA:321,0
DA:322,0
DA:324,0
DA:325,0
DA:329,0
DA:330,0
DA:331,0
DA:332,0
DA:343,0
DA:344,0
DA:352,0
DA:353,0
DA:360,0
DA:361,0
DA:362,0
DA:369,0
DA:370,0
DA:371,0
DA:373,0
DA:381,0
DA:392,0
DA:393,0
DA:394,0
DA:396,0
DA:405,0
DA:406,0
DA:407,0
DA:408,0
DA:417,0
DA:430,0
DA:431,0
DA:440,0
DA:442,0
DA:444,0
DA:447,0
DA:448,0
DA:449,0
DA:451,0
DA:453,0
DA:455,0
DA:456,0
DA:457,0
DA:461,0
DA:462,0
DA:463,0
DA:465,0
DA:466,0
DA:469,0
DA:470,0
DA:472,0
DA:473,0
DA:478,0
DA:489,0
DA:492,0
DA:493,0
DA:494,0
DA:498,0
DA:499,0
DA:500,0
DA:507,0
DA:511,0
DA:513,0
DA:518,0
DA:519,0
DA:520,0
DA:522,0
DA:523,0
DA:527,0
LF:159
LH:0
BRDA:51,0,0,0
BRDA:51,0,1,0
BRDA:66,1,0,0
BRDA:66,1,1,0
BRDA:80,2,0,0
BRDA:80,2,1,0
BRDA:83,3,0,0
BRDA:83,3,1,0
BRDA:111,4,0,0
BRDA:111,4,1,0
BRDA:149,5,0,0
BRDA:149,5,1,0
BRDA:159,6,0,0
BRDA:159,6,1,0
BRDA:176,7,0,0
BRDA:191,8,0,0
BRDA:191,8,1,0
BRDA:196,9,0,0
BRDA:196,9,1,0
BRDA:204,10,0,0
BRDA:204,10,1,0
BRDA:204,11,0,0
BRDA:204,11,1,0
BRDA:211,12,0,0
BRDA:211,12,1,0
BRDA:308,13,0,0
BRDA:308,13,1,0
BRDA:320,14,0,0
BRDA:320,14,1,0
BRDA:329,15,0,0
BRDA:329,15,1,0
BRDA:406,16,0,0
BRDA:406,16,1,0
BRDA:430,17,0,0
BRDA:430,17,1,0
BRDA:448,18,0,0
BRDA:448,18,1,0
BRDA:456,19,0,0
BRDA:456,19,1,0
BRDA:457,20,0,0
BRDA:457,20,1,0
BRDA:462,21,0,0
BRDA:462,21,1,0
BRDA:465,22,0,0
BRDA:465,22,1,0
BRDA:472,23,0,0
BRDA:472,23,1,0
BRDA:494,24,0,0
BRDA:494,24,1,0
BRDA:499,25,0,0
BRDA:499,25,1,0
BRDA:513,26,0,0
BRDA:513,26,1,0
BRDA:513,26,2,0
BRDA:513,26,3,0
BRF:55
BRH:0
end_of_record
TN:
SF:src\utils\performanceBudgets.ts
FN:65,(anonymous_0)
FN:72,(anonymous_1)
FN:181,(anonymous_2)
FN:192,(anonymous_3)
FN:247,(anonymous_4)
FN:287,(anonymous_5)
FN:317,(anonymous_6)
FN:319,(anonymous_7)
FN:322,(anonymous_8)
FN:359,(anonymous_9)
FN:370,(anonymous_10)
FN:393,(anonymous_11)
FN:407,(anonymous_12)
FN:422,(anonymous_13)
FN:425,(anonymous_14)
FN:428,(anonymous_15)
FN:431,(anonymous_16)
FN:437,(anonymous_17)
FN:471,(anonymous_18)
FN:526,(anonymous_19)
FN:533,(anonymous_20)
FN:543,(anonymous_21)
FN:556,(anonymous_22)
FN:598,(anonymous_23)
FN:627,(anonymous_24)
FN:664,(anonymous_25)
FN:683,(anonymous_26)
FN:698,(anonymous_27)
FN:710,(anonymous_28)
FN:735,(anonymous_29)
FN:783,(anonymous_30)
FN:785,(anonymous_31)
FN:807,(anonymous_32)
FN:815,(anonymous_33)
FN:820,(anonymous_34)
FN:834,(anonymous_35)
FN:846,(anonymous_36)
FN:880,(anonymous_37)
FN:891,(anonymous_38)
FN:892,(anonymous_39)
FN:895,(anonymous_40)
FN:921,(anonymous_41)
FN:928,(anonymous_42)
FN:929,(anonymous_43)
FN:932,(anonymous_44)
FNF:45
FNH:0
FNDA:0,(anonymous_0)
FNDA:0,(anonymous_1)
FNDA:0,(anonymous_2)
FNDA:0,(anonymous_3)
FNDA:0,(anonymous_4)
FNDA:0,(anonymous_5)
FNDA:0,(anonymous_6)
FNDA:0,(anonymous_7)
FNDA:0,(anonymous_8)
FNDA:0,(anonymous_9)
FNDA:0,(anonymous_10)
FNDA:0,(anonymous_11)
FNDA:0,(anonymous_12)
FNDA:0,(anonymous_13)
FNDA:0,(anonymous_14)
FNDA:0,(anonymous_15)
FNDA:0,(anonymous_16)
FNDA:0,(anonymous_17)
FNDA:0,(anonymous_18)
FNDA:0,(anonymous_19)
FNDA:0,(anonymous_20)
FNDA:0,(anonymous_21)
FNDA:0,(anonymous_22)
FNDA:0,(anonymous_23)
FNDA:0,(anonymous_24)
FNDA:0,(anonymous_25)
FNDA:0,(anonymous_26)
FNDA:0,(anonymous_27)
FNDA:0,(anonymous_28)
FNDA:0,(anonymous_29)
FNDA:0,(anonymous_30)
FNDA:0,(anonymous_31)
FNDA:0,(anonymous_32)
FNDA:0,(anonymous_33)
FNDA:0,(anonymous_34)
FNDA:0,(anonymous_35)
FNDA:0,(anonymous_36)
FNDA:0,(anonymous_37)
FNDA:0,(anonymous_38)
FNDA:0,(anonymous_39)
FNDA:0,(anonymous_40)
FNDA:0,(anonymous_41)
FNDA:0,(anonymous_42)
FNDA:0,(anonymous_43)
FNDA:0,(anonymous_44)
DA:60,0
DA:61,0
DA:62,0
DA:66,0
DA:74,0
DA:91,0
DA:108,0
DA:125,0
DA:142,0
DA:159,0
DA:175,0
DA:182,0
DA:183,0
DA:201,0
DA:202,0
DA:203,0
DA:204,0
DA:207,0
DA:220,0
DA:223,0
DA:224,0
DA:227,0
DA:228,0
DA:231,0
DA:232,0
DA:236,0
DA:237,0
DA:241,0
DA:251,0
DA:254,0
DA:287,0
DA:288,0
DA:289,0
DA:291,0
DA:292,0
DA:299,0
DA:300,0
DA:311,0
DA:318,0
DA:319,0
DA:321,0
DA:322,0
DA:326,0
DA:327,0
DA:332,0
DA:349,0
DA:358,0
DA:359,0
DA:361,0
DA:362,0
DA:365,0
DA:369,0
DA:370,0
DA:372,0
DA:373,0
DA:374,0
DA:379,0
DA:380,0
DA:394,0
DA:414,0
DA:415,0
DA:416,0
DA:419,0
DA:420,0
DA:421,0
DA:422,0
DA:424,0
DA:425,0
DA:427,0
DA:428,0
DA:430,0
DA:431,0
DA:436,0
DA:437,0
DA:442,0
DA:443,0
DA:444,0
DA:448,0
DA:452,0
DA:454,0
DA:459,0
DA:477,0
DA:478,0
DA:479,0
DA:480,0
DA:483,0
DA:484,0
DA:485,0
DA:486,0
DA:487,0
DA:489,0
DA:490,0
DA:495,0
DA:498,0
DA:499,0
DA:500,0
DA:504,0
DA:505,0
DA:509,0
DA:510,0
DA:515,0
DA:527,0
DA:528,0
DA:529,0
DA:532,0
DA:533,0
DA:534,0
DA:537,0
DA:544,0
DA:545,0
DA:546,0
DA:549,0
DA:550,0
DA:557,0
DA:559,0
DA:566,0
DA:567,0
DA:571,0
DA:585,0
DA:586,0
DA:589,0
DA:590,0
DA:603,0
DA:604,0
DA:607,0
DA:608,0
DA:611,0
DA:612,0
DA:615,0
DA:624,0
DA:627,0
DA:636,0
DA:638,0
DA:640,0
DA:641,0
DA:643,0
DA:644,0
DA:646,0
DA:647,0
DA:649,0
DA:660,0
DA:664,0
DA:665,0
DA:666,0
DA:684,0
DA:699,0
DA:705,0
DA:706,0
DA:709,0
DA:711,0
DA:718,0
DA:719,0
DA:723,0
DA:724,0
DA:727,0
DA:736,0
DA:739,0
DA:741,0
DA:743,0
DA:745,0
DA:764,0
DA:776,0
DA:785,0
DA:786,0
DA:787,0
DA:794,0
DA:807,0
DA:808,0
DA:817,0
DA:820,0
DA:821,0
DA:827,0
DA:835,0
DA:836,0
DA:837,0
DA:840,0
DA:853,0
DA:855,0
DA:856,0
DA:859,0
DA:860,0
DA:863,0
DA:864,0
DA:867,0
DA:877,0
DA:880,0
DA:886,0
DA:891,0
DA:892,0
DA:893,0
DA:895,0
DA:896,0
DA:897,0
DA:899,0
DA:900,0
DA:913,0
DA:921,0
DA:925,0
DA:926,0
DA:928,0
DA:929,0
DA:932,0
DA:933,0
DA:934,0
DA:936,0
DA:937,0
DA:945,0
LF:207
LH:0
BRDA:202,0,0,0
BRDA:202,0,1,0
BRDA:211,1,0,0
BRDA:211,1,1,0
BRDA:212,2,0,0
BRDA:212,2,1,0
BRDA:213,3,0,0
BRDA:213,3,1,0
BRDA:214,4,0,0
BRDA:214,4,1,0
BRDA:215,5,0,0
BRDA:215,5,1,0
BRDA:223,6,0,0
BRDA:223,6,1,0
BRDA:231,7,0,0
BRDA:231,7,1,0
BRDA:236,8,0,0
BRDA:236,8,1,0
BRDA:288,9,0,0
BRDA:288,9,1,0
BRDA:288,10,0,0
BRDA:288,10,1,0
BRDA:291,11,0,0
BRDA:291,11,1,0
BRDA:299,12,0,0
BRDA:299,12,1,0
BRDA:326,13,0,0
BRDA:326,13,1,0
BRDA:361,14,0,0
BRDA:361,14,1,0
BRDA:370,15,0,0
BRDA:370,15,1,0
BRDA:372,16,0,0
BRDA:372,16,1,0
BRDA:379,17,0,0
BRDA:379,17,1,0
BRDA:415,18,0,0
BRDA:415,18,1,0
BRDA:420,19,0,0
BRDA:420,19,1,0
BRDA:443,20,0,0
BRDA:443,20,1,0
BRDA:443,21,0,0
BRDA:443,21,1,0
BRDA:450,22,0,0
BRDA:450,22,1,0
BRDA:489,23,0,0
BRDA:489,23,1,0
BRDA:495,24,0,0
BRDA:495,24,1,0
BRDA:499,25,0,0
BRDA:499,25,1,0
BRDA:504,26,0,0
BRDA:504,26,1,0
BRDA:509,27,0,0
BRDA:509,27,1,0
BRDA:526,28,0,0
BRDA:527,29,0,0
BRDA:527,29,1,0
BRDA:544,30,0,0
BRDA:544,30,1,0
BRDA:566,31,0,0
BRDA:566,31,1,0
BRDA:573,32,0,0
BRDA:573,32,1,0
BRDA:585,33,0,0
BRDA:585,33,1,0
BRDA:647,34,0,0
BRDA:647,34,1,0
BRDA:683,35,0,0
BRDA:705,36,0,0
BRDA:705,36,1,0
BRDA:718,37,0,0
BRDA:718,37,1,0
BRDA:723,38,0,0
BRDA:723,38,1,0
BRDA:741,39,0,0
BRDA:741,39,1,0
BRDA:751,40,0,0
BRDA:751,40,1,0
BRDA:786,41,0,0
BRDA:786,41,1,0
BRDA:835,42,0,0
BRDA:835,42,1,0
BRDA:855,43,0,0
BRDA:855,43,1,0
BRDA:859,44,0,0
BRDA:859,44,1,0
BRDA:863,45,0,0
BRDA:863,45,1,0
BRDA:886,46,0,0
BRDA:886,46,1,0
BRDA:886,46,2,0
BRDA:886,46,3,0
BRDA:897,47,0,0
BRDA:897,47,1,0
BRDA:899,48,0,0
BRDA:899,48,1,0
BRDA:933,49,0,0
BRDA:933,49,1,0
BRDA:936,50,0,0
BRDA:936,50,1,0
BRF:102
BRH:0
end_of_record
TN:
SF:src\utils\performanceMonitor.ts
FN:38,(anonymous_0)
FN:45,(anonymous_1)
FN:49,(anonymous_2)
FN:59,(anonymous_3)
FN:63,(anonymous_4)
FN:74,(anonymous_5)
FN:103,(anonymous_6)
FN:112,(anonymous_7)
FN:113,(anonymous_8)
FN:131,(anonymous_9)
FN:146,(anonymous_10)
FN:150,(anonymous_11)
FN:155,(anonymous_12)
FN:176,(anonymous_13)
FN:178,(anonymous_14)
FN:179,(anonymous_15)
FN:180,(anonymous_16)
FN:186,(anonymous_17)
FN:187,(anonymous_18)
FN:195,(anonymous_19)
FN:196,(anonymous_20)
FN:204,(anonymous_21)
FN:206,(anonymous_22)
FN:215,(anonymous_23)
FN:227,(anonymous_24)
FNF:25
FNH:0
FNDA:0,(anonymous_0)
FNDA:0,(anonymous_1)
FNDA:0,(anonymous_2)
FNDA:0,(anonymous_3)
FNDA:0,(anonymous_4)
FNDA:0,(anonymous_5)
FNDA:0,(anonymous_6)
FNDA:0,(anonymous_7)
FNDA:0,(anonymous_8)
FNDA:0,(anonymous_9)
FNDA:0,(anonymous_10)
FNDA:0,(anonymous_11)
FNDA:0,(anonymous_12)
FNDA:0,(anonymous_13)
FNDA:0,(anonymous_14)
FNDA:0,(anonymous_15)
FNDA:0,(anonymous_16)
FNDA:0,(anonymous_17)
FNDA:0,(anonymous_18)
FNDA:0,(anonymous_19)
FNDA:0,(anonymous_20)
FNDA:0,(anonymous_21)
FNDA:0,(anonymous_22)
FNDA:0,(anonymous_23)
FNDA:0,(anonymous_24)
DA:20,0
DA:21,0
DA:34,0
DA:36,0
DA:39,0
DA:40,0
DA:41,0
DA:42,0
DA:46,0
DA:50,0
DA:52,0
DA:53,0
DA:54,0
DA:55,0
DA:56,0
DA:60,0
DA:64,0
DA:65,0
DA:67,0
DA:68,0
DA:69,0
DA:70,0
DA:71,0
DA:76,0
DA:77,0
DA:78,0
DA:79,0
DA:80,0
DA:81,0
DA:82,0
DA:85,0
DA:90,0
DA:91,0
DA:92,0
DA:96,0
DA:99,0
DA:104,0
DA:105,0
DA:107,0
DA:108,0
DA:113,0
DA:114,0
DA:116,0
DA:118,0
DA:119,0
DA:122,0
DA:123,0
DA:124,0
DA:127,0
DA:138,0
DA:140,0
DA:147,0
DA:155,0
DA:156,0
DA:157,0
DA:158,0
DA:161,0
DA:164,0
DA:165,0
DA:166,0
DA:167,0
DA:169,0
DA:172,0
DA:177,0
DA:178,0
DA:179,0
DA:180,0
DA:182,0
DA:184,0
DA:185,0
DA:186,0
DA:187,0
DA:188,0
DA:190,0
DA:193,0
DA:194,0
DA:195,0
DA:196,0
DA:197,0
DA:199,0
DA:202,0
DA:203,0
DA:204,0
DA:205,0
DA:206,0
DA:207,0
DA:212,0
DA:216,0
DA:217,0
DA:218,0
DA:219,0
DA:223,0
DA:226,0
DA:227,0
DA:228,0
LF:95
LH:0
BRDA:50,0,0,0
BRDA:50,0,1,0
BRDA:65,1,0,0
BRDA:65,1,1,0
BRDA:77,2,0,0
BRDA:77,2,1,0
BRDA:77,3,0,0
BRDA:77,3,1,0
BRDA:85,4,0,0
BRDA:85,4,1,0
BRDA:86,5,0,0
BRDA:86,5,1,0
BRDA:107,6,0,0
BRDA:107,6,1,0
BRDA:114,7,0,0
BRDA:114,7,1,0
BRDA:118,8,0,0
BRDA:118,8,1,0
BRDA:118,9,0,0
BRDA:118,9,1,0
BRDA:123,10,0,0
BRDA:123,10,1,0
BRDA:123,11,0,0
BRDA:123,11,1,0
BRDA:138,12,0,0
BRDA:138,12,1,0
BRDA:157,13,0,0
BRDA:157,13,1,0
BRDA:164,14,0,0
BRDA:164,14,1,0
BRDA:164,15,0,0
BRDA:164,15,1,0
BRDA:166,16,0,0
BRDA:166,16,1,0
BRDA:166,17,0,0
BRDA:166,17,1,0
BRDA:184,18,0,0
BRDA:184,18,1,0
BRDA:188,19,0,0
BRDA:188,19,1,0
BRDA:188,20,0,0
BRDA:188,20,1,0
BRDA:193,21,0,0
BRDA:193,21,1,0
BRDA:197,22,0,0
BRDA:197,22,1,0
BRDA:197,23,0,0
BRDA:197,23,1,0
BRDA:202,24,0,0
BRDA:202,24,1,0
BRDA:205,25,0,0
BRDA:205,25,1,0
BRDA:207,26,0,0
BRDA:207,26,1,0
BRDA:226,27,0,0
BRDA:226,27,1,0
BRF:56
BRH:0
end_of_record
TN:
SF:src\utils\sanitize.ts
FN:11,sanitizeText
FNF:1
FNH:1
FNDA:24,sanitizeText
DA:6,9
DA:7,9
DA:8,9
DA:9,9
DA:12,24
DA:13,23
DA:15,23
DA:17,23
DA:19,23
DA:21,23
DA:22,23
LF:11
LH:11
BRDA:12,0,0,1
BRDA:12,0,1,23
BRF:2
BRH:2
end_of_record
