TN:
SF:src\components\AIPricingWidget.tsx
FN:24,(anonymous_0)
FN:33,(anonymous_1)
FN:39,(anonymous_2)
FN:45,(anonymous_3)
FN:57,(anonymous_4)
FN:63,(anonymous_5)
FN:119,(anonymous_6)
FN:164,(anonymous_7)
FN:205,(anonymous_8)
FN:234,(anonymous_9)
FNF:10
FNH:0
FNDA:0,(anonymous_0)
FNDA:0,(anonymous_1)
FNDA:0,(anonymous_2)
FNDA:0,(anonymous_3)
FNDA:0,(anonymous_4)
FNDA:0,(anonymous_5)
FNDA:0,(anonymous_6)
FNDA:0,(anonymous_7)
FNDA:0,(anonymous_8)
FNDA:0,(anonymous_9)
DA:24,0
DA:30,0
DA:31,0
DA:33,0
DA:34,0
DA:35,0
DA:39,0
DA:40,0
DA:41,0
DA:45,0
DA:46,0
DA:47,0
DA:51,0
DA:54,0
DA:57,0
DA:58,0
DA:59,0
DA:60,0
DA:63,0
DA:64,0
DA:65,0
DA:66,0
DA:67,0
DA:68,0
DA:69,0
DA:73,0
DA:74,0
DA:97,0
DA:98,0
DA:109,0
DA:111,0
DA:112,0
DA:114,0
DA:119,0
DA:165,0
DA:206,0
DA:235,0
DA:257,0
LF:38
LH:0
BRDA:27,0,0,0
BRDA:28,1,0,0
BRDA:34,2,0,0
BRDA:34,2,1,0
BRDA:34,3,0,0
BRDA:34,3,1,0
BRDA:34,3,2,0
BRDA:34,3,3,0
BRDA:40,4,0,0
BRDA:40,4,1,0
BRDA:40,5,0,0
BRDA:40,5,1,0
BRDA:46,6,0,0
BRDA:46,6,1,0
BRDA:46,7,0,0
BRDA:46,7,1,0
BRDA:58,8,0,0
BRDA:58,8,1,0
BRDA:59,9,0,0
BRDA:59,9,1,0
BRDA:64,10,0,0
BRDA:64,10,1,0
BRDA:64,10,2,0
BRDA:64,10,3,0
BRDA:64,10,4,0
BRDA:73,11,0,0
BRDA:73,11,1,0
BRDA:73,12,0,0
BRDA:73,12,1,0
BRDA:97,13,0,0
BRDA:97,13,1,0
BRDA:109,14,0,0
BRDA:109,14,1,0
BRDA:126,15,0,0
BRDA:126,15,1,0
BRDA:158,16,0,0
BRDA:158,16,1,0
BRDA:158,16,2,0
BRDA:161,17,0,0
BRDA:161,17,1,0
BRDA:167,18,0,0
BRDA:167,18,1,0
BRDA:169,19,0,0
BRDA:169,19,1,0
BRDA:191,20,0,0
BRDA:191,20,1,0
BRDA:192,21,0,0
BRDA:192,21,1,0
BRDA:202,22,0,0
BRDA:202,22,1,0
BRDA:207,23,0,0
BRDA:207,23,1,0
BRDA:208,24,0,0
BRDA:208,24,1,0
BRDA:213,25,0,0
BRDA:213,25,1,0
BRDA:214,26,0,0
BRDA:214,26,1,0
BRDA:219,27,0,0
BRDA:219,27,1,0
BRDA:220,28,0,0
BRDA:220,28,1,0
BRDA:231,29,0,0
BRDA:231,29,1,0
BRF:64
BRH:0
end_of_record
TN:
SF:src\components\BiometricLoginButton.tsx
FN:15,(anonymous_0)
FN:25,(anonymous_1)
FN:29,(anonymous_2)
FN:39,(anonymous_3)
FN:47,(anonymous_4)
FNF:5
FNH:0
FNDA:0,(anonymous_0)
FNDA:0,(anonymous_1)
FNDA:0,(anonymous_2)
FNDA:0,(anonymous_3)
FNDA:0,(anonymous_4)
DA:15,0
DA:19,0
DA:20,0
DA:21,0
DA:22,0
DA:23,0
DA:25,0
DA:26,0
DA:29,0
DA:30,0
DA:31,0
DA:32,0
DA:34,0
DA:35,0
DA:37,0
DA:38,0
DA:39,0
DA:40,0
DA:43,0
DA:47,0
DA:48,0
DA:49,0
DA:52,0
DA:53,0
DA:54,0
DA:55,0
DA:57,0
DA:60,0
DA:62,0
DA:65,0
DA:70,0
DA:72,0
DA:77,0
DA:78,0
DA:81,0
DA:105,0
LF:36
LH:0
BRDA:37,0,0,0
BRDA:37,0,1,0
BRDA:48,1,0,0
BRDA:48,1,1,0
BRDA:48,2,0,0
BRDA:48,2,1,0
BRDA:60,3,0,0
BRDA:60,3,1,0
BRDA:60,4,0,0
BRDA:60,4,1,0
BRDA:77,5,0,0
BRDA:77,5,1,0
BRDA:77,6,0,0
BRDA:77,6,1,0
BRDA:85,7,0,0
BRDA:85,7,1,0
BRDA:95,8,0,0
BRDA:95,8,1,0
BRDA:97,9,0,0
BRDA:97,9,1,0
BRDA:98,10,0,0
BRDA:98,10,1,0
BRF:22
BRH:0
end_of_record
TN:
SF:src\components\BiometricSettings.tsx
FN:10,(anonymous_0)
FN:17,(anonymous_1)
FN:21,(anonymous_2)
FN:31,(anonymous_3)
FN:39,(anonymous_4)
FN:62,(anonymous_5)
FN:81,(anonymous_6)
FNF:7
FNH:0
FNDA:0,(anonymous_0)
FNDA:0,(anonymous_1)
FNDA:0,(anonymous_2)
FNDA:0,(anonymous_3)
FNDA:0,(anonymous_4)
FNDA:0,(anonymous_5)
FNDA:0,(anonymous_6)
DA:10,0
DA:11,0
DA:12,0
DA:13,0
DA:14,0
DA:15,0
DA:17,0
DA:18,0
DA:21,0
DA:22,0
DA:23,0
DA:24,0
DA:26,0
DA:27,0
DA:29,0
DA:30,0
DA:31,0
DA:32,0
DA:35,0
DA:39,0
DA:40,0
DA:42,0
DA:43,0
DA:44,0
DA:46,0
DA:47,0
DA:48,0
DA:54,0
DA:63,0
DA:64,0
DA:71,0
DA:72,0
DA:77,0
DA:81,0
DA:82,0
DA:83,0
DA:84,0
DA:85,0
DA:87,0
DA:88,0
DA:89,0
DA:92,0
DA:97,0
DA:98,0
DA:110,0
DA:161,0
LF:46
LH:0
BRDA:29,0,0,0
BRDA:29,0,1,0
BRDA:40,1,0,0
BRDA:40,1,1,0
BRDA:44,2,0,0
BRDA:44,2,1,0
BRDA:74,3,0,0
BRDA:74,3,1,0
BRDA:88,4,0,0
BRDA:88,4,1,0
BRDA:88,5,0,0
BRDA:88,5,1,0
BRDA:97,6,0,0
BRDA:97,6,1,0
BRDA:136,7,0,0
BRDA:136,7,1,0
BRDA:140,8,0,0
BRDA:140,8,1,0
BRF:18
BRH:0
end_of_record
TN:
SF:src\components\BusinessDashboard.tsx
FN:25,(anonymous_0)
FN:40,(anonymous_1)
FN:43,(anonymous_2)
FN:55,(anonymous_3)
FN:102,(anonymous_4)
FN:120,(anonymous_5)
FN:141,(anonymous_6)
FN:147,(anonymous_7)
FN:155,(anonymous_8)
FN:163,(anonymous_9)
FN:171,(anonymous_10)
FN:208,(anonymous_11)
FN:218,(anonymous_12)
FN:228,(anonymous_13)
FN:242,(anonymous_14)
FN:287,(anonymous_15)
FN:295,(anonymous_16)
FN:308,(anonymous_17)
FN:317,(anonymous_18)
FN:326,(anonymous_19)
FN:335,(anonymous_20)
FN:344,(anonymous_21)
FN:353,(anonymous_22)
FN:366,(anonymous_23)
FNF:24
FNH:0
FNDA:0,(anonymous_0)
FNDA:0,(anonymous_1)
FNDA:0,(anonymous_2)
FNDA:0,(anonymous_3)
FNDA:0,(anonymous_4)
FNDA:0,(anonymous_5)
FNDA:0,(anonymous_6)
FNDA:0,(anonymous_7)
FNDA:0,(anonymous_8)
FNDA:0,(anonymous_9)
FNDA:0,(anonymous_10)
FNDA:0,(anonymous_11)
FNDA:0,(anonymous_12)
FNDA:0,(anonymous_13)
FNDA:0,(anonymous_14)
FNDA:0,(anonymous_15)
FNDA:0,(anonymous_16)
FNDA:0,(anonymous_17)
FNDA:0,(anonymous_18)
FNDA:0,(anonymous_19)
FNDA:0,(anonymous_20)
FNDA:0,(anonymous_21)
FNDA:0,(anonymous_22)
FNDA:0,(anonymous_23)
DA:25,0
DA:29,0
DA:30,0
DA:32,0
DA:38,0
DA:40,0
DA:41,0
DA:43,0
DA:46,0
DA:47,0
DA:55,0
DA:64,0
DA:102,0
DA:103,0
DA:120,0
DA:121,0
DA:141,0
DA:142,0
DA:147,0
DA:155,0
DA:163,0
DA:171,0
DA:180,0
DA:208,0
DA:218,0
DA:228,0
DA:242,0
DA:287,0
DA:295,0
DA:308,0
DA:317,0
DA:326,0
DA:335,0
DA:344,0
DA:353,0
DA:366,0
DA:376,0
DA:377,0
DA:379,0
LF:39
LH:0
BRDA:46,0,0,0
BRDA:46,0,1,0
BRDA:46,1,0,0
BRDA:46,1,1,0
BRDA:74,2,0,0
BRDA:74,2,1,0
BRDA:79,3,0,0
BRDA:79,3,1,0
BRDA:82,4,0,0
BRDA:82,4,1,0
BRDA:83,5,0,0
BRDA:83,5,1,0
BRDA:85,6,0,0
BRDA:85,6,1,0
BRDA:86,7,0,0
BRDA:86,7,1,0
BRDA:91,8,0,0
BRDA:91,8,1,0
BRDA:92,9,0,0
BRDA:92,9,1,0
BRDA:95,10,0,0
BRDA:95,10,1,0
BRDA:107,11,0,0
BRDA:107,11,1,0
BRDA:108,12,0,0
BRDA:108,12,1,0
BRDA:125,13,0,0
BRDA:125,13,1,0
BRDA:130,14,0,0
BRDA:130,14,1,0
BRDA:132,15,0,0
BRDA:132,15,1,0
BRDA:197,16,0,0
BRDA:197,16,1,0
BRDA:249,17,0,0
BRDA:249,17,1,0
BRDA:284,18,0,0
BRDA:284,18,1,0
BRDA:292,19,0,0
BRDA:292,19,1,0
BRDA:432,20,0,0
BRDA:432,20,1,0
BRDA:598,21,0,0
BRDA:598,21,1,0
BRDA:623,22,0,0
BRDA:623,22,1,0
BRF:46
BRH:0
end_of_record
TN:
SF:src\components\CommunityEndorsement.tsx
FN:69,(anonymous_0)
FN:85,(anonymous_1)
FN:105,(anonymous_2)
FN:117,(anonymous_3)
FN:125,(anonymous_4)
FN:139,(anonymous_5)
FN:147,(anonymous_6)
FN:152,(anonymous_7)
FN:194,(anonymous_8)
FN:198,(anonymous_9)
FN:210,(anonymous_10)
FN:217,(anonymous_11)
FN:242,(anonymous_12)
FNF:13
FNH:0
FNDA:0,(anonymous_0)
FNDA:0,(anonymous_1)
FNDA:0,(anonymous_2)
FNDA:0,(anonymous_3)
FNDA:0,(anonymous_4)
FNDA:0,(anonymous_5)
FNDA:0,(anonymous_6)
FNDA:0,(anonymous_7)
FNDA:0,(anonymous_8)
FNDA:0,(anonymous_9)
FNDA:0,(anonymous_10)
FNDA:0,(anonymous_11)
FNDA:0,(anonymous_12)
DA:27,0
DA:69,0
DA:77,0
DA:78,0
DA:79,0
DA:80,0
DA:82,0
DA:83,0
DA:85,0
DA:86,0
DA:88,0
DA:89,0
DA:90,0
DA:93,0
DA:94,0
DA:95,0
DA:98,0
DA:99,0
DA:106,0
DA:111,0
DA:118,0
DA:119,0
DA:126,0
DA:127,0
DA:134,0
DA:135,0
DA:139,0
DA:140,0
DA:141,0
DA:142,0
DA:143,0
DA:144,0
DA:147,0
DA:148,0
DA:149,0
DA:152,0
DA:153,0
DA:156,0
DA:195,0
DA:198,0
DA:211,0
DA:217,0
DA:243,0
DA:244,0
DA:322,0
LF:45
LH:0
BRDA:86,0,0,0
BRDA:86,0,1,0
BRDA:88,1,0,0
BRDA:88,1,1,0
BRDA:93,2,0,0
BRDA:93,2,1,0
BRDA:103,3,0,0
BRDA:103,3,1,0
BRDA:153,4,0,0
BRDA:153,4,1,0
BRDA:202,5,0,0
BRDA:202,5,1,0
BRDA:208,6,0,0
BRDA:208,6,1,0
BRDA:215,7,0,0
BRDA:215,7,1,0
BRDA:221,8,0,0
BRDA:221,8,1,0
BRDA:225,9,0,0
BRDA:225,9,1,0
BRDA:244,10,0,0
BRDA:244,10,1,0
BRDA:276,11,0,0
BRDA:276,11,1,0
BRDA:276,11,2,0
BRDA:283,12,0,0
BRDA:283,12,1,0
BRDA:286,13,0,0
BRDA:286,13,1,0
BRDA:302,14,0,0
BRDA:302,14,1,0
BRDA:302,14,2,0
BRDA:305,15,0,0
BRDA:305,15,1,0
BRDA:305,15,2,0
BRDA:307,16,0,0
BRDA:307,16,1,0
BRF:37
BRH:0
end_of_record
TN:
SF:src\components\ContractorCard.tsx
FN:23,(anonymous_0)
FN:26,(anonymous_1)
FN:105,(anonymous_2)
FN:128,(anonymous_3)
FN:144,(anonymous_4)
FN:223,(anonymous_5)
FNF:6
FNH:0
FNDA:0,(anonymous_0)
FNDA:0,(anonymous_1)
FNDA:0,(anonymous_2)
FNDA:0,(anonymous_3)
FNDA:0,(anonymous_4)
FNDA:0,(anonymous_5)
DA:15,0
DA:23,0
DA:24,0
DA:26,0
DA:27,0
DA:28,0
DA:29,0
DA:31,0
DA:32,0
DA:37,0
DA:38,0
DA:43,0
DA:44,0
DA:45,0
DA:50,0
DA:53,0
DA:106,0
DA:128,0
DA:145,0
DA:167,0
DA:224,0
DA:244,0
LF:22
LH:0
BRDA:37,0,0,0
BRDA:37,0,1,0
BRDA:61,1,0,0
BRDA:61,1,1,0
BRDA:80,2,0,0
BRDA:80,2,1,0
BRDA:83,3,0,0
BRDA:83,3,1,0
BRDA:87,4,0,0
BRDA:87,4,1,0
BRDA:95,5,0,0
BRDA:95,5,1,0
BRDA:101,6,0,0
BRDA:101,6,1,0
BRDA:101,6,2,0
BRDA:110,7,0,0
BRDA:110,7,1,0
BRDA:119,8,0,0
BRDA:119,8,1,0
BRDA:131,9,0,0
BRDA:131,9,1,0
BRDA:134,10,0,0
BRDA:134,10,1,0
BRDA:140,11,0,0
BRDA:140,11,1,0
BRDA:140,11,2,0
BRDA:140,11,3,0
BRDA:154,12,0,0
BRDA:154,12,1,0
BRF:29
BRH:0
end_of_record
TN:
SF:src\components\ContractorDiscoverView.tsx
FN:23,(anonymous_0)
FN:26,(anonymous_1)
FN:53,(anonymous_2)
FN:56,(anonymous_3)
FN:145,(anonymous_4)
FN:218,(anonymous_5)
FN:221,(anonymous_6)
FN:222,(anonymous_7)
FNF:8
FNH:0
FNDA:0,(anonymous_0)
FNDA:0,(anonymous_1)
FNDA:0,(anonymous_2)
FNDA:0,(anonymous_3)
FNDA:0,(anonymous_4)
FNDA:0,(anonymous_5)
FNDA:0,(anonymous_6)
FNDA:0,(anonymous_7)
DA:15,0
DA:16,0
DA:23,0
DA:24,0
DA:26,0
DA:27,0
DA:28,0
DA:29,0
DA:31,0
DA:32,0
DA:37,0
DA:38,0
DA:43,0
DA:44,0
DA:45,0
DA:50,0
DA:53,0
DA:54,0
DA:56,0
DA:146,0
DA:201,0
DA:202,0
DA:213,0
DA:218,0
DA:221,0
DA:223,0
DA:224,0
DA:238,0
LF:28
LH:0
BRDA:37,0,0,0
BRDA:37,0,1,0
BRDA:62,1,0,0
BRDA:62,1,1,0
BRDA:84,2,0,0
BRDA:84,2,1,0
BRDA:90,3,0,0
BRDA:90,3,1,0
BRDA:93,4,0,0
BRDA:93,4,1,0
BRDA:119,5,0,0
BRDA:119,5,1,0
BRDA:125,6,0,0
BRDA:125,6,1,0
BRDA:141,7,0,0
BRDA:141,7,1,0
BRDA:141,7,2,0
BRDA:150,8,0,0
BRDA:150,8,1,0
BRDA:169,9,0,0
BRDA:169,9,1,0
BRDA:170,10,0,0
BRDA:170,10,1,0
BRDA:201,11,0,0
BRDA:201,11,1,0
BRF:25
BRH:0
end_of_record
TN:
SF:src\components\ContractorMapView.tsx
FN:12,(anonymous_0)
FN:21,(anonymous_1)
FN:25,(anonymous_2)
FN:73,(anonymous_3)
FN:83,(anonymous_4)
FN:108,(anonymous_5)
FN:159,(anonymous_6)
FNF:7
FNH:0
FNDA:0,(anonymous_0)
FNDA:0,(anonymous_1)
FNDA:0,(anonymous_2)
FNDA:0,(anonymous_3)
FNDA:0,(anonymous_4)
FNDA:0,(anonymous_5)
FNDA:0,(anonymous_6)
DA:12,0
DA:13,0
DA:14,0
DA:21,0
DA:22,0
DA:25,0
DA:26,0
DA:27,0
DA:28,0
DA:30,0
DA:31,0
DA:36,0
DA:37,0
DA:42,0
DA:43,0
DA:44,0
DA:49,0
DA:52,0
DA:74,0
DA:83,0
DA:108,0
DA:160,0
DA:215,0
LF:23
LH:0
BRDA:36,0,0,0
BRDA:36,0,1,0
BRDA:103,1,0,0
BRDA:103,1,1,0
BRDA:118,2,0,0
BRDA:118,2,1,0
BRDA:135,3,0,0
BRDA:135,3,1,0
BRDA:138,4,0,0
BRDA:138,4,1,0
BRDA:148,5,0,0
BRDA:148,5,1,0
BRDA:155,6,0,0
BRDA:155,6,1,0
BRDA:155,6,2,0
BRDA:173,7,0,0
BRDA:173,7,1,0
BRDA:179,8,0,0
BRDA:179,8,1,0
BRF:19
BRH:0
end_of_record
TN:
SF:src\components\ContractorPost.tsx
FN:27,(anonymous_0)
FN:36,(anonymous_1)
FN:42,(anonymous_2)
FN:49,(anonymous_3)
FN:64,(anonymous_4)
FN:69,(anonymous_5)
FN:78,(anonymous_6)
FN:87,(anonymous_7)
FN:104,(anonymous_8)
FN:121,(anonymous_9)
FN:138,(anonymous_10)
FN:205,(anonymous_11)
FN:251,(anonymous_12)
FN:298,(anonymous_13)
FN:307,(anonymous_14)
FNF:15
FNH:0
FNDA:0,(anonymous_0)
FNDA:0,(anonymous_1)
FNDA:0,(anonymous_2)
FNDA:0,(anonymous_3)
FNDA:0,(anonymous_4)
FNDA:0,(anonymous_5)
FNDA:0,(anonymous_6)
FNDA:0,(anonymous_7)
FNDA:0,(anonymous_8)
FNDA:0,(anonymous_9)
FNDA:0,(anonymous_10)
FNDA:0,(anonymous_11)
FNDA:0,(anonymous_12)
FNDA:0,(anonymous_13)
FNDA:0,(anonymous_14)
DA:20,0
DA:27,0
DA:28,0
DA:29,0
DA:30,0
DA:31,0
DA:32,0
DA:33,0
DA:34,0
DA:36,0
DA:37,0
DA:39,0
DA:40,0
DA:41,0
DA:42,0
DA:44,0
DA:45,0
DA:49,0
DA:50,0
DA:52,0
DA:53,0
DA:54,0
DA:55,0
DA:57,0
DA:58,0
DA:60,0
DA:64,0
DA:65,0
DA:66,0
DA:69,0
DA:70,0
DA:72,0
DA:73,0
DA:78,0
DA:79,0
DA:80,0
DA:82,0
DA:83,0
DA:87,0
DA:88,0
DA:90,0
DA:92,0
DA:94,0
DA:96,0
DA:98,0
DA:100,0
DA:104,0
DA:105,0
DA:107,0
DA:109,0
DA:111,0
DA:113,0
DA:115,0
DA:117,0
DA:121,0
DA:122,0
DA:124,0
DA:126,0
DA:128,0
DA:130,0
DA:132,0
DA:134,0
DA:138,0
DA:139,0
DA:140,0
DA:141,0
DA:142,0
DA:143,0
DA:145,0
DA:146,0
DA:147,0
DA:148,0
DA:151,0
DA:206,0
DA:252,0
DA:298,0
DA:308,0
DA:359,0
LF:78
LH:0
BRDA:29,0,0,0
BRDA:29,0,1,0
BRDA:37,1,0,0
BRDA:37,1,1,0
BRDA:42,2,0,0
BRDA:42,2,1,0
BRDA:50,3,0,0
BRDA:50,3,1,0
BRDA:70,4,0,0
BRDA:70,4,1,0
BRDA:70,5,0,0
BRDA:70,5,1,0
BRDA:88,6,0,0
BRDA:88,6,1,0
BRDA:88,6,2,0
BRDA:88,6,3,0
BRDA:88,6,4,0
BRDA:88,6,5,0
BRDA:105,7,0,0
BRDA:105,7,1,0
BRDA:105,7,2,0
BRDA:105,7,3,0
BRDA:105,7,4,0
BRDA:105,7,5,0
BRDA:122,8,0,0
BRDA:122,8,1,0
BRDA:122,8,2,0
BRDA:122,8,3,0
BRDA:122,8,4,0
BRDA:122,8,5,0
BRDA:145,9,0,0
BRDA:145,9,1,0
BRDA:146,10,0,0
BRDA:146,10,1,0
BRDA:147,11,0,0
BRDA:147,11,1,0
BRDA:157,12,0,0
BRDA:157,12,1,0
BRDA:182,13,0,0
BRDA:182,13,1,0
BRDA:185,14,0,0
BRDA:185,14,1,0
BRDA:186,15,0,0
BRDA:186,15,1,0
BRDA:201,16,0,0
BRDA:201,16,1,0
BRDA:201,16,2,0
BRDA:215,17,0,0
BRDA:215,17,1,0
BRDA:217,18,0,0
BRDA:217,18,1,0
BRDA:223,19,0,0
BRDA:223,19,1,0
BRDA:233,20,0,0
BRDA:233,20,1,0
BRDA:239,21,0,0
BRDA:239,21,1,0
BRDA:249,22,0,0
BRDA:249,22,1,0
BRDA:249,22,2,0
BRDA:265,23,0,0
BRDA:265,23,1,0
BRDA:269,24,0,0
BRDA:269,24,1,0
BRDA:271,25,0,0
BRDA:271,25,1,0
BRDA:273,26,0,0
BRDA:273,26,1,0
BRDA:304,27,0,0
BRDA:304,27,1,0
BRDA:306,28,0,0
BRDA:306,28,1,0
BRDA:318,29,0,0
BRDA:318,29,1,0
BRDA:331,30,0,0
BRDA:331,30,1,0
BRDA:348,31,0,0
BRDA:348,31,1,0
BRF:78
BRH:0
end_of_record
TN:
SF:src\components\ErrorBoundary-fallback.tsx
FN:17,(anonymous_0)
FN:22,(anonymous_1)
FN:26,(anonymous_2)
FN:45,(anonymous_3)
FN:49,(anonymous_4)
FNF:5
FNH:0
FNDA:0,(anonymous_0)
FNDA:0,(anonymous_1)
FNDA:0,(anonymous_2)
FNDA:0,(anonymous_3)
FNDA:0,(anonymous_4)
DA:18,0
DA:19,0
DA:23,0
DA:27,0
DA:28,0
DA:30,0
DA:36,0
DA:37,0
DA:38,0
DA:40,0
DA:45,0
DA:46,0
DA:50,0
DA:52,0
DA:53,0
DA:54,0
DA:56,0
DA:62,0
DA:87,0
DA:91,0
LF:20
LH:0
BRDA:36,0,0,0
BRDA:36,0,1,0
BRDA:50,1,0,0
BRDA:50,1,1,0
BRDA:52,2,0,0
BRDA:52,2,1,0
BRDA:52,3,0,0
BRDA:52,3,1,0
BRF:8
BRH:0
end_of_record
TN:
SF:src\components\ErrorBoundary.tsx
FN:21,(anonymous_0)
FN:26,(anonymous_1)
FN:30,(anonymous_2)
FN:43,(anonymous_3)
FN:52,(anonymous_4)
FN:57,(anonymous_5)
FN:61,(anonymous_6)
FN:70,(anonymous_7)
FN:80,(anonymous_8)
FNF:9
FNH:0
FNDA:0,(anonymous_0)
FNDA:0,(anonymous_1)
FNDA:0,(anonymous_2)
FNDA:0,(anonymous_3)
FNDA:0,(anonymous_4)
FNDA:0,(anonymous_5)
FNDA:0,(anonymous_6)
FNDA:0,(anonymous_7)
FNDA:0,(anonymous_8)
DA:22,0
DA:23,0
DA:27,0
DA:31,0
DA:34,0
DA:35,0
DA:38,0
DA:39,0
DA:43,0
DA:44,0
DA:53,0
DA:57,0
DA:58,0
DA:61,0
DA:62,0
DA:63,0
DA:72,0
DA:81,0
DA:83,0
DA:84,0
DA:87,0
DA:125,0
DA:129,0
LF:23
LH:0
BRDA:38,0,0,0
BRDA:38,0,1,0
BRDA:62,1,0,0
BRDA:62,1,1,0
BRDA:62,2,0,0
BRDA:62,2,1,0
BRDA:81,3,0,0
BRDA:81,3,1,0
BRDA:83,4,0,0
BRDA:83,4,1,0
BRDA:83,5,0,0
BRDA:83,5,1,0
BRDA:96,6,0,0
BRDA:96,6,1,0
BRDA:100,7,0,0
BRDA:100,7,1,0
BRDA:100,7,2,0
BRF:17
BRH:0
end_of_record
TN:
SF:src\components\JobCard.tsx
FN:13,(anonymous_0)
FN:19,(anonymous_1)
FN:29,(anonymous_2)
FN:72,(anonymous_3)
FNF:4
FNH:4
FNDA:9,(anonymous_0)
FNDA:9,(anonymous_1)
FNDA:1,(anonymous_2)
FNDA:1,(anonymous_3)
DA:13,1
DA:19,9
DA:20,9
DA:23,9
DA:24,9
DA:26,9
DA:29,1
DA:72,1
DA:81,1
LF:9
LH:9
BRDA:17,0,0,7
BRDA:24,1,0,8
BRDA:24,1,1,1
BRDA:46,2,0,9
BRDA:46,2,1,8
BRDA:50,3,0,9
BRDA:50,3,1,8
BRDA:63,4,0,9
BRDA:63,4,1,8
BRDA:63,4,2,8
BRDA:69,5,0,9
BRDA:69,5,1,2
BRDA:69,5,2,2
BRF:13
BRH:13
end_of_record
TN:
SF:src\components\JobListOffline.tsx
FN:24,(anonymous_0)
FN:32,(anonymous_1)
FN:39,(anonymous_2)
FN:47,(anonymous_3)
FN:75,(anonymous_4)
FN:88,(anonymous_5)
FN:91,(anonymous_6)
FN:127,(anonymous_7)
FN:152,(anonymous_8)
FN:163,(anonymous_9)
FN:203,(anonymous_10)
FNF:11
FNH:0
FNDA:0,(anonymous_0)
FNDA:0,(anonymous_1)
FNDA:0,(anonymous_2)
FNDA:0,(anonymous_3)
FNDA:0,(anonymous_4)
FNDA:0,(anonymous_5)
FNDA:0,(anonymous_6)
FNDA:0,(anonymous_7)
FNDA:0,(anonymous_8)
FNDA:0,(anonymous_9)
FNDA:0,(anonymous_10)
DA:24,0
DA:28,0
DA:29,0
DA:30,0
DA:32,0
DA:33,0
DA:34,0
DA:39,0
DA:42,0
DA:44,0
DA:47,0
DA:48,0
DA:49,0
DA:59,0
DA:64,0
DA:66,0
DA:67,0
DA:68,0
DA:70,0
DA:75,0
DA:76,0
DA:77,0
DA:82,0
DA:85,0
DA:88,0
DA:89,0
DA:91,0
DA:127,0
DA:128,0
DA:152,0
DA:153,0
DA:163,0
DA:170,0
DA:203,0
DA:229,0
LF:35
LH:0
BRDA:26,0,0,0
BRDA:28,1,0,0
BRDA:33,2,0,0
BRDA:33,2,1,0
BRDA:64,3,0,0
BRDA:64,3,1,0
BRDA:67,4,0,0
BRDA:67,4,1,0
BRDA:76,5,0,0
BRDA:76,5,1,0
BRDA:101,6,0,0
BRDA:101,6,1,0
BRDA:102,7,0,0
BRDA:102,7,1,0
BRDA:106,8,0,0
BRDA:106,8,1,0
BRDA:107,9,0,0
BRDA:107,9,1,0
BRDA:130,10,0,0
BRDA:130,10,1,0
BRDA:135,11,0,0
BRDA:135,11,1,0
BRDA:138,12,0,0
BRDA:138,12,1,0
BRDA:143,13,0,0
BRDA:143,13,1,0
BRDA:157,14,0,0
BRDA:157,14,1,0
BRDA:162,15,0,0
BRDA:162,15,1,0
BRDA:177,16,0,0
BRDA:177,16,1,0
BRDA:183,17,0,0
BRDA:183,17,1,0
BRDA:199,18,0,0
BRDA:199,18,1,0
BRDA:214,19,0,0
BRDA:214,19,1,0
BRDA:218,20,0,0
BRDA:218,20,1,0
BRDA:221,21,0,0
BRDA:221,21,1,0
BRF:42
BRH:0
end_of_record
TN:
SF:src\components\LazyLoadingBoundary.tsx
FN:35,(anonymous_0)
FN:60,(anonymous_1)
FN:86,(anonymous_2)
FN:95,(anonymous_3)
FN:102,(anonymous_4)
FN:127,(anonymous_5)
FN:133,(anonymous_6)
FN:142,(anonymous_7)
FN:147,(anonymous_8)
FN:158,(anonymous_9)
FN:160,(anonymous_10)
FN:181,(anonymous_11)
FN:218,(anonymous_12)
FN:230,(anonymous_13)
FN:239,(anonymous_14)
FN:240,(anonymous_15)
FNF:16
FNH:0
FNDA:0,(anonymous_0)
FNDA:0,(anonymous_1)
FNDA:0,(anonymous_2)
FNDA:0,(anonymous_3)
FNDA:0,(anonymous_4)
FNDA:0,(anonymous_5)
FNDA:0,(anonymous_6)
FNDA:0,(anonymous_7)
FNDA:0,(anonymous_8)
FNDA:0,(anonymous_9)
FNDA:0,(anonymous_10)
FNDA:0,(anonymous_11)
FNDA:0,(anonymous_12)
FNDA:0,(anonymous_13)
FNDA:0,(anonymous_14)
FNDA:0,(anonymous_15)
DA:35,0
DA:39,0
DA:41,0
DA:60,0
DA:61,0
DA:87,0
DA:88,0
DA:96,0
DA:103,0
DA:106,0
DA:112,0
DA:114,0
DA:122,0
DA:123,0
DA:128,0
DA:129,0
DA:134,0
DA:135,0
DA:142,0
DA:143,0
DA:144,0
DA:147,0
DA:148,0
DA:158,0
DA:159,0
DA:160,0
DA:168,0
DA:169,0
DA:173,0
DA:174,0
DA:177,0
DA:182,0
DA:183,0
DA:186,0
DA:187,0
DA:198,0
DA:200,0
DA:218,0
DA:230,0
DA:231,0
DA:239,0
DA:240,0
DA:241,0
DA:247,0
DA:253,0
LF:45
LH:0
BRDA:39,0,0,0
BRDA:39,0,1,0
BRDA:39,1,0,0
BRDA:39,1,1,0
BRDA:64,2,0,0
BRDA:64,2,1,0
BRDA:69,3,0,0
BRDA:69,3,1,0
BRDA:103,4,0,0
BRDA:106,5,0,0
BRDA:106,5,1,0
BRDA:112,6,0,0
BRDA:112,6,1,0
BRDA:112,7,0,0
BRDA:112,7,1,0
BRDA:122,8,0,0
BRDA:122,8,1,0
BRDA:128,9,0,0
BRDA:128,9,1,0
BRDA:134,10,0,0
BRDA:134,10,1,0
BRDA:148,11,0,0
BRDA:148,11,1,0
BRDA:159,12,0,0
BRDA:159,12,1,0
BRDA:168,13,0,0
BRDA:168,13,1,0
BRDA:173,14,0,0
BRDA:173,14,1,0
BRDA:177,15,0,0
BRDA:177,15,1,0
BRDA:186,16,0,0
BRDA:186,16,1,0
BRDA:186,17,0,0
BRDA:186,17,1,0
BRDA:198,18,0,0
BRDA:198,18,1,0
BRDA:205,19,0,0
BRDA:205,19,1,0
BRF:39
BRH:0
end_of_record
TN:
SF:src\components\LoadingSpinner.tsx
FN:10,(anonymous_0)
FN:27,(anonymous_1)
FNF:2
FNH:2
FNDA:6,(anonymous_0)
FNDA:1,(anonymous_1)
DA:10,1
DA:15,6
DA:27,1
DA:30,1
DA:38,1
LF:5
LH:5
BRDA:11,0,0,4
BRDA:12,1,0,5
BRDA:13,2,0,5
BRDA:18,3,0,6
BRDA:18,3,1,6
BRDA:28,4,0,1
BRF:6
BRH:6
end_of_record
TN:
SF:src\components\NeighborhoodLeaderboard.tsx
FN:27,(anonymous_0)
FN:56,(anonymous_1)
FN:62,(anonymous_2)
FN:66,(anonymous_3)
FN:115,(anonymous_4)
FN:139,(anonymous_5)
FN:143,(anonymous_6)
FN:166,(anonymous_7)
FN:188,(anonymous_8)
FN:209,(anonymous_9)
FN:238,(anonymous_10)
FN:295,(anonymous_11)
FN:312,(anonymous_12)
FN:329,(anonymous_13)
FN:349,(anonymous_14)
FN:357,(anonymous_15)
FN:365,(anonymous_16)
FNF:17
FNH:0
FNDA:0,(anonymous_0)
FNDA:0,(anonymous_1)
FNDA:0,(anonymous_2)
FNDA:0,(anonymous_3)
FNDA:0,(anonymous_4)
FNDA:0,(anonymous_5)
FNDA:0,(anonymous_6)
FNDA:0,(anonymous_7)
FNDA:0,(anonymous_8)
FNDA:0,(anonymous_9)
FNDA:0,(anonymous_10)
FNDA:0,(anonymous_11)
FNDA:0,(anonymous_12)
FNDA:0,(anonymous_13)
FNDA:0,(anonymous_14)
FNDA:0,(anonymous_15)
FNDA:0,(anonymous_16)
DA:27,0
DA:32,0
DA:33,0
DA:40,0
DA:45,0
DA:54,0
DA:56,0
DA:57,0
DA:58,0
DA:59,0
DA:62,0
DA:63,0
DA:66,0
DA:116,0
DA:139,0
DA:140,0
DA:143,0
DA:167,0
DA:188,0
DA:189,0
DA:209,0
DA:224,0
DA:225,0
DA:233,0
DA:234,0
DA:238,0
DA:245,0
DA:246,0
DA:254,0
DA:256,0
DA:295,0
DA:312,0
DA:329,0
DA:350,0
DA:358,0
DA:366,0
DA:375,0
LF:37
LH:0
BRDA:65,0,0,0
BRDA:65,0,1,0
BRDA:71,1,0,0
BRDA:71,1,1,0
BRDA:75,2,0,0
BRDA:75,2,1,0
BRDA:77,3,0,0
BRDA:77,3,1,0
BRDA:77,4,0,0
BRDA:77,4,1,0
BRDA:79,5,0,0
BRDA:79,5,1,0
BRDA:79,6,0,0
BRDA:79,6,1,0
BRDA:85,7,0,0
BRDA:85,7,1,0
BRDA:113,8,0,0
BRDA:113,8,1,0
BRDA:123,9,0,0
BRDA:123,9,1,0
BRDA:169,10,0,0
BRDA:169,10,1,0
BRDA:177,11,0,0
BRDA:177,11,1,0
BRDA:177,11,2,0
BRDA:195,12,0,0
BRDA:195,12,1,0
BRDA:224,13,0,0
BRDA:224,13,1,0
BRDA:224,14,0,0
BRDA:224,14,1,0
BRDA:233,15,0,0
BRDA:233,15,1,0
BRDA:245,16,0,0
BRDA:245,16,1,0
BRDA:254,17,0,0
BRDA:254,17,1,0
BRDA:280,18,0,0
BRDA:280,18,1,0
BRDA:294,19,0,0
BRDA:294,19,1,0
BRDA:300,20,0,0
BRDA:300,20,1,0
BRDA:304,21,0,0
BRDA:304,21,1,0
BRDA:311,22,0,0
BRDA:311,22,1,0
BRDA:317,23,0,0
BRDA:317,23,1,0
BRDA:321,24,0,0
BRDA:321,24,1,0
BRDA:328,25,0,0
BRDA:328,25,1,0
BRDA:334,26,0,0
BRDA:334,26,1,0
BRDA:338,27,0,0
BRDA:338,27,1,0
BRDA:347,28,0,0
BRDA:347,28,1,0
BRDA:355,29,0,0
BRDA:355,29,1,0
BRDA:363,30,0,0
BRDA:363,30,1,0
BRF:63
BRH:0
end_of_record
TN:
SF:src\components\OfflineSyncStatus.tsx
FN:23,(anonymous_0)
FN:36,(anonymous_1)
FN:38,(anonymous_2)
FN:49,(anonymous_3)
FN:64,(anonymous_4)
FN:82,(anonymous_5)
FN:88,(anonymous_6)
FN:102,(anonymous_7)
FN:111,(anonymous_8)
FN:120,(anonymous_9)
FNF:10
FNH:0
FNDA:0,(anonymous_0)
FNDA:0,(anonymous_1)
FNDA:0,(anonymous_2)
FNDA:0,(anonymous_3)
FNDA:0,(anonymous_4)
FNDA:0,(anonymous_5)
FNDA:0,(anonymous_6)
FNDA:0,(anonymous_7)
FNDA:0,(anonymous_8)
FNDA:0,(anonymous_9)
DA:23,0
DA:28,0
DA:29,0
DA:30,0
DA:31,0
DA:33,0
DA:34,0
DA:36,0
DA:38,0
DA:39,0
DA:40,0
DA:44,0
DA:46,0
DA:49,0
DA:50,0
DA:52,0
DA:53,0
DA:55,0
DA:64,0
DA:66,0
DA:67,0
DA:81,0
DA:82,0
DA:84,0
DA:88,0
DA:89,0
DA:90,0
DA:91,0
DA:93,0
DA:98,0
DA:102,0
DA:103,0
DA:112,0
DA:113,0
DA:120,0
DA:121,0
DA:122,0
DA:131,0
DA:133,0
DA:141,0
DA:149,0
DA:157,0
DA:167,0
DA:169,0
DA:170,0
DA:194,0
DA:253,0
LF:47
LH:0
BRDA:24,0,0,0
BRDA:25,1,0,0
BRDA:26,2,0,0
BRDA:33,3,0,0
BRDA:33,3,1,0
BRDA:50,4,0,0
BRDA:50,4,1,0
BRDA:50,4,2,0
BRDA:50,4,3,0
BRDA:52,5,0,0
BRDA:52,5,1,0
BRDA:56,6,0,0
BRDA:56,6,1,0
BRDA:56,7,0,0
BRDA:56,7,1,0
BRDA:66,8,0,0
BRDA:66,8,1,0
BRDA:121,9,0,0
BRDA:121,9,1,0
BRDA:126,10,0,0
BRDA:126,10,1,0
BRDA:131,11,0,0
BRDA:131,11,1,0
BRDA:131,11,2,0
BRDA:131,11,3,0
BRDA:169,12,0,0
BRDA:169,12,1,0
BRDA:198,13,0,0
BRDA:198,13,1,0
BRDA:219,14,0,0
BRDA:219,14,1,0
BRDA:228,15,0,0
BRDA:228,15,1,0
BRDA:228,15,2,0
BRDA:228,15,3,0
BRDA:239,16,0,0
BRDA:239,16,1,0
BRF:37
BRH:0
end_of_record
TN:
SF:src\components\ScreenErrorBoundary.tsx
FN:18,(anonymous_0)
FN:23,(anonymous_1)
FN:30,(anonymous_2)
FN:42,(anonymous_3)
FN:50,(anonymous_4)
FNF:5
FNH:0
FNDA:0,(anonymous_0)
FNDA:0,(anonymous_1)
FNDA:0,(anonymous_2)
FNDA:0,(anonymous_3)
FNDA:0,(anonymous_4)
DA:19,0
DA:20,0
DA:24,0
DA:31,0
DA:36,0
DA:42,0
DA:43,0
DA:51,0
DA:52,0
DA:53,0
DA:56,0
DA:85,0
DA:89,0
LF:13
LH:0
BRDA:51,0,0,0
BRDA:51,0,1,0
BRDA:52,1,0,0
BRDA:52,1,1,0
BRDA:52,2,0,0
BRDA:52,2,1,0
BRDA:66,3,0,0
BRDA:66,3,1,0
BRDA:66,3,2,0
BRDA:70,4,0,0
BRDA:70,4,1,0
BRF:11
BRH:0
end_of_record
TN:
SF:src\components\SearchBar.tsx
FN:35,(anonymous_0)
FN:64,(anonymous_1)
FN:68,(anonymous_2)
FN:74,(anonymous_3)
FN:79,(anonymous_4)
FN:86,(anonymous_5)
FN:94,(anonymous_6)
FN:101,(anonymous_7)
FN:104,(anonymous_8)
FN:108,(anonymous_9)
FN:116,(anonymous_10)
FN:124,(anonymous_11)
FN:132,(anonymous_12)
FN:235,(anonymous_13)
FN:239,(anonymous_14)
FNF:15
FNH:0
FNDA:0,(anonymous_0)
FNDA:0,(anonymous_1)
FNDA:0,(anonymous_2)
FNDA:0,(anonymous_3)
FNDA:0,(anonymous_4)
FNDA:0,(anonymous_5)
FNDA:0,(anonymous_6)
FNDA:0,(anonymous_7)
FNDA:0,(anonymous_8)
FNDA:0,(anonymous_9)
FNDA:0,(anonymous_10)
FNDA:0,(anonymous_11)
FNDA:0,(anonymous_12)
FNDA:0,(anonymous_13)
FNDA:0,(anonymous_14)
DA:35,0
DA:52,0
DA:53,0
DA:54,0
DA:56,0
DA:57,0
DA:58,0
DA:60,0
DA:61,0
DA:62,0
DA:64,0
DA:65,0
DA:68,0
DA:69,0
DA:70,0
DA:73,0
DA:74,0
DA:75,0
DA:79,0
DA:80,0
DA:81,0
DA:86,0
DA:87,0
DA:94,0
DA:95,0
DA:96,0
DA:97,0
DA:98,0
DA:101,0
DA:102,0
DA:104,0
DA:105,0
DA:108,0
DA:109,0
DA:110,0
DA:111,0
DA:112,0
DA:113,0
DA:116,0
DA:117,0
DA:118,0
DA:119,0
DA:120,0
DA:124,0
DA:125,0
DA:126,0
DA:127,0
DA:128,0
DA:129,0
DA:132,0
DA:133,0
DA:134,0
DA:137,0
DA:142,0
DA:147,0
DA:236,0
DA:239,0
DA:260,0
LF:58
LH:0
BRDA:37,0,0,0
BRDA:44,1,0,0
BRDA:45,2,0,0
BRDA:46,3,0,0
BRDA:47,4,0,0
BRDA:48,5,0,0
BRDA:50,6,0,0
BRDA:69,7,0,0
BRDA:69,7,1,0
BRDA:73,8,0,0
BRDA:73,8,1,0
BRDA:73,9,0,0
BRDA:73,9,1,0
BRDA:80,10,0,0
BRDA:80,10,1,0
BRDA:88,11,0,0
BRDA:88,11,1,0
BRDA:117,12,0,0
BRDA:117,12,1,0
BRDA:155,13,0,0
BRDA:155,13,1,0
BRDA:163,14,0,0
BRDA:163,14,1,0
BRDA:176,15,0,0
BRDA:176,15,1,0
BRDA:181,16,0,0
BRDA:181,16,1,0
BRDA:188,17,0,0
BRDA:188,17,1,0
BRDA:197,18,0,0
BRDA:197,18,1,0
BRDA:197,18,2,0
BRDA:197,18,3,0
BRDA:214,19,0,0
BRDA:214,19,1,0
BRDA:226,20,0,0
BRDA:226,20,1,0
BRDA:233,21,0,0
BRDA:233,21,1,0
BRDA:233,21,2,0
BRF:40
BRH:0
end_of_record
TN:
SF:src\components\ServiceErrorBoundary.tsx
FN:22,(anonymous_0)
FN:30,(anonymous_1)
FN:37,(anonymous_2)
FN:52,(anonymous_3)
FN:54,(anonymous_4)
FN:62,(anonymous_5)
FNF:6
FNH:0
FNDA:0,(anonymous_0)
FNDA:0,(anonymous_1)
FNDA:0,(anonymous_2)
FNDA:0,(anonymous_3)
FNDA:0,(anonymous_4)
FNDA:0,(anonymous_5)
DA:20,0
DA:23,0
DA:24,0
DA:31,0
DA:38,0
DA:45,0
DA:46,0
DA:48,0
DA:52,0
DA:53,0
DA:54,0
DA:63,0
DA:64,0
DA:65,0
DA:68,0
DA:70,0
DA:104,0
DA:108,0
LF:18
LH:0
BRDA:45,0,0,0
BRDA:45,0,1,0
BRDA:53,1,0,0
BRDA:53,1,1,0
BRDA:63,2,0,0
BRDA:63,2,1,0
BRDA:64,3,0,0
BRDA:64,3,1,0
BRDA:76,4,0,0
BRDA:76,4,1,0
BRDA:79,5,0,0
BRDA:79,5,1,0
BRDA:87,6,0,0
BRDA:87,6,1,0
BRDA:93,7,0,0
BRDA:93,7,1,0
BRDA:93,7,2,0
BRF:17
BRH:0
end_of_record
TN:
SF:src\components\SkeletonLoader.tsx
FN:12,(anonymous_0)
FN:20,(anonymous_1)
FN:21,(anonymous_2)
FN:41,(anonymous_3)
FN:66,(anonymous_4)
FN:68,(anonymous_5)
FN:79,(anonymous_6)
FN:83,(anonymous_7)
FN:87,(anonymous_8)
FN:105,(anonymous_9)
FN:136,(anonymous_10)
FN:150,(anonymous_11)
FN:158,(anonymous_12)
FNF:13
FNH:0
FNDA:0,(anonymous_0)
FNDA:0,(anonymous_1)
FNDA:0,(anonymous_2)
FNDA:0,(anonymous_3)
FNDA:0,(anonymous_4)
FNDA:0,(anonymous_5)
FNDA:0,(anonymous_6)
FNDA:0,(anonymous_7)
FNDA:0,(anonymous_8)
FNDA:0,(anonymous_9)
FNDA:0,(anonymous_10)
FNDA:0,(anonymous_11)
FNDA:0,(anonymous_12)
DA:12,0
DA:18,0
DA:20,0
DA:21,0
DA:22,0
DA:38,0
DA:39,0
DA:41,0
DA:44,0
DA:49,0
DA:66,0
DA:67,0
DA:69,0
DA:79,0
DA:80,0
DA:83,0
DA:84,0
DA:87,0
DA:88,0
DA:105,0
DA:106,0
DA:136,0
DA:137,0
DA:150,0
DA:151,0
DA:158,0
DA:159,0
DA:178,0
LF:28
LH:0
BRDA:13,0,0,0
BRDA:14,1,0,0
BRDA:15,2,0,0
BRDA:66,3,0,0
BRDA:72,4,0,0
BRDA:72,4,1,0
BRDA:79,5,0,0
BRF:7
BRH:0
end_of_record
TN:
SF:src\components\StripePaymentForm.tsx
FN:12,(anonymous_0)
FN:22,(anonymous_1)
FN:67,(anonymous_2)
FNF:3
FNH:3
FNDA:21,(anonymous_0)
FNDA:4,(anonymous_1)
FNDA:5,(anonymous_2)
DA:12,1
DA:18,21
DA:19,21
DA:20,21
DA:22,21
DA:23,4
DA:24,0
DA:25,0
DA:28,4
DA:29,4
DA:30,4
DA:34,2
DA:35,1
DA:38,1
DA:39,1
DA:42,1
DA:44,2
DA:48,21
DA:68,5
DA:99,1
LF:20
LH:18
BRDA:23,0,0,0
BRDA:23,0,1,4
BRDA:23,1,0,4
BRDA:23,1,1,4
BRDA:34,2,0,1
BRDA:34,2,1,1
BRDA:38,3,0,1
BRDA:38,3,1,0
BRDA:42,4,0,1
BRDA:42,4,1,0
BRDA:82,5,0,21
BRDA:82,5,1,11
BRDA:82,5,2,14
BRDA:85,6,0,21
BRDA:85,6,1,11
BRDA:87,7,0,4
BRDA:87,7,1,17
BRF:17
BRH:14
end_of_record
TN:
SF:src\components\SustainabilityScoreWidget.tsx
FN:29,(anonymous_0)
FN:135,(anonymous_1)
FN:232,(anonymous_2)
FN:258,(anonymous_3)
FN:271,(anonymous_4)
FN:284,(anonymous_5)
FNF:6
FNH:0
FNDA:0,(anonymous_0)
FNDA:0,(anonymous_1)
FNDA:0,(anonymous_2)
FNDA:0,(anonymous_3)
FNDA:0,(anonymous_4)
FNDA:0,(anonymous_5)
DA:29,0
DA:36,0
DA:37,0
DA:45,0
DA:51,0
DA:57,0
DA:59,0
DA:60,0
DA:70,0
DA:71,0
DA:82,0
DA:91,0
DA:92,0
DA:102,0
DA:103,0
DA:104,0
DA:105,0
DA:107,0
DA:108,0
DA:130,0
DA:135,0
DA:233,0
DA:258,0
DA:271,0
DA:284,0
DA:409,0
LF:26
LH:0
BRDA:32,0,0,0
BRDA:34,1,0,0
BRDA:45,2,0,0
BRDA:45,2,1,0
BRDA:57,3,0,0
BRDA:57,3,1,0
BRDA:59,4,0,0
BRDA:59,4,1,0
BRDA:59,5,0,0
BRDA:59,5,1,0
BRDA:70,6,0,0
BRDA:70,6,1,0
BRDA:70,7,0,0
BRDA:70,7,1,0
BRDA:82,8,0,0
BRDA:82,8,1,0
BRDA:82,9,0,0
BRDA:82,9,1,0
BRDA:87,10,0,0
BRDA:87,10,1,0
BRDA:91,11,0,0
BRDA:91,11,1,0
BRDA:103,12,0,0
BRDA:103,12,1,0
BRDA:107,13,0,0
BRDA:107,13,1,0
BRDA:146,14,0,0
BRDA:146,14,1,0
BRDA:204,15,0,0
BRDA:204,15,1,0
BRDA:204,15,2,0
BRDA:230,16,0,0
BRDA:230,16,1,0
BRDA:232,17,0,0
BRDA:232,17,1,0
BRDA:238,18,0,0
BRDA:238,18,1,0
BRDA:239,19,0,0
BRDA:239,19,1,0
BRDA:252,20,0,0
BRDA:252,20,1,0
BRDA:252,20,2,0
BRDA:257,21,0,0
BRDA:257,21,1,0
BRDA:262,22,0,0
BRDA:262,22,1,0
BRDA:268,23,0,0
BRDA:268,23,1,0
BRDA:270,24,0,0
BRDA:270,24,1,0
BRDA:275,25,0,0
BRDA:275,25,1,0
BRDA:283,26,0,0
BRDA:283,26,1,0
BRDA:288,27,0,0
BRDA:288,27,1,0
BRDA:297,28,0,0
BRDA:297,28,1,0
BRDA:320,29,0,0
BRDA:320,29,1,0
BRDA:334,30,0,0
BRDA:334,30,1,0
BRDA:345,31,0,0
BRDA:345,31,1,0
BRDA:384,32,0,0
BRDA:384,32,1,0
BRDA:390,33,0,0
BRDA:390,33,1,0
BRDA:396,34,0,0
BRDA:396,34,1,0
BRF:70
BRH:0
end_of_record
TN:
SF:src\config\environment.ts
FN:41,(anonymous_0)
FN:47,(anonymous_1)
FN:54,(anonymous_2)
FN:68,(anonymous_3)
FN:114,(anonymous_4)
FN:161,(anonymous_5)
FN:171,(anonymous_6)
FN:172,(anonymous_7)
FN:173,(anonymous_8)
FN:194,(anonymous_9)
FNF:10
FNH:0
FNDA:0,(anonymous_0)
FNDA:0,(anonymous_1)
FNDA:0,(anonymous_2)
FNDA:0,(anonymous_3)
FNDA:0,(anonymous_4)
FNDA:0,(anonymous_5)
FNDA:0,(anonymous_6)
FNDA:0,(anonymous_7)
FNDA:0,(anonymous_8)
FNDA:0,(anonymous_9)
DA:41,0
DA:42,0
DA:43,0
DA:47,0
DA:48,0
DA:49,0
DA:50,0
DA:54,0
DA:55,0
DA:57,0
DA:59,0
DA:61,0
DA:63,0
DA:68,0
DA:69,0
DA:71,0
DA:111,0
DA:114,0
DA:115,0
DA:118,0
DA:119,0
DA:122,0
DA:123,0
DA:127,0
DA:128,0
DA:129,0
DA:132,0
DA:133,0
DA:136,0
DA:137,0
DA:142,0
DA:143,0
DA:145,0
DA:148,0
DA:149,0
DA:151,0
DA:154,0
DA:161,0
DA:168,0
DA:171,0
DA:172,0
DA:173,0
DA:176,0
DA:177,0
DA:191,0
DA:192,0
DA:193,0
DA:194,0
DA:196,0
LF:49
LH:0
BRDA:41,0,0,0
BRDA:42,1,0,0
BRDA:42,1,1,0
BRDA:48,2,0,0
BRDA:48,2,1,0
BRDA:50,3,0,0
BRDA:50,3,1,0
BRDA:55,4,0,0
BRDA:55,4,1,0
BRDA:55,4,2,0
BRDA:57,5,0,0
BRDA:57,5,1,0
BRDA:57,5,2,0
BRDA:73,6,0,0
BRDA:73,6,1,0
BRDA:74,7,0,0
BRDA:74,7,1,0
BRDA:78,8,0,0
BRDA:78,8,1,0
BRDA:79,9,0,0
BRDA:79,9,1,0
BRDA:80,10,0,0
BRDA:80,10,1,0
BRDA:85,11,0,0
BRDA:85,11,1,0
BRDA:86,12,0,0
BRDA:86,12,1,0
BRDA:101,13,0,0
BRDA:101,13,1,0
BRDA:102,14,0,0
BRDA:102,14,1,0
BRDA:118,15,0,0
BRDA:118,15,1,0
BRDA:122,16,0,0
BRDA:122,16,1,0
BRDA:127,17,0,0
BRDA:127,17,1,0
BRDA:128,18,0,0
BRDA:128,18,1,0
BRDA:128,19,0,0
BRDA:128,19,1,0
BRDA:132,20,0,0
BRDA:132,20,1,0
BRDA:136,21,0,0
BRDA:136,21,1,0
BRDA:176,22,0,0
BRDA:176,22,1,0
BRDA:192,23,0,0
BRDA:192,23,1,0
BRF:49
BRH:0
end_of_record
TN:
SF:src\config\sentry.ts
FN:8,(anonymous_0)
FN:20,(anonymous_1)
FN:29,(anonymous_2)
FN:40,(anonymous_3)
FN:49,(anonymous_4)
FN:68,(anonymous_5)
FN:79,(anonymous_6)
FN:91,(anonymous_7)
FN:94,(anonymous_8)
FN:133,(anonymous_9)
FN:147,(anonymous_10)
FN:158,(anonymous_11)
FN:174,(anonymous_12)
FN:189,(anonymous_13)
FN:194,(anonymous_14)
FNF:15
FNH:0
FNDA:0,(anonymous_0)
FNDA:0,(anonymous_1)
FNDA:0,(anonymous_2)
FNDA:0,(anonymous_3)
FNDA:0,(anonymous_4)
FNDA:0,(anonymous_5)
FNDA:0,(anonymous_6)
FNDA:0,(anonymous_7)
FNDA:0,(anonymous_8)
FNDA:0,(anonymous_9)
FNDA:0,(anonymous_10)
FNDA:0,(anonymous_11)
FNDA:0,(anonymous_12)
FNDA:0,(anonymous_13)
FNDA:0,(anonymous_14)
DA:6,0
DA:8,0
DA:9,0
DA:10,0
DA:11,0
DA:15,0
DA:21,0
DA:22,0
DA:24,0
DA:29,0
DA:30,0
DA:31,0
DA:32,0
DA:35,0
DA:40,0
DA:41,0
DA:42,0
DA:43,0
DA:46,0
DA:49,0
DA:50,0
DA:51,0
DA:58,0
DA:64,0
DA:68,0
DA:69,0
DA:79,0
DA:80,0
DA:81,0
DA:82,0
DA:85,0
DA:91,0
DA:94,0
DA:99,0
DA:101,0
DA:102,0
DA:103,0
DA:105,0
DA:106,0
DA:114,0
DA:116,0
DA:118,0
DA:119,0
DA:127,0
DA:128,0
DA:133,0
DA:134,0
DA:135,0
DA:137,0
DA:138,0
DA:146,0
DA:148,0
DA:149,0
DA:150,0
DA:159,0
DA:160,0
DA:161,0
DA:168,0
DA:174,0
DA:175,0
DA:181,0
DA:189,0
DA:190,0
DA:194,0
DA:195,0
LF:65
LH:0
BRDA:9,0,0,0
BRDA:9,0,1,0
BRDA:17,1,0,0
BRDA:17,1,1,0
BRDA:21,2,0,0
BRDA:21,2,1,0
BRDA:30,3,0,0
BRDA:30,3,1,0
BRDA:40,4,0,0
BRDA:41,5,0,0
BRDA:41,5,1,0
BRDA:50,6,0,0
BRDA:50,6,1,0
BRDA:71,7,0,0
BRDA:71,7,1,0
BRDA:80,8,0,0
BRDA:80,8,1,0
BRDA:97,9,0,0
BRDA:105,10,0,0
BRDA:105,10,1,0
BRDA:118,11,0,0
BRDA:118,11,1,0
BRDA:137,12,0,0
BRDA:137,12,1,0
BRDA:149,13,0,0
BRDA:149,13,1,0
BRDA:160,14,0,0
BRDA:160,14,1,0
BRDA:162,15,0,0
BRDA:162,15,1,0
BRF:30
BRH:0
end_of_record
TN:
SF:src\config\supabase.ts
FN:24,(anonymous_0)
FN:25,(anonymous_1)
FN:26,(anonymous_2)
FN:27,(anonymous_3)
FN:28,(anonymous_4)
FN:30,(anonymous_5)
FN:31,(anonymous_6)
FN:32,(anonymous_7)
FN:33,(anonymous_8)
FN:36,(anonymous_9)
FN:37,(anonymous_10)
FN:38,(anonymous_11)
FNF:12
FNH:0
FNDA:0,(anonymous_0)
FNDA:0,(anonymous_1)
FNDA:0,(anonymous_2)
FNDA:0,(anonymous_3)
FNDA:0,(anonymous_4)
FNDA:0,(anonymous_5)
FNDA:0,(anonymous_6)
FNDA:0,(anonymous_7)
FNDA:0,(anonymous_8)
FNDA:0,(anonymous_9)
FNDA:0,(anonymous_10)
FNDA:0,(anonymous_11)
DA:4,1
DA:5,1
DA:9,1
DA:10,1
DA:17,1
DA:19,0
DA:22,0
DA:24,0
DA:25,0
DA:26,0
DA:27,0
DA:28,0
DA:30,0
DA:31,0
DA:32,0
DA:33,0
DA:36,0
DA:37,0
DA:38,0
DA:42,0
LF:20
LH:5
BRDA:4,0,0,1
BRDA:4,0,1,0
BRDA:5,1,0,1
BRDA:5,1,1,0
BRF:4
BRH:2
end_of_record
TN:
SF:src\contexts\AuthContext-fallback.tsx
FN:27,(anonymous_0)
FN:34,(anonymous_1)
FN:35,(anonymous_2)
FN:36,(anonymous_3)
FN:37,(anonymous_4)
FN:38,(anonymous_5)
FN:39,(anonymous_6)
FN:40,(anonymous_7)
FN:41,(anonymous_8)
FN:51,(anonymous_9)
FN:64,(anonymous_10)
FN:70,(anonymous_11)
FN:83,(anonymous_12)
FN:88,(anonymous_13)
FN:108,(anonymous_14)
FN:117,(anonymous_15)
FN:122,(anonymous_16)
FN:123,(anonymous_17)
FN:124,(anonymous_18)
FN:125,(anonymous_19)
FNF:20
FNH:0
FNDA:0,(anonymous_0)
FNDA:0,(anonymous_1)
FNDA:0,(anonymous_2)
FNDA:0,(anonymous_3)
FNDA:0,(anonymous_4)
FNDA:0,(anonymous_5)
FNDA:0,(anonymous_6)
FNDA:0,(anonymous_7)
FNDA:0,(anonymous_8)
FNDA:0,(anonymous_9)
FNDA:0,(anonymous_10)
FNDA:0,(anonymous_11)
FNDA:0,(anonymous_12)
FNDA:0,(anonymous_13)
FNDA:0,(anonymous_14)
FNDA:0,(anonymous_15)
FNDA:0,(anonymous_16)
FNDA:0,(anonymous_17)
FNDA:0,(anonymous_18)
FNDA:0,(anonymous_19)
DA:25,0
DA:27,0
DA:28,0
DA:29,0
DA:31,0
DA:34,0
DA:35,0
DA:36,0
DA:37,0
DA:38,0
DA:39,0
DA:40,0
DA:41,0
DA:44,0
DA:51,0
DA:52,0
DA:53,0
DA:56,0
DA:64,0
DA:65,0
DA:66,0
DA:67,0
DA:70,0
DA:73,0
DA:74,0
DA:76,0
DA:77,0
DA:79,0
DA:83,0
DA:84,0
DA:85,0
DA:86,0
DA:88,0
DA:90,0
DA:98,0
DA:99,0
DA:101,0
DA:102,0
DA:104,0
DA:108,0
DA:109,0
DA:110,0
DA:111,0
DA:113,0
DA:117,0
DA:118,0
DA:119,0
DA:122,0
DA:123,0
DA:124,0
DA:125,0
DA:127,0
DA:140,0
LF:53
LH:0
BRDA:29,0,0,0
BRDA:29,0,1,0
BRF:2
BRH:0
end_of_record
TN:
SF:src\contexts\AuthContext.tsx
FN:27,(anonymous_0)
FN:39,(anonymous_1)
FN:44,(anonymous_2)
FN:52,(anonymous_3)
FN:60,(anonymous_4)
FN:71,(anonymous_5)
FN:81,(anonymous_6)
FN:84,(anonymous_7)
FN:102,(anonymous_8)
FN:108,(anonymous_9)
FN:128,(anonymous_10)
FN:131,(anonymous_11)
FN:149,(anonymous_12)
FN:158,(anonymous_13)
FN:182,(anonymous_14)
FN:185,(anonymous_15)
FN:204,(anonymous_16)
FN:212,(anonymous_17)
FN:234,(anonymous_18)
FN:260,(anonymous_19)
FN:264,(anonymous_20)
FN:268,(anonymous_21)
FN:277,(anonymous_22)
FNF:23
FNH:0
FNDA:0,(anonymous_0)
FNDA:0,(anonymous_1)
FNDA:0,(anonymous_2)
FNDA:0,(anonymous_3)
FNDA:0,(anonymous_4)
FNDA:0,(anonymous_5)
FNDA:0,(anonymous_6)
FNDA:0,(anonymous_7)
FNDA:0,(anonymous_8)
FNDA:0,(anonymous_9)
FNDA:0,(anonymous_10)
FNDA:0,(anonymous_11)
FNDA:0,(anonymous_12)
FNDA:0,(anonymous_13)
FNDA:0,(anonymous_14)
FNDA:0,(anonymous_15)
FNDA:0,(anonymous_16)
FNDA:0,(anonymous_17)
FNDA:0,(anonymous_18)
FNDA:0,(anonymous_19)
FNDA:0,(anonymous_20)
FNDA:0,(anonymous_21)
FNDA:0,(anonymous_22)
DA:25,0
DA:27,0
DA:28,0
DA:29,0
DA:30,0
DA:32,0
DA:39,0
DA:40,0
DA:41,0
DA:42,0
DA:44,0
DA:46,0
DA:49,0
DA:52,0
DA:53,0
DA:57,0
DA:60,0
DA:61,0
DA:62,0
DA:63,0
DA:64,0
DA:67,0
DA:71,0
DA:72,0
DA:73,0
DA:74,0
DA:76,0
DA:77,0
DA:81,0
DA:82,0
DA:83,0
DA:84,0
DA:88,0
DA:89,0
DA:91,0
DA:92,0
DA:93,0
DA:96,0
DA:98,0
DA:102,0
DA:103,0
DA:104,0
DA:106,0
DA:107,0
DA:108,0
DA:113,0
DA:114,0
DA:115,0
DA:117,0
DA:118,0
DA:122,0
DA:123,0
DA:126,0
DA:128,0
DA:129,0
DA:132,0
DA:139,0
DA:143,0
DA:145,0
DA:149,0
DA:150,0
DA:151,0
DA:156,0
DA:157,0
DA:158,0
DA:169,0
DA:170,0
DA:171,0
DA:173,0
DA:174,0
DA:178,0
DA:181,0
DA:182,0
DA:183,0
DA:186,0
DA:193,0
DA:198,0
DA:200,0
DA:204,0
DA:205,0
DA:206,0
DA:207,0
DA:211,0
DA:212,0
DA:217,0
DA:218,0
DA:220,0
DA:223,0
DA:225,0
DA:229,0
DA:234,0
DA:235,0
DA:236,0
DA:237,0
DA:240,0
DA:241,0
DA:242,0
DA:243,0
DA:244,0
DA:247,0
DA:249,0
DA:253,0
DA:256,0
DA:260,0
DA:261,0
DA:264,0
DA:265,0
DA:268,0
DA:269,0
DA:270,0
DA:273,0
DA:274,0
DA:277,0
DA:278,0
DA:281,0
DA:295,0
LF:116
LH:0
BRDA:29,0,0,0
BRDA:29,0,1,0
BRDA:63,1,0,0
BRDA:63,1,1,0
BRDA:91,2,0,0
BRDA:91,2,1,0
BRDA:117,3,0,0
BRDA:117,3,1,0
BRDA:126,4,0,0
BRDA:126,4,1,0
BRDA:126,5,0,0
BRDA:126,5,1,0
BRDA:173,6,0,0
BRDA:173,6,1,0
BRDA:181,7,0,0
BRDA:181,7,1,0
BRDA:237,8,0,0
BRDA:237,8,1,0
BRDA:241,9,0,0
BRDA:241,9,1,0
BRDA:241,10,0,0
BRDA:241,10,1,0
BRDA:269,11,0,0
BRDA:269,11,1,0
BRF:24
BRH:0
end_of_record
TN:
SF:src\hooks\useAIPricing.ts
FN:12,(anonymous_0)
FN:23,(anonymous_1)
FN:27,(anonymous_2)
FN:28,(anonymous_3)
FN:30,(anonymous_4)
FN:41,(anonymous_5)
FN:43,(anonymous_6)
FN:53,(anonymous_7)
FN:64,(anonymous_8)
FN:67,(anonymous_9)
FN:77,(anonymous_10)
FN:82,(anonymous_11)
FN:124,(anonymous_12)
FN:131,(anonymous_13)
FN:133,(anonymous_14)
FN:142,(anonymous_15)
FN:162,(anonymous_16)
FNF:17
FNH:0
FNDA:0,(anonymous_0)
FNDA:0,(anonymous_1)
FNDA:0,(anonymous_2)
FNDA:0,(anonymous_3)
FNDA:0,(anonymous_4)
FNDA:0,(anonymous_5)
FNDA:0,(anonymous_6)
FNDA:0,(anonymous_7)
FNDA:0,(anonymous_8)
FNDA:0,(anonymous_9)
FNDA:0,(anonymous_10)
FNDA:0,(anonymous_11)
FNDA:0,(anonymous_12)
FNDA:0,(anonymous_13)
FNDA:0,(anonymous_14)
FNDA:0,(anonymous_15)
FNDA:0,(anonymous_16)
DA:12,0
DA:13,0
DA:19,0
DA:22,0
DA:24,0
DA:25,0
DA:28,0
DA:31,0
DA:36,0
DA:42,0
DA:43,0
DA:48,0
DA:53,0
DA:54,0
DA:55,0
DA:56,0
DA:58,0
DA:59,0
DA:64,0
DA:65,0
DA:69,0
DA:77,0
DA:78,0
DA:82,0
DA:83,0
DA:91,0
DA:92,0
DA:93,0
DA:99,0
DA:101,0
DA:114,0
DA:115,0
DA:124,0
DA:125,0
DA:131,0
DA:133,0
DA:142,0
DA:143,0
DA:146,0
DA:147,0
DA:150,0
DA:151,0
DA:154,0
DA:155,0
DA:158,0
DA:162,0
DA:163,0
DA:165,0
DA:166,0
DA:170,0
DA:171,0
DA:176,0
DA:182,0
DA:183,0
DA:189,0
DA:190,0
DA:196,0
DA:199,0
LF:58
LH:0
BRDA:42,0,0,0
BRDA:42,0,1,0
BRDA:114,1,0,0
BRDA:114,1,1,0
BRDA:135,2,0,0
BRDA:135,2,1,0
BRDA:146,3,0,0
BRDA:146,3,1,0
BRDA:146,4,0,0
BRDA:146,4,1,0
BRDA:150,5,0,0
BRDA:150,5,1,0
BRDA:150,6,0,0
BRDA:150,6,1,0
BRDA:154,7,0,0
BRDA:154,7,1,0
BRDA:165,8,0,0
BRDA:165,8,1,0
BRDA:165,9,0,0
BRDA:165,9,1,0
BRDA:170,10,0,0
BRDA:170,10,1,0
BRDA:170,11,0,0
BRDA:170,11,1,0
BRDA:182,12,0,0
BRDA:182,12,1,0
BRDA:182,13,0,0
BRDA:182,13,1,0
BRDA:189,14,0,0
BRDA:189,14,1,0
BRDA:202,15,0,0
BRDA:202,15,1,0
BRF:32
BRH:0
end_of_record
TN:
SF:src\hooks\useAccessibleText.ts
FN:10,(anonymous_0)
FN:15,(anonymous_1)
FN:26,(anonymous_2)
FN:37,(anonymous_3)
FN:53,(anonymous_4)
FN:56,(anonymous_5)
FN:65,(anonymous_6)
FN:81,(anonymous_7)
FN:84,(anonymous_8)
FN:92,(anonymous_9)
FNF:10
FNH:0
FNDA:0,(anonymous_0)
FNDA:0,(anonymous_1)
FNDA:0,(anonymous_2)
FNDA:0,(anonymous_3)
FNDA:0,(anonymous_4)
FNDA:0,(anonymous_5)
FNDA:0,(anonymous_6)
FNDA:0,(anonymous_7)
FNDA:0,(anonymous_8)
FNDA:0,(anonymous_9)
DA:10,0
DA:11,0
DA:12,0
DA:13,0
DA:15,0
DA:17,0
DA:20,0
DA:26,0
DA:27,0
DA:28,0
DA:32,0
DA:35,0
DA:37,0
DA:40,0
DA:53,0
DA:54,0
DA:56,0
DA:58,0
DA:60,0
DA:65,0
DA:68,0
DA:81,0
DA:82,0
DA:84,0
DA:85,0
DA:87,0
DA:92,0
DA:96,0
DA:100,0
LF:29
LH:0
BRDA:10,0,0,0
BRDA:11,1,0,0
BRDA:11,2,0,0
BRDA:47,3,0,0
BRDA:47,3,1,0
BRDA:73,4,0,0
BRDA:73,4,1,0
BRDA:74,5,0,0
BRDA:74,5,1,0
BRDA:75,6,0,0
BRDA:75,6,1,0
BRDA:96,7,0,0
BRDA:96,7,1,0
BRF:13
BRH:0
end_of_record
TN:
SF:src\hooks\useAuth.ts
FN:15,useAuth
FN:20,(anonymous_1)
FN:22,(anonymous_2)
FN:25,(anonymous_3)
FN:35,(anonymous_4)
FN:38,(anonymous_5)
FN:47,(anonymous_6)
FN:54,(anonymous_7)
FN:65,(anonymous_8)
FN:76,(anonymous_9)
FN:87,(anonymous_10)
FNF:11
FNH:0
FNDA:0,useAuth
FNDA:0,(anonymous_1)
FNDA:0,(anonymous_2)
FNDA:0,(anonymous_3)
FNDA:0,(anonymous_4)
FNDA:0,(anonymous_5)
FNDA:0,(anonymous_6)
FNDA:0,(anonymous_7)
FNDA:0,(anonymous_8)
FNDA:0,(anonymous_9)
FNDA:0,(anonymous_10)
DA:16,0
DA:17,0
DA:18,0
DA:20,0
DA:22,0
DA:23,0
DA:24,0
DA:25,0
DA:26,0
DA:27,0
DA:30,0
DA:35,0
DA:36,0
DA:37,0
DA:38,0
DA:39,0
DA:42,0
DA:44,0
DA:47,0
DA:48,0
DA:49,0
DA:54,0
DA:55,0
DA:56,0
DA:57,0
DA:58,0
DA:59,0
DA:61,0
DA:65,0
DA:66,0
DA:67,0
DA:68,0
DA:69,0
DA:70,0
DA:72,0
DA:76,0
DA:77,0
DA:78,0
DA:79,0
DA:80,0
DA:81,0
DA:83,0
DA:87,0
DA:88,0
DA:90,0
DA:91,0
DA:94,0
LF:47
LH:0
BRDA:24,0,0,0
BRDA:24,0,1,0
BRDA:37,1,0,0
BRDA:37,1,1,0
BRDA:48,2,0,0
BRDA:48,2,1,0
BRDA:88,3,0,0
BRDA:88,3,1,0
BRF:8
BRH:0
end_of_record
TN:
SF:src\hooks\useBusinessSuite.ts
FN:21,(anonymous_0)
FN:22,(anonymous_1)
FN:23,(anonymous_2)
FN:24,(anonymous_3)
FN:25,(anonymous_4)
FN:26,(anonymous_5)
FN:27,(anonymous_6)
FN:28,(anonymous_7)
FN:29,(anonymous_8)
FN:30,(anonymous_9)
FN:34,(anonymous_10)
FN:44,(anonymous_11)
FN:55,(anonymous_12)
FN:60,(anonymous_13)
FN:67,(anonymous_14)
FN:83,(anonymous_15)
FN:86,(anonymous_16)
FN:93,(anonymous_17)
FN:96,(anonymous_18)
FN:103,(anonymous_19)
FN:107,(anonymous_20)
FN:123,(anonymous_21)
FN:132,(anonymous_22)
FN:138,(anonymous_23)
FN:141,(anonymous_24)
FN:147,(anonymous_25)
FN:163,(anonymous_26)
FN:167,(anonymous_27)
FN:182,(anonymous_28)
FN:191,(anonymous_29)
FN:204,(anonymous_30)
FN:208,(anonymous_31)
FN:221,(anonymous_32)
FN:227,(anonymous_33)
FN:240,(anonymous_34)
FN:244,(anonymous_35)
FN:247,(anonymous_36)
FN:253,(anonymous_37)
FN:266,(anonymous_38)
FN:270,(anonymous_39)
FN:273,(anonymous_40)
FN:279,(anonymous_41)
FN:292,(anonymous_42)
FN:296,(anonymous_43)
FN:299,(anonymous_44)
FN:305,(anonymous_45)
FN:318,(anonymous_46)
FN:322,(anonymous_47)
FN:325,(anonymous_48)
FN:331,(anonymous_49)
FN:344,(anonymous_50)
FN:345,(anonymous_51)
FN:352,(anonymous_52)
FN:356,(anonymous_53)
FN:369,(anonymous_54)
FN:376,(anonymous_55)
FN:387,(anonymous_56)
FN:436,(anonymous_57)
FN:439,(anonymous_58)
FN:440,(anonymous_59)
FN:451,(anonymous_60)
FN:463,(anonymous_61)
FN:473,(anonymous_62)
FN:493,(anonymous_63)
FN:567,(anonymous_64)
FN:578,(anonymous_65)
FN:590,(anonymous_66)
FN:603,(anonymous_67)
FN:612,(anonymous_68)
FNF:69
FNH:0
FNDA:0,(anonymous_0)
FNDA:0,(anonymous_1)
FNDA:0,(anonymous_2)
FNDA:0,(anonymous_3)
FNDA:0,(anonymous_4)
FNDA:0,(anonymous_5)
FNDA:0,(anonymous_6)
FNDA:0,(anonymous_7)
FNDA:0,(anonymous_8)
FNDA:0,(anonymous_9)
FNDA:0,(anonymous_10)
FNDA:0,(anonymous_11)
FNDA:0,(anonymous_12)
FNDA:0,(anonymous_13)
FNDA:0,(anonymous_14)
FNDA:0,(anonymous_15)
FNDA:0,(anonymous_16)
FNDA:0,(anonymous_17)
FNDA:0,(anonymous_18)
FNDA:0,(anonymous_19)
FNDA:0,(anonymous_20)
FNDA:0,(anonymous_21)
FNDA:0,(anonymous_22)
FNDA:0,(anonymous_23)
FNDA:0,(anonymous_24)
FNDA:0,(anonymous_25)
FNDA:0,(anonymous_26)
FNDA:0,(anonymous_27)
FNDA:0,(anonymous_28)
FNDA:0,(anonymous_29)
FNDA:0,(anonymous_30)
FNDA:0,(anonymous_31)
FNDA:0,(anonymous_32)
FNDA:0,(anonymous_33)
FNDA:0,(anonymous_34)
FNDA:0,(anonymous_35)
FNDA:0,(anonymous_36)
FNDA:0,(anonymous_37)
FNDA:0,(anonymous_38)
FNDA:0,(anonymous_39)
FNDA:0,(anonymous_40)
FNDA:0,(anonymous_41)
FNDA:0,(anonymous_42)
FNDA:0,(anonymous_43)
FNDA:0,(anonymous_44)
FNDA:0,(anonymous_45)
FNDA:0,(anonymous_46)
FNDA:0,(anonymous_47)
FNDA:0,(anonymous_48)
FNDA:0,(anonymous_49)
FNDA:0,(anonymous_50)
FNDA:0,(anonymous_51)
FNDA:0,(anonymous_52)
FNDA:0,(anonymous_53)
FNDA:0,(anonymous_54)
FNDA:0,(anonymous_55)
FNDA:0,(anonymous_56)
FNDA:0,(anonymous_57)
FNDA:0,(anonymous_58)
FNDA:0,(anonymous_59)
FNDA:0,(anonymous_60)
FNDA:0,(anonymous_61)
FNDA:0,(anonymous_62)
FNDA:0,(anonymous_63)
FNDA:0,(anonymous_64)
FNDA:0,(anonymous_65)
FNDA:0,(anonymous_66)
FNDA:0,(anonymous_67)
FNDA:0,(anonymous_68)
DA:19,0
DA:21,0
DA:22,0
DA:23,0
DA:24,0
DA:25,0
DA:26,0
DA:27,0
DA:28,0
DA:29,0
DA:30,0
DA:34,0
DA:40,0
DA:42,0
DA:45,0
DA:46,0
DA:47,0
DA:54,0
DA:56,0
DA:57,0
DA:58,0
DA:61,0
DA:65,0
DA:68,0
DA:72,0
DA:83,0
DA:84,0
DA:86,0
DA:93,0
DA:94,0
DA:96,0
DA:103,0
DA:104,0
DA:106,0
DA:121,0
DA:124,0
DA:127,0
DA:130,0
DA:133,0
DA:137,0
DA:139,0
DA:142,0
DA:145,0
DA:148,0
DA:152,0
DA:163,0
DA:164,0
DA:166,0
DA:180,0
DA:183,0
DA:186,0
DA:189,0
DA:192,0
DA:196,0
DA:204,0
DA:205,0
DA:207,0
DA:215,0
DA:222,0
DA:225,0
DA:228,0
DA:232,0
DA:240,0
DA:241,0
DA:243,0
DA:245,0
DA:248,0
DA:251,0
DA:254,0
DA:258,0
DA:266,0
DA:267,0
DA:269,0
DA:271,0
DA:274,0
DA:277,0
DA:280,0
DA:284,0
DA:292,0
DA:293,0
DA:295,0
DA:297,0
DA:300,0
DA:303,0
DA:306,0
DA:310,0
DA:318,0
DA:319,0
DA:321,0
DA:323,0
DA:326,0
DA:329,0
DA:332,0
DA:336,0
DA:344,0
DA:345,0
DA:346,0
DA:352,0
DA:353,0
DA:356,0
DA:357,0
DA:369,0
DA:370,0
DA:371,0
DA:372,0
DA:373,0
DA:376,0
DA:381,0
DA:382,0
DA:383,0
DA:384,0
DA:387,0
DA:388,0
DA:390,0
DA:391,0
DA:397,0
DA:398,0
DA:406,0
DA:407,0
DA:415,0
DA:416,0
DA:424,0
DA:425,0
DA:433,0
DA:436,0
DA:437,0
DA:439,0
DA:440,0
DA:442,0
DA:444,0
DA:446,0
DA:447,0
DA:448,0
DA:451,0
DA:452,0
DA:460,0
DA:463,0
DA:464,0
DA:473,0
DA:474,0
DA:475,0
DA:478,0
DA:493,0
DA:494,0
DA:499,0
DA:504,0
DA:509,0
DA:511,0
DA:513,0
DA:562,0
DA:566,0
DA:568,0
DA:579,0
DA:591,0
DA:593,0
DA:594,0
DA:595,0
DA:596,0
DA:597,0
DA:600,0
DA:604,0
DA:612,0
DA:614,0
LF:163
LH:0
BRDA:38,0,0,0
BRDA:45,1,0,0
BRDA:45,1,1,0
BRDA:46,2,0,0
BRDA:46,2,1,0
BRDA:50,3,0,0
BRDA:50,3,1,0
BRDA:51,4,0,0
BRDA:51,4,1,0
BRDA:56,5,0,0
BRDA:56,5,1,0
BRDA:57,6,0,0
BRDA:57,6,1,0
BRDA:345,7,0,0
BRDA:352,8,0,0
BRDA:370,9,0,0
BRDA:370,9,1,0
BRDA:373,10,0,0
BRDA:373,10,1,0
BRDA:381,11,0,0
BRDA:381,11,1,0
BRDA:382,12,0,0
BRDA:382,12,1,0
BRDA:383,13,0,0
BRDA:383,13,1,0
BRDA:390,14,0,0
BRDA:390,14,1,0
BRDA:397,15,0,0
BRDA:397,15,1,0
BRDA:406,16,0,0
BRDA:406,16,1,0
BRDA:415,17,0,0
BRDA:415,17,1,0
BRDA:424,18,0,0
BRDA:424,18,1,0
BRDA:437,19,0,0
BRDA:437,19,1,0
BRDA:442,20,0,0
BRDA:442,20,1,0
BRDA:446,21,0,0
BRDA:446,21,1,0
BRDA:447,22,0,0
BRDA:447,22,1,0
BRDA:460,23,0,0
BRDA:460,23,1,0
BRDA:474,24,0,0
BRDA:474,24,1,0
BRDA:515,25,0,0
BRDA:515,25,1,0
BRDA:518,26,0,0
BRDA:518,26,1,0
BRDA:527,27,0,0
BRDA:527,27,1,0
BRDA:531,28,0,0
BRDA:531,28,1,0
BRDA:536,29,0,0
BRDA:536,29,1,0
BRDA:540,30,0,0
BRDA:540,30,1,0
BRDA:547,31,0,0
BRDA:547,31,1,0
BRDA:547,32,0,0
BRDA:547,32,1,0
BRDA:556,33,0,0
BRDA:556,33,1,0
BRDA:556,33,2,0
BRDA:559,34,0,0
BRDA:559,34,1,0
BRDA:593,35,0,0
BRDA:593,35,1,0
BRDA:594,36,0,0
BRDA:594,36,1,0
BRDA:594,37,0,0
BRDA:594,37,1,0
BRDA:595,38,0,0
BRDA:595,38,1,0
BRDA:596,39,0,0
BRDA:596,39,1,0
BRDA:596,40,0,0
BRDA:596,40,1,0
BRDA:609,41,0,0
BRDA:609,41,1,0
BRDA:617,42,0,0
BRDA:617,42,1,0
BRDA:618,43,0,0
BRDA:618,43,1,0
BRDA:619,44,0,0
BRDA:619,44,1,0
BRF:88
BRH:0
end_of_record
TN:
SF:src\hooks\useI18n.ts
FN:17,(anonymous_0)
FN:23,(anonymous_1)
FN:24,(anonymous_2)
FN:40,(anonymous_3)
FN:45,(anonymous_4)
FN:58,(anonymous_5)
FN:69,(anonymous_6)
FN:74,(anonymous_7)
FN:83,(anonymous_8)
FN:90,(anonymous_9)
FN:91,(anonymous_10)
FN:92,(anonymous_11)
FN:93,(anonymous_12)
FN:94,(anonymous_13)
FN:95,(anonymous_14)
FN:96,(anonymous_15)
FN:97,(anonymous_16)
FN:98,(anonymous_17)
FN:99,(anonymous_18)
FN:100,(anonymous_19)
FN:101,(anonymous_20)
FN:105,(anonymous_21)
FN:106,(anonymous_22)
FN:107,(anonymous_23)
FN:108,(anonymous_24)
FN:109,(anonymous_25)
FN:110,(anonymous_26)
FN:111,(anonymous_27)
FN:115,(anonymous_28)
FN:116,(anonymous_29)
FN:117,(anonymous_30)
FN:118,(anonymous_31)
FN:119,(anonymous_32)
FN:120,(anonymous_33)
FN:125,(anonymous_34)
FN:126,(anonymous_35)
FN:127,(anonymous_36)
FN:128,(anonymous_37)
FN:133,(anonymous_38)
FN:135,(anonymous_39)
FN:137,(anonymous_40)
FN:139,(anonymous_41)
FN:150,(anonymous_42)
FN:163,(anonymous_43)
FN:180,(anonymous_44)
FN:219,(anonymous_45)
FN:236,(anonymous_46)
FNF:47
FNH:0
FNDA:0,(anonymous_0)
FNDA:0,(anonymous_1)
FNDA:0,(anonymous_2)
FNDA:0,(anonymous_3)
FNDA:0,(anonymous_4)
FNDA:0,(anonymous_5)
FNDA:0,(anonymous_6)
FNDA:0,(anonymous_7)
FNDA:0,(anonymous_8)
FNDA:0,(anonymous_9)
FNDA:0,(anonymous_10)
FNDA:0,(anonymous_11)
FNDA:0,(anonymous_12)
FNDA:0,(anonymous_13)
FNDA:0,(anonymous_14)
FNDA:0,(anonymous_15)
FNDA:0,(anonymous_16)
FNDA:0,(anonymous_17)
FNDA:0,(anonymous_18)
FNDA:0,(anonymous_19)
FNDA:0,(anonymous_20)
FNDA:0,(anonymous_21)
FNDA:0,(anonymous_22)
FNDA:0,(anonymous_23)
FNDA:0,(anonymous_24)
FNDA:0,(anonymous_25)
FNDA:0,(anonymous_26)
FNDA:0,(anonymous_27)
FNDA:0,(anonymous_28)
FNDA:0,(anonymous_29)
FNDA:0,(anonymous_30)
FNDA:0,(anonymous_31)
FNDA:0,(anonymous_32)
FNDA:0,(anonymous_33)
FNDA:0,(anonymous_34)
FNDA:0,(anonymous_35)
FNDA:0,(anonymous_36)
FNDA:0,(anonymous_37)
FNDA:0,(anonymous_38)
FNDA:0,(anonymous_39)
FNDA:0,(anonymous_40)
FNDA:0,(anonymous_41)
FNDA:0,(anonymous_42)
FNDA:0,(anonymous_43)
FNDA:0,(anonymous_44)
FNDA:0,(anonymous_45)
FNDA:0,(anonymous_46)
DA:17,0
DA:18,0
DA:19,0
DA:20,0
DA:21,0
DA:23,0
DA:24,0
DA:25,0
DA:26,0
DA:27,0
DA:30,0
DA:31,0
DA:32,0
DA:34,0
DA:38,0
DA:40,0
DA:41,0
DA:45,0
DA:46,0
DA:47,0
DA:48,0
DA:49,0
DA:50,0
DA:52,0
DA:53,0
DA:58,0
DA:59,0
DA:60,0
DA:62,0
DA:64,0
DA:69,0
DA:70,0
DA:74,0
DA:75,0
DA:76,0
DA:79,0
DA:83,0
DA:84,0
DA:85,0
DA:89,0
DA:90,0
DA:91,0
DA:92,0
DA:93,0
DA:94,0
DA:95,0
DA:96,0
DA:97,0
DA:98,0
DA:99,0
DA:100,0
DA:101,0
DA:104,0
DA:105,0
DA:106,0
DA:107,0
DA:108,0
DA:109,0
DA:110,0
DA:111,0
DA:114,0
DA:115,0
DA:116,0
DA:117,0
DA:118,0
DA:119,0
DA:120,0
DA:124,0
DA:125,0
DA:126,0
DA:127,0
DA:128,0
DA:132,0
DA:134,0
DA:136,0
DA:138,0
DA:140,0
DA:141,0
DA:144,0
DA:150,0
DA:151,0
DA:152,0
DA:155,0
DA:156,0
DA:159,0
DA:163,0
DA:164,0
DA:165,0
DA:167,0
DA:168,0
DA:171,0
DA:175,0
DA:180,0
DA:186,0
DA:219,0
DA:223,0
DA:225,0
DA:226,0
DA:229,0
DA:236,0
DA:237,0
DA:238,0
LF:102
LH:0
BRDA:30,0,0,0
BRDA:30,0,1,0
BRDA:64,1,0,0
BRDA:64,1,1,0
BRDA:79,2,0,0
BRDA:79,2,1,0
BRDA:133,3,0,0
BRDA:141,4,0,0
BRDA:141,4,1,0
BRDA:155,5,0,0
BRDA:155,5,1,0
BRDA:156,6,0,0
BRDA:156,6,1,0
BRDA:167,7,0,0
BRDA:167,7,1,0
BRDA:168,8,0,0
BRDA:168,8,1,0
BRDA:178,9,0,0
BRDA:178,9,1,0
BRDA:179,10,0,0
BRDA:179,10,1,0
BRDA:225,11,0,0
BRDA:225,11,1,0
BRDA:225,12,0,0
BRDA:225,12,1,0
BRDA:238,13,0,0
BRDA:238,13,1,0
BRF:27
BRH:0
end_of_record
TN:
SF:src\hooks\useJobs.ts
FN:7,(anonymous_0)
FN:10,(anonymous_1)
FN:15,(anonymous_2)
FN:18,(anonymous_3)
FN:23,(anonymous_4)
FN:26,(anonymous_5)
FN:31,(anonymous_6)
FN:34,(anonymous_7)
FN:38,(anonymous_8)
FN:41,(anonymous_9)
FN:47,(anonymous_10)
FN:50,(anonymous_11)
FN:56,(anonymous_12)
FN:59,(anonymous_13)
FN:66,(anonymous_14)
FN:71,(anonymous_15)
FN:72,(anonymous_16)
FN:82,(anonymous_17)
FN:84,(anonymous_18)
FN:91,(anonymous_19)
FN:95,(anonymous_20)
FN:97,(anonymous_21)
FN:100,(anonymous_22)
FN:101,(anonymous_23)
FN:105,(anonymous_24)
FN:107,(anonymous_25)
FN:110,(anonymous_26)
FN:111,(anonymous_27)
FN:115,(anonymous_28)
FN:120,(anonymous_29)
FN:121,(anonymous_30)
FN:130,(anonymous_31)
FN:132,(anonymous_32)
FNF:33
FNH:0
FNDA:0,(anonymous_0)
FNDA:0,(anonymous_1)
FNDA:0,(anonymous_2)
FNDA:0,(anonymous_3)
FNDA:0,(anonymous_4)
FNDA:0,(anonymous_5)
FNDA:0,(anonymous_6)
FNDA:0,(anonymous_7)
FNDA:0,(anonymous_8)
FNDA:0,(anonymous_9)
FNDA:0,(anonymous_10)
FNDA:0,(anonymous_11)
FNDA:0,(anonymous_12)
FNDA:0,(anonymous_13)
FNDA:0,(anonymous_14)
FNDA:0,(anonymous_15)
FNDA:0,(anonymous_16)
FNDA:0,(anonymous_17)
FNDA:0,(anonymous_18)
FNDA:0,(anonymous_19)
FNDA:0,(anonymous_20)
FNDA:0,(anonymous_21)
FNDA:0,(anonymous_22)
FNDA:0,(anonymous_23)
FNDA:0,(anonymous_24)
FNDA:0,(anonymous_25)
FNDA:0,(anonymous_26)
FNDA:0,(anonymous_27)
FNDA:0,(anonymous_28)
FNDA:0,(anonymous_29)
FNDA:0,(anonymous_30)
FNDA:0,(anonymous_31)
FNDA:0,(anonymous_32)
DA:7,0
DA:8,0
DA:10,0
DA:15,0
DA:16,0
DA:18,0
DA:23,0
DA:24,0
DA:26,0
DA:31,0
DA:32,0
DA:34,0
DA:38,0
DA:39,0
DA:41,0
DA:47,0
DA:48,0
DA:50,0
DA:56,0
DA:57,0
DA:59,0
DA:66,0
DA:67,0
DA:71,0
DA:72,0
DA:82,0
DA:83,0
DA:88,0
DA:91,0
DA:95,0
DA:96,0
DA:97,0
DA:100,0
DA:101,0
DA:105,0
DA:106,0
DA:107,0
DA:110,0
DA:111,0
DA:115,0
DA:116,0
DA:120,0
DA:121,0
DA:130,0
DA:131,0
DA:132,0
LF:46
LH:0
BRDA:7,0,0,0
BRDA:7,1,0,0
BRDA:33,2,0,0
BRDA:33,2,1,0
BRDA:56,3,0,0
BRF:5
BRH:0
end_of_record
TN:
SF:src\hooks\useNeighborhood.ts
FN:8,(anonymous_0)
FN:9,(anonymous_1)
FN:10,(anonymous_2)
FN:11,(anonymous_3)
FN:12,(anonymous_4)
FN:13,(anonymous_5)
FN:17,(anonymous_6)
FN:20,(anonymous_7)
FN:30,(anonymous_8)
FN:33,(anonymous_9)
FN:40,(anonymous_10)
FN:43,(anonymous_11)
FN:50,(anonymous_12)
FN:53,(anonymous_13)
FN:60,(anonymous_14)
FN:63,(anonymous_15)
FN:70,(anonymous_16)
FN:74,(anonymous_17)
FN:92,(anonymous_18)
FN:105,(anonymous_19)
FN:112,(anonymous_20)
FN:116,(anonymous_21)
FN:134,(anonymous_22)
FN:150,(anonymous_23)
FN:157,(anonymous_24)
FN:160,(anonymous_25)
FN:167,(anonymous_26)
FN:168,(anonymous_27)
FN:174,(anonymous_28)
FN:179,(anonymous_29)
FN:207,(anonymous_30)
FN:215,(anonymous_31)
FN:222,(anonymous_32)
FN:232,(anonymous_33)
FN:255,(anonymous_34)
FN:262,(anonymous_35)
FN:269,(anonymous_36)
FN:277,(anonymous_37)
FN:282,(anonymous_38)
FN:288,(anonymous_39)
FN:291,(anonymous_40)
FN:294,(anonymous_41)
FN:309,(anonymous_42)
FNF:43
FNH:0
FNDA:0,(anonymous_0)
FNDA:0,(anonymous_1)
FNDA:0,(anonymous_2)
FNDA:0,(anonymous_3)
FNDA:0,(anonymous_4)
FNDA:0,(anonymous_5)
FNDA:0,(anonymous_6)
FNDA:0,(anonymous_7)
FNDA:0,(anonymous_8)
FNDA:0,(anonymous_9)
FNDA:0,(anonymous_10)
FNDA:0,(anonymous_11)
FNDA:0,(anonymous_12)
FNDA:0,(anonymous_13)
FNDA:0,(anonymous_14)
FNDA:0,(anonymous_15)
FNDA:0,(anonymous_16)
FNDA:0,(anonymous_17)
FNDA:0,(anonymous_18)
FNDA:0,(anonymous_19)
FNDA:0,(anonymous_20)
FNDA:0,(anonymous_21)
FNDA:0,(anonymous_22)
FNDA:0,(anonymous_23)
FNDA:0,(anonymous_24)
FNDA:0,(anonymous_25)
FNDA:0,(anonymous_26)
FNDA:0,(anonymous_27)
FNDA:0,(anonymous_28)
FNDA:0,(anonymous_29)
FNDA:0,(anonymous_30)
FNDA:0,(anonymous_31)
FNDA:0,(anonymous_32)
FNDA:0,(anonymous_33)
FNDA:0,(anonymous_34)
FNDA:0,(anonymous_35)
FNDA:0,(anonymous_36)
FNDA:0,(anonymous_37)
FNDA:0,(anonymous_38)
FNDA:0,(anonymous_39)
FNDA:0,(anonymous_40)
FNDA:0,(anonymous_41)
FNDA:0,(anonymous_42)
DA:6,0
DA:8,0
DA:9,0
DA:10,0
DA:11,0
DA:12,0
DA:13,0
DA:17,0
DA:18,0
DA:21,0
DA:22,0
DA:30,0
DA:31,0
DA:33,0
DA:40,0
DA:41,0
DA:43,0
DA:50,0
DA:51,0
DA:53,0
DA:60,0
DA:61,0
DA:63,0
DA:70,0
DA:71,0
DA:73,0
DA:85,0
DA:94,0
DA:97,0
DA:101,0
DA:106,0
DA:112,0
DA:113,0
DA:115,0
DA:127,0
DA:136,0
DA:139,0
DA:142,0
DA:146,0
DA:151,0
DA:157,0
DA:158,0
DA:160,0
DA:167,0
DA:168,0
DA:169,0
DA:170,0
DA:171,0
DA:174,0
DA:175,0
DA:176,0
DA:179,0
DA:187,0
DA:188,0
DA:189,0
DA:190,0
DA:191,0
DA:192,0
DA:193,0
DA:194,0
DA:195,0
DA:196,0
DA:197,0
DA:198,0
DA:200,0
DA:201,0
DA:204,0
DA:207,0
DA:208,0
DA:209,0
DA:210,0
DA:211,0
DA:212,0
DA:215,0
DA:216,0
DA:219,0
DA:222,0
DA:223,0
DA:224,0
DA:225,0
DA:226,0
DA:227,0
DA:228,0
DA:232,0
DA:233,0
DA:234,0
DA:235,0
DA:236,0
DA:237,0
DA:238,0
DA:242,0
DA:256,0
DA:257,0
DA:263,0
DA:264,0
DA:270,0
DA:271,0
DA:276,0
DA:278,0
DA:279,0
DA:283,0
DA:284,0
DA:285,0
DA:289,0
DA:290,0
DA:291,0
DA:295,0
DA:296,0
DA:297,0
DA:298,0
DA:299,0
DA:301,0
DA:304,0
DA:306,0
DA:310,0
DA:322,0
LF:116
LH:0
BRDA:19,0,0,0
BRDA:19,0,1,0
BRDA:21,1,0,0
BRDA:21,1,1,0
BRDA:21,2,0,0
BRDA:21,2,1,0
BRDA:21,2,2,0
BRDA:24,3,0,0
BRDA:24,3,1,0
BRDA:24,3,2,0
BRDA:40,4,0,0
BRDA:50,5,0,0
BRDA:170,6,0,0
BRDA:170,6,1,0
BRDA:175,7,0,0
BRDA:175,7,1,0
BRDA:187,8,0,0
BRDA:187,8,1,0
BRDA:190,9,0,0
BRDA:190,9,1,0
BRDA:193,10,0,0
BRDA:193,10,1,0
BRDA:196,11,0,0
BRDA:196,11,1,0
BRDA:208,12,0,0
BRDA:208,12,1,0
BRDA:211,13,0,0
BRDA:211,13,1,0
BRDA:216,14,0,0
BRDA:216,14,1,0
BRDA:217,15,0,0
BRDA:217,15,1,0
BRDA:218,16,0,0
BRDA:218,16,1,0
BRDA:223,17,0,0
BRDA:223,17,1,0
BRDA:223,17,2,0
BRDA:223,17,3,0
BRDA:223,17,4,0
BRDA:233,18,0,0
BRDA:233,18,1,0
BRDA:233,18,2,0
BRDA:233,18,3,0
BRDA:233,18,4,0
BRDA:285,19,0,0
BRDA:285,19,1,0
BRDA:322,20,0,0
BRDA:322,20,1,0
BRF:48
BRH:0
end_of_record
TN:
SF:src\hooks\useNetworkState.ts
FN:15,(anonymous_0)
FN:28,(anonymous_1)
FN:29,(anonymous_2)
FN:98,(anonymous_3)
FNF:4
FNH:0
FNDA:0,(anonymous_0)
FNDA:0,(anonymous_1)
FNDA:0,(anonymous_2)
FNDA:0,(anonymous_3)
DA:15,0
DA:16,0
DA:26,0
DA:28,0
DA:29,0
DA:30,0
DA:31,0
DA:32,0
DA:33,0
DA:34,0
DA:37,0
DA:38,0
DA:40,0
DA:41,0
DA:42,0
DA:43,0
DA:45,0
DA:46,0
DA:48,0
DA:49,0
DA:51,0
DA:52,0
DA:54,0
DA:55,0
DA:56,0
DA:58,0
DA:59,0
DA:60,0
DA:62,0
DA:65,0
DA:69,0
DA:79,0
DA:80,0
DA:83,0
DA:98,0
DA:99,0
DA:100,0
DA:101,0
DA:104,0
DA:107,0
LF:40
LH:0
BRDA:30,0,0,0
BRDA:30,0,1,0
BRDA:31,1,0,0
BRDA:31,1,1,0
BRDA:40,2,0,0
BRDA:40,2,1,0
BRDA:40,3,0,0
BRDA:40,3,1,0
BRDA:41,4,0,0
BRDA:41,4,1,0
BRDA:43,5,0,0
BRDA:43,5,1,0
BRDA:46,6,0,0
BRDA:46,6,1,0
BRDA:46,6,2,0
BRDA:46,6,3,0
BRDA:46,6,4,0
BRDA:80,7,0,0
BRDA:80,7,1,0
BRDA:85,8,0,0
BRDA:85,8,1,0
BRDA:86,9,0,0
BRDA:86,9,1,0
BRDA:99,10,0,0
BRDA:99,10,1,0
BRDA:100,11,0,0
BRDA:100,11,1,0
BRDA:101,12,0,0
BRDA:101,12,1,0
BRF:29
BRH:0
end_of_record
TN:
SF:src\hooks\useOfflineQuery.ts
FN:25,(anonymous_0)
FN:41,(anonymous_1)
FN:56,(anonymous_2)
FN:69,(anonymous_3)
FN:82,(anonymous_4)
FN:143,(anonymous_5)
FN:161,(anonymous_6)
FN:173,(anonymous_7)
FN:189,(anonymous_8)
FN:194,(anonymous_9)
FN:195,(anonymous_10)
FN:196,(anonymous_11)
FN:197,(anonymous_12)
FNF:13
FNH:0
FNDA:0,(anonymous_0)
FNDA:0,(anonymous_1)
FNDA:0,(anonymous_2)
FNDA:0,(anonymous_3)
FNDA:0,(anonymous_4)
FNDA:0,(anonymous_5)
FNDA:0,(anonymous_6)
FNDA:0,(anonymous_7)
FNDA:0,(anonymous_8)
FNDA:0,(anonymous_9)
FNDA:0,(anonymous_10)
FNDA:0,(anonymous_11)
FNDA:0,(anonymous_12)
DA:25,0
DA:33,0
DA:35,0
DA:43,0
DA:44,0
DA:48,0
DA:49,0
DA:53,0
DA:54,0
DA:58,0
DA:59,0
DA:69,0
DA:78,0
DA:79,0
DA:81,0
DA:84,0
DA:85,0
DA:89,0
DA:90,0
DA:91,0
DA:94,0
DA:95,0
DA:101,0
DA:110,0
DA:111,0
DA:115,0
DA:117,0
DA:122,0
DA:130,0
DA:136,0
DA:137,0
DA:141,0
DA:145,0
DA:146,0
DA:149,0
DA:152,0
DA:155,0
DA:156,0
DA:158,0
DA:163,0
DA:164,0
DA:167,0
DA:175,0
DA:176,0
DA:177,0
DA:180,0
DA:189,0
DA:190,0
DA:192,0
DA:194,0
DA:195,0
DA:196,0
DA:197,0
LF:53
LH:0
BRDA:28,0,0,0
BRDA:29,1,0,0
BRDA:30,2,0,0
BRDA:31,3,0,0
BRDA:38,4,0,0
BRDA:38,4,1,0
BRDA:43,5,0,0
BRDA:43,5,1,0
BRDA:48,6,0,0
BRDA:48,6,1,0
BRDA:48,7,0,0
BRDA:48,7,1,0
BRDA:53,8,0,0
BRDA:53,8,1,0
BRDA:58,9,0,0
BRDA:58,9,1,0
BRDA:62,10,0,0
BRDA:62,10,1,0
BRDA:71,11,0,0
BRDA:76,12,0,0
BRDA:84,13,0,0
BRDA:84,13,1,0
BRDA:84,14,0,0
BRDA:84,14,1,0
BRDA:89,15,0,0
BRDA:89,15,1,0
BRDA:94,16,0,0
BRDA:94,16,1,0
BRDA:110,17,0,0
BRDA:110,17,1,0
BRDA:136,18,0,0
BRDA:136,18,1,0
BRDA:145,19,0,0
BRDA:145,19,1,0
BRDA:145,20,0,0
BRDA:145,20,1,0
BRDA:163,21,0,0
BRDA:163,21,1,0
BRDA:163,22,0,0
BRDA:163,22,1,0
BRDA:175,23,0,0
BRDA:175,23,1,0
BRF:42
BRH:0
end_of_record
TN:
SF:src\hooks\usePerformance.ts
FN:5,(anonymous_0)
FN:10,(anonymous_1)
FN:14,(anonymous_2)
FN:20,(anonymous_3)
FN:23,(anonymous_4)
FN:29,(anonymous_5)
FN:34,(anonymous_6)
FN:39,(anonymous_7)
FN:49,(anonymous_8)
FN:50,(anonymous_9)
FN:55,(anonymous_10)
FN:60,(anonymous_11)
FN:77,(anonymous_12)
FN:82,(anonymous_13)
FN:91,(anonymous_14)
FN:92,(anonymous_15)
FN:93,(anonymous_16)
FN:97,(anonymous_17)
FN:102,(anonymous_18)
FN:103,(anonymous_19)
FN:105,(anonymous_20)
FN:109,(anonymous_21)
FNF:22
FNH:0
FNDA:0,(anonymous_0)
FNDA:0,(anonymous_1)
FNDA:0,(anonymous_2)
FNDA:0,(anonymous_3)
FNDA:0,(anonymous_4)
FNDA:0,(anonymous_5)
FNDA:0,(anonymous_6)
FNDA:0,(anonymous_7)
FNDA:0,(anonymous_8)
FNDA:0,(anonymous_9)
FNDA:0,(anonymous_10)
FNDA:0,(anonymous_11)
FNDA:0,(anonymous_12)
FNDA:0,(anonymous_13)
FNDA:0,(anonymous_14)
FNDA:0,(anonymous_15)
FNDA:0,(anonymous_16)
FNDA:0,(anonymous_17)
FNDA:0,(anonymous_18)
FNDA:0,(anonymous_19)
FNDA:0,(anonymous_20)
FNDA:0,(anonymous_21)
DA:5,0
DA:6,0
DA:7,0
DA:10,0
DA:11,0
DA:14,0
DA:15,0
DA:20,0
DA:21,0
DA:23,0
DA:24,0
DA:29,0
DA:30,0
DA:34,0
DA:35,0
DA:39,0
DA:40,0
DA:43,0
DA:49,0
DA:50,0
DA:55,0
DA:56,0
DA:57,0
DA:58,0
DA:60,0
DA:61,0
DA:62,0
DA:64,0
DA:65,0
DA:66,0
DA:68,0
DA:69,0
DA:72,0
DA:73,0
DA:77,0
DA:78,0
DA:79,0
DA:82,0
DA:83,0
DA:84,0
DA:91,0
DA:92,0
DA:93,0
DA:94,0
DA:97,0
DA:102,0
DA:103,0
DA:105,0
DA:106,0
DA:109,0
LF:50
LH:0
BRDA:55,0,0,0
BRDA:64,1,0,0
BRDA:64,1,1,0
BRDA:72,2,0,0
BRDA:72,2,1,0
BRDA:78,3,0,0
BRDA:78,3,1,0
BRDA:83,4,0,0
BRDA:83,4,1,0
BRDA:91,5,0,0
BRF:10
BRH:0
end_of_record
TN:
SF:src\hooks\useQueries.ts
FN:11,(anonymous_0)
FN:12,(anonymous_1)
FN:13,(anonymous_2)
FN:14,(anonymous_3)
FN:15,(anonymous_4)
FN:18,(anonymous_5)
FN:19,(anonymous_6)
FN:20,(anonymous_7)
FN:21,(anonymous_8)
FN:22,(anonymous_9)
FN:25,(anonymous_10)
FN:26,(anonymous_11)
FN:27,(anonymous_12)
FN:30,(anonymous_13)
FN:31,(anonymous_14)
FN:34,(anonymous_15)
FN:35,(anonymous_16)
FN:36,(anonymous_17)
FN:42,(anonymous_18)
FN:43,(anonymous_19)
FN:44,(anonymous_20)
FN:45,(anonymous_21)
FN:46,(anonymous_22)
FN:47,(anonymous_23)
FN:51,(anonymous_24)
FN:54,(anonymous_25)
FN:60,(anonymous_26)
FN:63,(anonymous_27)
FN:69,(anonymous_28)
FN:71,(anonymous_29)
FN:72,(anonymous_30)
FN:77,(anonymous_31)
FN:83,(anonymous_32)
FN:85,(anonymous_33)
FN:87,(anonymous_34)
FN:94,(anonymous_35)
FN:100,(anonymous_36)
FN:102,(anonymous_37)
FN:103,(anonymous_38)
FN:107,(anonymous_39)
FN:114,(anonymous_40)
FN:117,(anonymous_41)
FN:123,(anonymous_42)
FN:126,(anonymous_43)
FN:132,(anonymous_44)
FN:135,(anonymous_45)
FN:136,(anonymous_46)
FN:146,(anonymous_47)
FN:149,(anonymous_48)
FN:155,(anonymous_49)
FN:158,(anonymous_50)
FN:165,(anonymous_51)
FN:167,(anonymous_52)
FN:173,(anonymous_53)
FN:178,(anonymous_54)
FN:185,(anonymous_55)
FN:188,(anonymous_56)
FN:212,(anonymous_57)
FN:214,(anonymous_58)
FN:218,(anonymous_59)
FN:222,(anonymous_60)
FN:228,(anonymous_61)
FN:230,(anonymous_62)
FN:234,(anonymous_63)
FN:238,(anonymous_64)
FN:245,(anonymous_65)
FN:248,(anonymous_66)
FN:254,(anonymous_67)
FN:257,(anonymous_68)
FN:264,(anonymous_69)
FN:275,(anonymous_70)
FN:283,(anonymous_71)
FN:288,(anonymous_72)
FN:295,(anonymous_73)
FNF:74
FNH:0
FNDA:0,(anonymous_0)
FNDA:0,(anonymous_1)
FNDA:0,(anonymous_2)
FNDA:0,(anonymous_3)
FNDA:0,(anonymous_4)
FNDA:0,(anonymous_5)
FNDA:0,(anonymous_6)
FNDA:0,(anonymous_7)
FNDA:0,(anonymous_8)
FNDA:0,(anonymous_9)
FNDA:0,(anonymous_10)
FNDA:0,(anonymous_11)
FNDA:0,(anonymous_12)
FNDA:0,(anonymous_13)
FNDA:0,(anonymous_14)
FNDA:0,(anonymous_15)
FNDA:0,(anonymous_16)
FNDA:0,(anonymous_17)
FNDA:0,(anonymous_18)
FNDA:0,(anonymous_19)
FNDA:0,(anonymous_20)
FNDA:0,(anonymous_21)
FNDA:0,(anonymous_22)
FNDA:0,(anonymous_23)
FNDA:0,(anonymous_24)
FNDA:0,(anonymous_25)
FNDA:0,(anonymous_26)
FNDA:0,(anonymous_27)
FNDA:0,(anonymous_28)
FNDA:0,(anonymous_29)
FNDA:0,(anonymous_30)
FNDA:0,(anonymous_31)
FNDA:0,(anonymous_32)
FNDA:0,(anonymous_33)
FNDA:0,(anonymous_34)
FNDA:0,(anonymous_35)
FNDA:0,(anonymous_36)
FNDA:0,(anonymous_37)
FNDA:0,(anonymous_38)
FNDA:0,(anonymous_39)
FNDA:0,(anonymous_40)
FNDA:0,(anonymous_41)
FNDA:0,(anonymous_42)
FNDA:0,(anonymous_43)
FNDA:0,(anonymous_44)
FNDA:0,(anonymous_45)
FNDA:0,(anonymous_46)
FNDA:0,(anonymous_47)
FNDA:0,(anonymous_48)
FNDA:0,(anonymous_49)
FNDA:0,(anonymous_50)
FNDA:0,(anonymous_51)
FNDA:0,(anonymous_52)
FNDA:0,(anonymous_53)
FNDA:0,(anonymous_54)
FNDA:0,(anonymous_55)
FNDA:0,(anonymous_56)
FNDA:0,(anonymous_57)
FNDA:0,(anonymous_58)
FNDA:0,(anonymous_59)
FNDA:0,(anonymous_60)
FNDA:0,(anonymous_61)
FNDA:0,(anonymous_62)
FNDA:0,(anonymous_63)
FNDA:0,(anonymous_64)
FNDA:0,(anonymous_65)
FNDA:0,(anonymous_66)
FNDA:0,(anonymous_67)
FNDA:0,(anonymous_68)
FNDA:0,(anonymous_69)
FNDA:0,(anonymous_70)
FNDA:0,(anonymous_71)
FNDA:0,(anonymous_72)
FNDA:0,(anonymous_73)
DA:9,0
DA:11,0
DA:12,0
DA:13,0
DA:14,0
DA:15,0
DA:18,0
DA:19,0
DA:20,0
DA:21,0
DA:22,0
DA:25,0
DA:26,0
DA:27,0
DA:30,0
DA:31,0
DA:34,0
DA:35,0
DA:36,0
DA:41,0
DA:42,0
DA:43,0
DA:44,0
DA:45,0
DA:46,0
DA:47,0
DA:51,0
DA:52,0
DA:54,0
DA:60,0
DA:61,0
DA:63,0
DA:69,0
DA:70,0
DA:71,0
DA:74,0
DA:75,0
DA:78,0
DA:83,0
DA:84,0
DA:86,0
DA:89,0
DA:91,0
DA:92,0
DA:95,0
DA:100,0
DA:101,0
DA:102,0
DA:104,0
DA:105,0
DA:108,0
DA:114,0
DA:115,0
DA:117,0
DA:123,0
DA:124,0
DA:126,0
DA:132,0
DA:133,0
DA:135,0
DA:137,0
DA:138,0
DA:146,0
DA:147,0
DA:149,0
DA:155,0
DA:156,0
DA:158,0
DA:165,0
DA:166,0
DA:172,0
DA:175,0
DA:176,0
DA:179,0
DA:185,0
DA:186,0
DA:190,0
DA:212,0
DA:213,0
DA:216,0
DA:219,0
DA:220,0
DA:223,0
DA:228,0
DA:229,0
DA:232,0
DA:235,0
DA:236,0
DA:239,0
DA:245,0
DA:246,0
DA:248,0
DA:254,0
DA:255,0
DA:257,0
DA:264,0
DA:273,0
DA:277,0
DA:280,0
DA:283,0
DA:286,0
DA:290,0
DA:291,0
DA:293,0
DA:297,0
LF:105
LH:0
BRDA:51,0,0,0
BRDA:53,1,0,0
BRDA:53,1,1,0
BRDA:60,2,0,0
BRDA:64,3,0,0
BRDA:64,3,1,0
BRDA:114,4,0,0
BRDA:116,5,0,0
BRDA:116,5,1,0
BRDA:123,6,0,0
BRDA:127,7,0,0
BRDA:127,7,1,0
BRDA:134,8,0,0
BRDA:134,8,1,0
BRDA:135,9,0,0
BRDA:137,10,0,0
BRDA:137,10,1,0
BRDA:146,11,0,0
BRDA:155,12,0,0
BRDA:159,13,0,0
BRDA:159,13,1,0
BRDA:185,14,0,0
BRDA:187,15,0,0
BRDA:187,15,1,0
BRDA:245,16,0,0
BRDA:247,17,0,0
BRDA:247,17,1,0
BRDA:249,18,0,0
BRDA:249,18,1,0
BRDA:254,19,0,0
BRDA:256,20,0,0
BRDA:256,20,1,0
BRDA:258,21,0,0
BRDA:258,21,1,0
BRDA:290,22,0,0
BRDA:290,22,1,0
BRF:36
BRH:0
end_of_record
TN:
SF:src\hooks\useRealtime.ts
FN:4,(anonymous_0)
FN:8,(anonymous_1)
FN:12,(anonymous_2)
FN:17,(anonymous_3)
FN:24,(anonymous_4)
FN:27,(anonymous_5)
FN:31,(anonymous_6)
FN:36,(anonymous_7)
FN:43,(anonymous_8)
FN:46,(anonymous_9)
FN:50,(anonymous_10)
FN:55,(anonymous_11)
FN:62,(anonymous_12)
FN:65,(anonymous_13)
FN:69,(anonymous_14)
FN:71,(anonymous_15)
FNF:16
FNH:0
FNDA:0,(anonymous_0)
FNDA:0,(anonymous_1)
FNDA:0,(anonymous_2)
FNDA:0,(anonymous_3)
FNDA:0,(anonymous_4)
FNDA:0,(anonymous_5)
FNDA:0,(anonymous_6)
FNDA:0,(anonymous_7)
FNDA:0,(anonymous_8)
FNDA:0,(anonymous_9)
FNDA:0,(anonymous_10)
FNDA:0,(anonymous_11)
FNDA:0,(anonymous_12)
FNDA:0,(anonymous_13)
FNDA:0,(anonymous_14)
FNDA:0,(anonymous_15)
DA:4,0
DA:5,0
DA:8,0
DA:9,0
DA:12,0
DA:13,0
DA:15,0
DA:17,0
DA:20,0
DA:24,0
DA:25,0
DA:27,0
DA:28,0
DA:31,0
DA:32,0
DA:34,0
DA:36,0
DA:39,0
DA:43,0
DA:44,0
DA:46,0
DA:47,0
DA:50,0
DA:51,0
DA:53,0
DA:55,0
DA:58,0
DA:62,0
DA:63,0
DA:65,0
DA:66,0
DA:69,0
DA:70,0
DA:71,0
DA:74,0
LF:35
LH:0
BRDA:13,0,0,0
BRDA:13,0,1,0
BRDA:32,1,0,0
BRDA:32,1,1,0
BRDA:51,2,0,0
BRDA:51,2,1,0
BRF:6
BRH:0
end_of_record
TN:
SF:src\hooks\useSustainability.ts
FN:15,(anonymous_0)
FN:16,(anonymous_1)
FN:17,(anonymous_2)
FN:18,(anonymous_3)
FN:19,(anonymous_4)
FN:20,(anonymous_5)
FN:24,(anonymous_6)
FN:29,(anonymous_7)
FN:42,(anonymous_8)
FN:45,(anonymous_9)
FN:49,(anonymous_10)
FN:65,(anonymous_11)
FN:73,(anonymous_12)
FN:87,(anonymous_13)
FN:90,(anonymous_14)
FN:99,(anonymous_15)
FN:103,(anonymous_16)
FN:111,(anonymous_17)
FN:121,(anonymous_18)
FN:124,(anonymous_19)
FN:133,(anonymous_20)
FN:139,(anonymous_21)
FN:148,(anonymous_22)
FN:149,(anonymous_23)
FN:150,(anonymous_24)
FN:158,(anonymous_25)
FN:170,(anonymous_26)
FN:191,(anonymous_27)
FN:197,(anonymous_28)
FN:209,(anonymous_29)
FN:223,(anonymous_30)
FN:227,(anonymous_31)
FN:269,(anonymous_32)
FN:314,(anonymous_33)
FN:361,(anonymous_34)
FN:362,(anonymous_35)
FN:366,(anonymous_36)
FN:367,(anonymous_37)
FN:387,(anonymous_38)
FN:392,(anonymous_39)
FN:396,(anonymous_40)
FN:410,(anonymous_41)
FNF:42
FNH:0
FNDA:0,(anonymous_0)
FNDA:0,(anonymous_1)
FNDA:0,(anonymous_2)
FNDA:0,(anonymous_3)
FNDA:0,(anonymous_4)
FNDA:0,(anonymous_5)
FNDA:0,(anonymous_6)
FNDA:0,(anonymous_7)
FNDA:0,(anonymous_8)
FNDA:0,(anonymous_9)
FNDA:0,(anonymous_10)
FNDA:0,(anonymous_11)
FNDA:0,(anonymous_12)
FNDA:0,(anonymous_13)
FNDA:0,(anonymous_14)
FNDA:0,(anonymous_15)
FNDA:0,(anonymous_16)
FNDA:0,(anonymous_17)
FNDA:0,(anonymous_18)
FNDA:0,(anonymous_19)
FNDA:0,(anonymous_20)
FNDA:0,(anonymous_21)
FNDA:0,(anonymous_22)
FNDA:0,(anonymous_23)
FNDA:0,(anonymous_24)
FNDA:0,(anonymous_25)
FNDA:0,(anonymous_26)
FNDA:0,(anonymous_27)
FNDA:0,(anonymous_28)
FNDA:0,(anonymous_29)
FNDA:0,(anonymous_30)
FNDA:0,(anonymous_31)
FNDA:0,(anonymous_32)
FNDA:0,(anonymous_33)
FNDA:0,(anonymous_34)
FNDA:0,(anonymous_35)
FNDA:0,(anonymous_36)
FNDA:0,(anonymous_37)
FNDA:0,(anonymous_38)
FNDA:0,(anonymous_39)
FNDA:0,(anonymous_40)
FNDA:0,(anonymous_41)
DA:13,0
DA:15,0
DA:16,0
DA:17,0
DA:18,0
DA:19,0
DA:20,0
DA:24,0
DA:25,0
DA:27,0
DA:30,0
DA:31,0
DA:35,0
DA:41,0
DA:43,0
DA:46,0
DA:47,0
DA:50,0
DA:54,0
DA:65,0
DA:71,0
DA:74,0
DA:87,0
DA:88,0
DA:91,0
DA:99,0
DA:100,0
DA:102,0
DA:109,0
DA:112,0
DA:121,0
DA:122,0
DA:125,0
DA:133,0
DA:137,0
DA:140,0
DA:148,0
DA:149,0
DA:150,0
DA:151,0
DA:152,0
DA:153,0
DA:154,0
DA:155,0
DA:158,0
DA:159,0
DA:160,0
DA:161,0
DA:162,0
DA:163,0
DA:164,0
DA:165,0
DA:166,0
DA:167,0
DA:170,0
DA:171,0
DA:172,0
DA:173,0
DA:174,0
DA:175,0
DA:176,0
DA:180,0
DA:191,0
DA:192,0
DA:193,0
DA:194,0
DA:197,0
DA:198,0
DA:209,0
DA:210,0
DA:213,0
DA:216,0
DA:223,0
DA:227,0
DA:228,0
DA:230,0
DA:231,0
DA:236,0
DA:237,0
DA:243,0
DA:250,0
DA:251,0
DA:258,0
DA:259,0
DA:266,0
DA:269,0
DA:270,0
DA:272,0
DA:273,0
DA:278,0
DA:279,0
DA:284,0
DA:285,0
DA:292,0
DA:293,0
DA:300,0
DA:303,0
DA:314,0
DA:315,0
DA:354,0
DA:361,0
DA:362,0
DA:363,0
DA:366,0
DA:367,0
DA:368,0
DA:370,0
DA:377,0
DA:386,0
DA:388,0
DA:393,0
DA:401,0
DA:402,0
DA:403,0
DA:412,0
DA:419,0
DA:420,0
DA:422,0
DA:423,0
DA:425,0
LF:120
LH:0
BRDA:24,0,0,0
BRDA:30,1,0,0
BRDA:30,1,1,0
BRDA:81,2,0,0
BRDA:81,2,1,0
BRDA:81,2,2,0
BRDA:81,2,3,0
BRDA:151,3,0,0
BRDA:151,3,1,0
BRDA:152,4,0,0
BRDA:152,4,1,0
BRDA:153,5,0,0
BRDA:153,5,1,0
BRDA:154,6,0,0
BRDA:154,6,1,0
BRDA:159,7,0,0
BRDA:159,7,1,0
BRDA:160,8,0,0
BRDA:160,8,1,0
BRDA:161,9,0,0
BRDA:161,9,1,0
BRDA:162,10,0,0
BRDA:162,10,1,0
BRDA:163,11,0,0
BRDA:163,11,1,0
BRDA:164,12,0,0
BRDA:164,12,1,0
BRDA:165,13,0,0
BRDA:165,13,1,0
BRDA:166,14,0,0
BRDA:166,14,1,0
BRDA:171,15,0,0
BRDA:171,15,1,0
BRDA:171,15,2,0
BRDA:171,15,3,0
BRDA:171,15,4,0
BRDA:192,16,0,0
BRDA:192,16,1,0
BRDA:193,17,0,0
BRDA:193,17,1,0
BRDA:210,18,0,0
BRDA:210,18,1,0
BRDA:211,19,0,0
BRDA:211,19,1,0
BRDA:213,20,0,0
BRDA:213,20,1,0
BRDA:214,21,0,0
BRDA:214,21,1,0
BRDA:219,22,0,0
BRDA:219,22,1,0
BRDA:220,23,0,0
BRDA:220,23,1,0
BRDA:221,24,0,0
BRDA:221,24,1,0
BRDA:230,25,0,0
BRDA:230,25,1,0
BRDA:236,26,0,0
BRDA:236,26,1,0
BRDA:250,27,0,0
BRDA:250,27,1,0
BRDA:258,28,0,0
BRDA:258,28,1,0
BRDA:272,29,0,0
BRDA:272,29,1,0
BRDA:278,30,0,0
BRDA:278,30,1,0
BRDA:284,31,0,0
BRDA:284,31,1,0
BRDA:292,32,0,0
BRDA:292,32,1,0
BRDA:363,33,0,0
BRDA:363,33,1,0
BRDA:368,34,0,0
BRDA:368,34,1,0
BRDA:388,35,0,0
BRDA:388,35,1,0
BRDA:393,36,0,0
BRDA:393,36,1,0
BRDA:393,36,2,0
BRDA:399,37,0,0
BRDA:406,38,0,0
BRDA:406,38,1,0
BRDA:420,39,0,0
BRDA:420,39,1,0
BRDA:423,40,0,0
BRDA:423,40,1,0
BRF:86
BRH:0
end_of_record
TN:
SF:src\i18n\index.ts
FN:45,(anonymous_0)
FN:62,(anonymous_1)
FN:70,(anonymous_2)
FN:84,(anonymous_3)
FN:101,(anonymous_4)
FN:102,(anonymous_5)
FN:158,(anonymous_6)
FN:168,(anonymous_7)
FN:172,(anonymous_8)
FN:177,(anonymous_9)
FN:193,(anonymous_10)
FN:208,(anonymous_11)
FNF:12
FNH:0
FNDA:0,(anonymous_0)
FNDA:0,(anonymous_1)
FNDA:0,(anonymous_2)
FNDA:0,(anonymous_3)
FNDA:0,(anonymous_4)
FNDA:0,(anonymous_5)
FNDA:0,(anonymous_6)
FNDA:0,(anonymous_7)
FNDA:0,(anonymous_8)
FNDA:0,(anonymous_9)
FNDA:0,(anonymous_10)
FNDA:0,(anonymous_11)
DA:25,0
DA:45,0
DA:46,0
DA:48,0
DA:49,0
DA:50,0
DA:51,0
DA:56,0
DA:60,0
DA:62,0
DA:63,0
DA:64,0
DA:66,0
DA:70,0
DA:71,0
DA:72,0
DA:73,0
DA:75,0
DA:76,0
DA:81,0
DA:85,0
DA:87,0
DA:88,0
DA:89,0
DA:90,0
DA:94,0
DA:95,0
DA:97,0
DA:98,0
DA:103,0
DA:108,0
DA:158,0
DA:159,0
DA:160,0
DA:164,0
DA:165,0
DA:168,0
DA:169,0
DA:172,0
DA:173,0
DA:174,0
DA:177,0
DA:178,0
DA:180,0
DA:181,0
DA:189,0
DA:193,0
DA:194,0
DA:196,0
DA:197,0
DA:204,0
DA:208,0
DA:209,0
DA:210,0
DA:211,0
DA:213,0
DA:214,0
DA:216,0
DA:217,0
DA:218,0
DA:219,0
DA:220,0
DA:221,0
DA:223,0
DA:227,0
DA:228,0
DA:229,0
DA:230,0
LF:68
LH:0
BRDA:50,0,0,0
BRDA:50,0,1,0
BRDA:88,1,0,0
BRDA:88,1,1,0
BRDA:169,2,0,0
BRDA:169,2,1,0
BRDA:173,3,0,0
BRDA:173,3,1,0
BRDA:174,4,0,0
BRDA:174,4,1,0
BRDA:177,5,0,0
BRDA:178,6,0,0
BRDA:178,6,1,0
BRDA:181,7,0,0
BRDA:181,7,1,0
BRDA:194,8,0,0
BRDA:194,8,1,0
BRDA:197,9,0,0
BRDA:197,9,1,0
BRDA:209,10,0,0
BRDA:209,10,1,0
BRDA:214,11,0,0
BRDA:214,11,1,0
BRDA:216,12,0,0
BRDA:216,12,1,0
BRDA:218,13,0,0
BRDA:218,13,1,0
BRDA:220,14,0,0
BRDA:220,14,1,0
BRDA:227,15,0,0
BRDA:227,15,1,0
BRDA:228,16,0,0
BRDA:228,16,1,0
BRDA:229,17,0,0
BRDA:229,17,1,0
BRF:35
BRH:0
end_of_record
TN:
SF:src\lib\queryClient.ts
FN:9,(anonymous_0)
FN:26,(anonymous_1)
FN:39,(anonymous_2)
FN:53,(anonymous_3)
FN:72,(anonymous_4)
FN:82,(anonymous_5)
FN:104,(anonymous_6)
FN:106,(anonymous_7)
FN:123,(anonymous_8)
FN:129,(anonymous_9)
FN:145,(anonymous_10)
FN:146,(anonymous_11)
FN:147,(anonymous_12)
FN:153,(anonymous_13)
FN:154,(anonymous_14)
FN:155,(anonymous_15)
FN:156,(anonymous_16)
FN:162,(anonymous_17)
FN:163,(anonymous_18)
FN:164,(anonymous_19)
FN:165,(anonymous_20)
FN:171,(anonymous_21)
FN:172,(anonymous_22)
FN:173,(anonymous_23)
FN:179,(anonymous_24)
FN:180,(anonymous_25)
FN:181,(anonymous_26)
FN:182,(anonymous_27)
FN:188,(anonymous_28)
FN:189,(anonymous_29)
FN:190,(anonymous_30)
FN:196,(anonymous_31)
FN:197,(anonymous_32)
FN:198,(anonymous_33)
FN:199,(anonymous_34)
FN:200,(anonymous_35)
FN:201,(anonymous_36)
FNF:37
FNH:0
FNDA:0,(anonymous_0)
FNDA:0,(anonymous_1)
FNDA:0,(anonymous_2)
FNDA:0,(anonymous_3)
FNDA:0,(anonymous_4)
FNDA:0,(anonymous_5)
FNDA:0,(anonymous_6)
FNDA:0,(anonymous_7)
FNDA:0,(anonymous_8)
FNDA:0,(anonymous_9)
FNDA:0,(anonymous_10)
FNDA:0,(anonymous_11)
FNDA:0,(anonymous_12)
FNDA:0,(anonymous_13)
FNDA:0,(anonymous_14)
FNDA:0,(anonymous_15)
FNDA:0,(anonymous_16)
FNDA:0,(anonymous_17)
FNDA:0,(anonymous_18)
FNDA:0,(anonymous_19)
FNDA:0,(anonymous_20)
FNDA:0,(anonymous_21)
FNDA:0,(anonymous_22)
FNDA:0,(anonymous_23)
FNDA:0,(anonymous_24)
FNDA:0,(anonymous_25)
FNDA:0,(anonymous_26)
FNDA:0,(anonymous_27)
FNDA:0,(anonymous_28)
FNDA:0,(anonymous_29)
FNDA:0,(anonymous_30)
FNDA:0,(anonymous_31)
FNDA:0,(anonymous_32)
FNDA:0,(anonymous_33)
FNDA:0,(anonymous_34)
FNDA:0,(anonymous_35)
FNDA:0,(anonymous_36)
DA:9,0
DA:10,0
DA:13,0
DA:16,0
DA:17,0
DA:26,0
DA:27,0
DA:30,0
DA:33,0
DA:34,0
DA:39,0
DA:46,0
DA:51,0
DA:55,0
DA:60,0
DA:74,0
DA:75,0
DA:78,0
DA:82,0
DA:104,0
DA:105,0
DA:106,0
DA:107,0
DA:108,0
DA:109,0
DA:114,0
DA:117,0
DA:119,0
DA:123,0
DA:124,0
DA:125,0
DA:126,0
DA:127,0
DA:129,0
DA:130,0
DA:131,0
DA:137,0
DA:142,0
DA:145,0
DA:146,0
DA:147,0
DA:153,0
DA:154,0
DA:155,0
DA:156,0
DA:162,0
DA:163,0
DA:164,0
DA:165,0
DA:171,0
DA:172,0
DA:173,0
DA:179,0
DA:180,0
DA:181,0
DA:182,0
DA:188,0
DA:189,0
DA:190,0
DA:195,0
DA:196,0
DA:197,0
DA:198,0
DA:199,0
DA:200,0
DA:201,0
LF:66
LH:0
BRDA:16,0,0,0
BRDA:16,0,1,0
BRDA:19,1,0,0
BRDA:19,1,1,0
BRDA:33,2,0,0
BRDA:33,2,1,0
BRDA:36,3,0,0
BRDA:36,3,1,0
BRDA:74,4,0,0
BRDA:74,4,1,0
BRDA:74,5,0,0
BRDA:74,5,1,0
BRDA:108,6,0,0
BRDA:108,6,1,0
BRDA:108,7,0,0
BRDA:108,7,1,0
BRDA:126,8,0,0
BRDA:126,8,1,0
BRF:18
BRH:0
end_of_record
TN:
SF:src\navigation\AppNavigator-fallback.tsx
FN:6,(anonymous_0)
FN:37,(anonymous_1)
FN:45,(anonymous_2)
FN:72,(anonymous_3)
FN:75,(anonymous_4)
FN:79,(anonymous_5)
FN:127,(anonymous_6)
FN:131,(anonymous_7)
FN:159,(anonymous_8)
FN:168,(anonymous_9)
FN:179,(anonymous_10)
FN:190,(anonymous_11)
FNF:12
FNH:0
FNDA:0,(anonymous_0)
FNDA:0,(anonymous_1)
FNDA:0,(anonymous_2)
FNDA:0,(anonymous_3)
FNDA:0,(anonymous_4)
FNDA:0,(anonymous_5)
FNDA:0,(anonymous_6)
FNDA:0,(anonymous_7)
FNDA:0,(anonymous_8)
FNDA:0,(anonymous_9)
FNDA:0,(anonymous_10)
FNDA:0,(anonymous_11)
DA:6,0
DA:7,0
DA:37,0
DA:45,0
DA:46,0
DA:48,0
DA:72,0
DA:73,0
DA:75,0
DA:76,0
DA:79,0
DA:80,0
DA:87,0
DA:127,0
DA:128,0
DA:129,0
DA:131,0
DA:132,0
DA:133,0
DA:136,0
DA:138,0
DA:140,0
DA:142,0
DA:146,0
DA:147,0
DA:150,0
DA:159,0
DA:169,0
DA:180,0
DA:190,0
DA:201,0
LF:31
LH:0
BRDA:52,0,0,0
BRDA:52,0,1,0
BRDA:99,1,0,0
BRDA:99,1,1,0
BRDA:104,2,0,0
BRDA:104,2,1,0
BRDA:132,3,0,0
BRDA:132,3,1,0
BRDA:136,4,0,0
BRDA:136,4,1,0
BRDA:136,4,2,0
BRDA:146,5,0,0
BRDA:146,5,1,0
BRDA:158,6,0,0
BRDA:158,6,1,0
BRDA:161,7,0,0
BRDA:161,7,1,0
BRDA:167,8,0,0
BRDA:167,8,1,0
BRDA:172,9,0,0
BRDA:172,9,1,0
BRDA:178,10,0,0
BRDA:178,10,1,0
BRDA:183,11,0,0
BRDA:183,11,1,0
BRDA:189,12,0,0
BRDA:189,12,1,0
BRDA:192,13,0,0
BRDA:192,13,1,0
BRF:29
BRH:0
end_of_record
TN:
SF:src\navigation\AppNavigator.tsx
FN:59,(anonymous_0)
FN:66,(anonymous_1)
FN:71,(anonymous_2)
FN:93,(anonymous_3)
FN:120,(anonymous_4)
FN:124,(anonymous_5)
FN:129,(anonymous_6)
FN:146,(anonymous_7)
FN:150,(anonymous_8)
FN:155,(anonymous_9)
FN:172,(anonymous_10)
FN:175,(anonymous_11)
FN:185,(anonymous_12)
FN:186,(anonymous_13)
FN:202,(anonymous_14)
FN:206,(anonymous_15)
FN:221,(anonymous_16)
FN:225,(anonymous_17)
FN:240,(anonymous_18)
FN:276,(anonymous_19)
FNF:20
FNH:0
FNDA:0,(anonymous_0)
FNDA:0,(anonymous_1)
FNDA:0,(anonymous_2)
FNDA:0,(anonymous_3)
FNDA:0,(anonymous_4)
FNDA:0,(anonymous_5)
FNDA:0,(anonymous_6)
FNDA:0,(anonymous_7)
FNDA:0,(anonymous_8)
FNDA:0,(anonymous_9)
FNDA:0,(anonymous_10)
FNDA:0,(anonymous_11)
FNDA:0,(anonymous_12)
FNDA:0,(anonymous_13)
FNDA:0,(anonymous_14)
FNDA:0,(anonymous_15)
FNDA:0,(anonymous_16)
FNDA:0,(anonymous_17)
FNDA:0,(anonymous_18)
FNDA:0,(anonymous_19)
DA:55,0
DA:56,0
DA:57,0
DA:59,0
DA:60,0
DA:66,0
DA:67,0
DA:68,0
DA:69,0
DA:71,0
DA:72,0
DA:73,0
DA:74,0
DA:76,0
DA:80,0
DA:93,0
DA:94,0
DA:96,0
DA:121,0
DA:125,0
DA:126,0
DA:130,0
DA:131,0
DA:147,0
DA:151,0
DA:152,0
DA:156,0
DA:157,0
DA:172,0
DA:176,0
DA:185,0
DA:187,0
DA:188,0
DA:189,0
DA:190,0
DA:191,0
DA:193,0
DA:203,0
DA:207,0
DA:222,0
DA:226,0
DA:240,0
DA:241,0
DA:276,0
DA:277,0
DA:279,0
DA:280,0
DA:283,0
DA:290,0
LF:49
LH:0
BRDA:73,0,0,0
BRDA:73,0,1,0
BRDA:85,1,0,0
BRDA:85,1,1,0
BRDA:86,2,0,0
BRDA:86,2,1,0
BRDA:105,3,0,0
BRDA:105,3,1,0
BRDA:107,4,0,0
BRDA:107,4,1,0
BRDA:174,5,0,0
BRDA:174,5,1,0
BRDA:179,6,0,0
BRDA:179,6,1,0
BRDA:180,7,0,0
BRDA:180,7,1,0
BRDA:190,8,0,0
BRDA:190,8,1,0
BRDA:279,9,0,0
BRDA:279,9,1,0
BRDA:285,10,0,0
BRDA:285,10,1,0
BRF:22
BRH:0
end_of_record
TN:
SF:src\pricing\PricingEngine.ts
FN:72,(anonymous_0)
FN:82,(anonymous_1)
FN:104,(anonymous_2)
FN:107,(anonymous_3)
FN:108,(anonymous_4)
FN:164,(anonymous_5)
FN:179,(anonymous_6)
FN:240,(anonymous_7)
FN:297,(anonymous_8)
FN:318,(anonymous_9)
FN:337,(anonymous_10)
FN:351,(anonymous_11)
FN:392,(anonymous_12)
FNF:13
FNH:0
FNDA:0,(anonymous_0)
FNDA:0,(anonymous_1)
FNDA:0,(anonymous_2)
FNDA:0,(anonymous_3)
FNDA:0,(anonymous_4)
FNDA:0,(anonymous_5)
FNDA:0,(anonymous_6)
FNDA:0,(anonymous_7)
FNDA:0,(anonymous_8)
FNDA:0,(anonymous_9)
FNDA:0,(anonymous_10)
FNDA:0,(anonymous_11)
FNDA:0,(anonymous_12)
DA:70,0
DA:73,0
DA:74,0
DA:75,0
DA:76,0
DA:83,0
DA:85,0
DA:86,0
DA:93,0
DA:94,0
DA:96,0
DA:97,0
DA:105,0
DA:107,0
DA:108,0
DA:109,0
DA:114,0
DA:116,0
DA:123,0
DA:124,0
DA:125,0
DA:128,0
DA:131,0
DA:138,0
DA:143,0
DA:149,0
DA:152,0
DA:155,0
DA:168,0
DA:169,0
DA:171,0
DA:172,0
DA:186,0
DA:187,0
DA:197,0
DA:198,0
DA:199,0
DA:200,0
DA:202,0
DA:204,0
DA:218,0
DA:219,0
DA:245,0
DA:248,0
DA:249,0
DA:253,0
DA:254,0
DA:261,0
DA:262,0
DA:272,0
DA:273,0
DA:281,0
DA:282,0
DA:291,0
DA:301,0
DA:302,0
DA:305,0
DA:306,0
DA:307,0
DA:308,0
DA:309,0
DA:312,0
DA:319,0
DA:331,0
DA:338,0
DA:352,0
DA:353,0
DA:356,0
DA:358,0
DA:397,0
DA:410,0
LF:71
LH:0
BRDA:83,0,0,0
BRDA:83,0,1,0
BRDA:168,1,0,0
BRDA:168,1,1,0
BRDA:186,2,0,0
BRDA:186,2,1,0
BRDA:191,3,0,0
BRDA:191,3,1,0
BRDA:197,4,0,0
BRDA:197,4,1,0
BRDA:197,5,0,0
BRDA:197,5,1,0
BRDA:199,6,0,0
BRDA:199,6,1,0
BRDA:200,7,0,0
BRDA:200,7,1,0
BRDA:248,8,0,0
BRDA:248,8,1,0
BRDA:253,9,0,0
BRDA:253,9,1,0
BRDA:261,10,0,0
BRDA:261,10,1,0
BRDA:272,11,0,0
BRDA:272,11,1,0
BRDA:275,12,0,0
BRDA:275,12,1,0
BRDA:276,13,0,0
BRDA:276,13,1,0
BRDA:281,14,0,0
BRDA:281,14,1,0
BRDA:301,15,0,0
BRDA:301,15,1,0
BRDA:305,16,0,0
BRDA:305,16,1,0
BRDA:306,17,0,0
BRDA:306,17,1,0
BRDA:307,18,0,0
BRDA:307,18,1,0
BRDA:308,19,0,0
BRDA:308,19,1,0
BRDA:331,20,0,0
BRDA:331,20,1,0
BRDA:353,21,0,0
BRDA:353,21,1,0
BRDA:354,22,0,0
BRDA:354,22,1,0
BRDA:375,23,0,0
BRDA:375,23,1,0
BRF:48
BRH:0
end_of_record
TN:
SF:src\pricing\complexity\ComplexityAnalyzer.ts
FN:45,(anonymous_0)
FN:52,(anonymous_1)
FN:68,(anonymous_2)
FN:124,(anonymous_3)
FN:126,(anonymous_4)
FN:140,(anonymous_5)
FN:141,(anonymous_6)
FN:147,(anonymous_7)
FN:151,(anonymous_8)
FN:155,(anonymous_9)
FN:165,(anonymous_10)
FN:170,(anonymous_11)
FN:180,(anonymous_12)
FN:190,(anonymous_13)
FN:197,(anonymous_14)
FN:209,(anonymous_15)
FN:213,(anonymous_16)
FN:250,(anonymous_17)
FN:260,(anonymous_18)
FN:270,(anonymous_19)
FN:283,(anonymous_20)
FN:330,(anonymous_21)
FN:331,(anonymous_22)
FN:340,(anonymous_23)
FN:350,(anonymous_24)
FN:359,(anonymous_25)
FN:365,(anonymous_26)
FN:398,(anonymous_27)
FN:417,(anonymous_28)
FN:436,(anonymous_29)
FN:479,(anonymous_30)
FNF:31
FNH:0
FNDA:0,(anonymous_0)
FNDA:0,(anonymous_1)
FNDA:0,(anonymous_2)
FNDA:0,(anonymous_3)
FNDA:0,(anonymous_4)
FNDA:0,(anonymous_5)
FNDA:0,(anonymous_6)
FNDA:0,(anonymous_7)
FNDA:0,(anonymous_8)
FNDA:0,(anonymous_9)
FNDA:0,(anonymous_10)
FNDA:0,(anonymous_11)
FNDA:0,(anonymous_12)
FNDA:0,(anonymous_13)
FNDA:0,(anonymous_14)
FNDA:0,(anonymous_15)
FNDA:0,(anonymous_16)
FNDA:0,(anonymous_17)
FNDA:0,(anonymous_18)
FNDA:0,(anonymous_19)
FNDA:0,(anonymous_20)
FNDA:0,(anonymous_21)
FNDA:0,(anonymous_22)
FNDA:0,(anonymous_23)
FNDA:0,(anonymous_24)
FNDA:0,(anonymous_25)
FNDA:0,(anonymous_26)
FNDA:0,(anonymous_27)
FNDA:0,(anonymous_28)
FNDA:0,(anonymous_29)
FNDA:0,(anonymous_30)
DA:43,0
DA:46,0
DA:53,0
DA:55,0
[...]
FN:130,(anonymous_3)
FN:160,(anonymous_4)
FN:239,(anonymous_5)
FN:271,(anonymous_6)
FN:293,(anonymous_7)
FN:311,(anonymous_8)
FN:328,(anonymous_9)
FN:336,(anonymous_10)
FN:351,(anonymous_11)
FN:376,(anonymous_12)
FN:379,(anonymous_13)
FN:388,(anonymous_14)
FN:399,(anonymous_15)
FN:421,(anonymous_16)
FN:431,(anonymous_17)
FN:432,(anonymous_18)
FN:449,(anonymous_19)
FN:469,(anonymous_20)
FN:489,(anonymous_21)
FN:507,(anonymous_22)
FN:526,(anonymous_23)
FN:543,(anonymous_24)
FN:548,(anonymous_25)
FNF:26
FNH:0
FNDA:0,(anonymous_0)
FNDA:0,(anonymous_1)
FNDA:0,(anonymous_2)
FNDA:0,(anonymous_3)
FNDA:0,(anonymous_4)
FNDA:0,(anonymous_5)
FNDA:0,(anonymous_6)
FNDA:0,(anonymous_7)
FNDA:0,(anonymous_8)
FNDA:0,(anonymous_9)
FNDA:0,(anonymous_10)
FNDA:0,(anonymous_11)
FNDA:0,(anonymous_12)
FNDA:0,(anonymous_13)
FNDA:0,(anonymous_14)
FNDA:0,(anonymous_15)
FNDA:0,(anonymous_16)
FNDA:0,(anonymous_17)
FNDA:0,(anonymous_18)
FNDA:0,(anonymous_19)
FNDA:0,(anonymous_20)
FNDA:0,(anonymous_21)
FNDA:0,(anonymous_22)
FNDA:0,(anonymous_23)
FNDA:0,(anonymous_24)
FNDA:0,(anonymous_25)
DA:15,0
DA:16,0
DA:17,0
DA:18,0
DA:20,0
DA:21,0
DA:22,0
DA:24,0
DA:25,0
DA:32,0
DA:95,0
DA:98,0
DA:99,0
DA:101,0
DA:108,0
DA:110,0
DA:111,0
DA:114,0
DA:116,0
DA:117,0
DA:121,0
DA:122,0
DA:123,0
DA:128,0
DA:132,0
DA:134,0
DA:137,0
DA:142,0
DA:143,0
DA:146,0
DA:147,0
DA:150,0
DA:153,0
DA:167,0
DA:168,0
DA:171,0
DA:172,0
DA:179,0
DA:188,0
DA:196,0
DA:204,0
DA:212,0
DA:215,0
DA:217,0
DA:227,0
DA:231,0
DA:232,0
DA:252,0
DA:253,0
DA:255,0
DA:277,0
DA:278,0
DA:279,0
DA:281,0
DA:299,0
DA:317,0
DA:329,0
DA:330,0
DA:341,0
DA:342,0
DA:345,0
DA:353,0
DA:354,0
DA:355,0
DA:356,0
DA:358,0
DA:362,0
DA:363,0
DA:370,0
DA:378,0
DA:379,0
DA:380,0
DA:388,0
DA:389,0
DA:400,0
DA:402,0
DA:408,0
DA:410,0
DA:413,0
DA:414,0
DA:423,0
DA:431,0
DA:432,0
DA:433,0
DA:434,0
DA:435,0
DA:436,0
DA:441,0
DA:455,0
DA:469,0
DA:476,0
DA:489,0
DA:495,0
DA:507,0
DA:513,0
DA:526,0
DA:532,0
DA:543,0
DA:544,0
DA:547,0
DA:548,0
DA:549,0
DA:559,0
LF:103
LH:0
BRDA:33,0,0,0
BRDA:33,0,1,0
BRDA:34,1,0,0
BRDA:34,1,1,0
BRDA:35,2,0,0
BRDA:35,2,1,0
BRDA:36,3,0,0
BRDA:36,3,1,0
BRDA:98,4,0,0
BRDA:98,4,1,0
BRDA:110,5,0,0
BRDA:110,5,1,0
BRDA:116,6,0,0
BRDA:116,6,1,0
BRDA:121,7,0,0
BRDA:121,7,1,0
BRDA:122,8,0,0
BRDA:122,8,1,0
BRDA:132,9,0,0
BRDA:132,9,1,0
BRDA:132,10,0,0
BRDA:132,10,1,0
BRDA:163,11,0,0
BRDA:168,12,0,0
BRDA:168,12,1,0
BRDA:171,13,0,0
BRDA:171,13,1,0
BRDA:277,14,0,0
BRDA:277,14,1,0
BRDA:296,15,0,0
BRDA:338,16,0,0
BRDA:341,17,0,0
BRDA:341,17,1,0
BRDA:353,18,0,0
BRDA:353,18,1,0
BRDA:355,19,0,0
BRDA:355,19,1,0
BRDA:356,20,0,0
BRDA:356,20,1,0
BRDA:362,21,0,0
BRDA:362,21,1,0
BRDA:378,22,0,0
BRDA:378,22,1,0
BRDA:400,23,0,0
BRDA:400,23,1,0
BRDA:433,24,0,0
BRDA:433,24,1,0
BRDA:435,25,0,0
BRDA:435,25,1,0
BRDA:456,26,0,0
BRDA:456,26,1,0
BRDA:547,27,0,0
BRDA:547,27,1,0
BRF:53
BRH:0
end_of_record
TN:
SF:src\utils\globalErrorHandler.ts
FN:6,(anonymous_0)
FN:8,(anonymous_1)
FN:12,(anonymous_2)
FN:21,(anonymous_3)
FN:34,(anonymous_4)
FN:37,(anonymous_5)
FN:46,(anonymous_6)
FN:54,(anonymous_7)
FN:57,(anonymous_8)
FN:63,(anonymous_9)
FN:69,(anonymous_10)
FN:72,(anonymous_11)
FN:78,(anonymous_12)
FNF:13
FNH:0
FNDA:0,(anonymous_0)
FNDA:0,(anonymous_1)
FNDA:0,(anonymous_2)
FNDA:0,(anonymous_3)
FNDA:0,(anonymous_4)
FNDA:0,(anonymous_5)
FNDA:0,(anonymous_6)
FNDA:0,(anonymous_7)
FNDA:0,(anonymous_8)
FNDA:0,(anonymous_9)
FNDA:0,(anonymous_10)
FNDA:0,(anonymous_11)
FNDA:0,(anonymous_12)
DA:6,0
DA:8,0
DA:9,0
DA:12,0
DA:13,0
DA:22,0
DA:26,0
DA:27,0
DA:32,0
DA:33,0
DA:34,0
DA:35,0
DA:37,0
DA:38,0
DA:47,0
DA:54,0
DA:55,0
DA:57,0
DA:58,0
DA:64,0
DA:69,0
DA:70,0
DA:72,0
DA:73,0
DA:79,0
LF:25
LH:0
BRDA:26,0,0,0
BRDA:26,0,1,0
BRDA:26,1,0,0
BRDA:26,1,1,0
BRDA:33,2,0,0
BRDA:33,2,1,0
BRF:6
BRH:0
end_of_record
TN:
SF:src\utils\haptics.ts
FN:10,(anonymous_0)
FN:21,(anonymous_1)
FN:32,(anonymous_2)
FN:43,(anonymous_3)
FN:52,(anonymous_4)
FN:61,(anonymous_5)
FN:70,(anonymous_6)
FN:79,(anonymous_7)
FN:80,(anonymous_8)
FN:81,(anonymous_9)
FN:82,(anonymous_10)
FN:83,(anonymous_11)
FN:84,(anonymous_12)
FN:85,(anonymous_13)
FN:86,(anonymous_14)
FN:87,(anonymous_15)
FN:90,(anonymous_16)
FN:91,(anonymous_17)
FN:92,(anonymous_18)
FN:93,(anonymous_19)
FN:94,(anonymous_20)
FN:95,(anonymous_21)
FN:96,(anonymous_22)
FN:97,(anonymous_23)
FN:98,(anonymous_24)
FN:102,(anonymous_25)
FNF:26
FNH:0
FNDA:0,(anonymous_0)
FNDA:0,(anonymous_1)
FNDA:0,(anonymous_2)
FNDA:0,(anonymous_3)
FNDA:0,(anonymous_4)
FNDA:0,(anonymous_5)
FNDA:0,(anonymous_6)
FNDA:0,(anonymous_7)
FNDA:0,(anonymous_8)
FNDA:0,(anonymous_9)
FNDA:0,(anonymous_10)
FNDA:0,(anonymous_11)
FNDA:0,(anonymous_12)
FNDA:0,(anonymous_13)
FNDA:0,(anonymous_14)
FNDA:0,(anonymous_15)
FNDA:0,(anonymous_16)
FNDA:0,(anonymous_17)
FNDA:0,(anonymous_18)
FNDA:0,(anonymous_19)
FNDA:0,(anonymous_20)
FNDA:0,(anonymous_21)
FNDA:0,(anonymous_22)
FNDA:0,(anonymous_23)
FNDA:0,(anonymous_24)
FNDA:0,(anonymous_25)
DA:10,1
DA:11,0
DA:12,0
DA:13,0
DA:15,0
DA:21,1
DA:22,0
DA:23,0
DA:24,0
DA:26,0
DA:32,1
DA:33,0
DA:34,0
DA:35,0
DA:37,0
DA:43,1
DA:44,0
DA:45,0
DA:47,0
DA:52,1
DA:53,0
DA:54,0
DA:56,0
DA:61,1
DA:62,0
DA:63,0
DA:65,0
DA:70,1
DA:71,0
DA:72,0
DA:74,0
DA:79,1
DA:80,1
DA:81,1
DA:82,1
DA:83,1
DA:84,1
DA:85,1
DA:86,1
DA:87,1
DA:90,1
DA:91,1
DA:92,1
DA:93,1
DA:94,1
DA:95,1
DA:96,1
DA:97,1
DA:98,1
DA:102,1
DA:103,0
LF:51
LH:26
BRDA:11,0,0,0
BRDA:11,0,1,0
BRDA:22,1,0,0
BRDA:22,1,1,0
BRDA:33,2,0,0
BRDA:33,2,1,0
BRF:6
BRH:0
end_of_record
TN:
SF:src\utils\logger.ts
FN:12,(anonymous_0)
FN:18,(anonymous_1)
FN:26,(anonymous_2)
FN:35,(anonymous_3)
FN:44,(anonymous_4)
FN:61,(anonymous_5)
FN:76,(anonymous_6)
FN:99,(anonymous_7)
FN:110,(anonymous_8)
FN:121,(anonymous_9)
FN:143,(anonymous_10)
FN:144,(anonymous_11)
FN:145,(anonymous_12)
FN:146,(anonymous_13)
FN:147,(anonymous_14)
FN:149,(anonymous_15)
FN:151,(anonymous_16)
FN:152,(anonymous_17)
FN:153,(anonymous_18)
FNF:19
FNH:17
FNDA:23,(anonymous_0)
FNDA:3,(anonymous_1)
FNDA:3,(anonymous_2)
FNDA:1,(anonymous_3)
FNDA:3,(anonymous_4)
FNDA:2,(anonymous_5)
FNDA:4,(anonymous_6)
FNDA:2,(anonymous_7)
FNDA:2,(anonymous_8)
FNDA:3,(anonymous_9)
FNDA:1,(anonymous_10)
FNDA:0,(anonymous_11)
FNDA:0,(anonymous_12)
FNDA:1,(anonymous_13)
FNDA:1,(anonymous_14)
FNDA:1,(anonymous_15)
FNDA:1,(anonymous_16)
FNDA:1,(anonymous_17)
FNDA:1,(anonymous_18)
DA:10,1
DA:13,23
DA:14,23
DA:15,23
DA:19,3
DA:20,3
DA:23,3
DA:27,3
DA:28,3
DA:31,3
DA:32,3
DA:36,1
DA:37,1
DA:40,1
DA:41,1
DA:45,3
DA:47,3
DA:48,3
DA:51,3
DA:53,3
DA:54,2
DA:56,1
DA:62,2
DA:64,2
DA:65,2
DA:68,2
DA:77,4
DA:78,4
DA:80,4
DA:81,4
DA:82,4
DA:85,4
DA:93,4
DA:94,1
DA:100,2
DA:102,2
DA:103,2
DA:106,2
DA:111,2
DA:113,2
DA:114,2
DA:117,2
DA:122,3
DA:123,3
DA:125,3
DA:126,3
DA:127,3
DA:130,3
DA:132,3
DA:133,1
DA:139,1
DA:142,1
DA:143,1
DA:144,0
DA:145,0
DA:146,1
DA:148,1
DA:150,1
DA:151,1
DA:152,1
DA:153,1
LF:61
LH:59
BRDA:14,0,0,11
BRDA:14,0,1,12
BRDA:19,1,0,3
BRDA:19,1,1,0
BRDA:27,2,0,3
BRDA:27,2,1,0
BRDA:36,3,0,1
BRDA:36,3,1,0
BRDA:47,4,0,3
BRDA:47,4,1,0
BRDA:53,5,0,2
BRDA:53,5,1,1
BRDA:64,6,0,2
BRDA:64,6,1,0
BRDA:78,7,0,1
BRDA:78,7,1,3
BRDA:78,8,0,1
BRDA:78,8,1,2
BRDA:80,9,0,4
BRDA:80,9,1,0
BRDA:81,10,0,1
BRDA:81,10,1,3
BRDA:81,11,0,1
BRDA:81,11,1,2
BRDA:93,12,0,1
BRDA:93,12,1,3
BRDA:102,13,0,2
BRDA:102,13,1,0
BRDA:113,14,0,2
BRDA:113,14,1,0
BRDA:122,15,0,2
BRDA:122,15,1,1
BRDA:123,16,0,2
BRDA:123,16,1,1
BRDA:125,17,0,3
BRDA:125,17,1,0
BRDA:126,18,0,2
BRDA:126,18,1,1
BRDA:132,19,0,1
BRDA:132,19,1,2
BRF:40
BRH:31
end_of_record
TN:
SF:src\utils\memoryManager.ts
FN:49,(anonymous_0)
FN:56,(anonymous_1)
FN:64,(anonymous_2)
FN:68,(anonymous_3)
FN:78,(anonymous_4)
FN:93,(anonymous_5)
FN:124,(anonymous_6)
FN:138,(anonymous_7)
FN:170,(anonymous_8)
FN:215,(anonymous_9)
FN:231,(anonymous_10)
FN:244,(anonymous_11)
FN:257,(anonymous_12)
FN:259,(anonymous_13)
FN:274,(anonymous_14)
FN:278,(anonymous_15)
FN:286,(anonymous_16)
FN:289,(anonymous_17)
FN:297,(anonymous_18)
FN:334,(anonymous_19)
FN:336,(anonymous_20)
FN:342,(anonymous_21)
FN:350,(anonymous_22)
FN:359,(anonymous_23)
FN:361,(anonymous_24)
FN:370,(anonymous_25)
FN:382,(anonymous_26)
FN:383,(anonymous_27)
FN:395,(anonymous_28)
FN:396,(anonymous_29)
FN:407,(anonymous_30)
FN:414,(anonymous_31)
FN:432,(anonymous_32)
FN:433,(anonymous_33)
FN:439,(anonymous_34)
FN:440,(anonymous_35)
FN:457,(anonymous_36)
FN:476,(anonymous_37)
FN:479,(anonymous_38)
FN:482,(anonymous_39)
FN:491,(anonymous_40)
FN:498,(anonymous_41)
FN:499,(anonymous_42)
FN:502,(anonymous_43)
FNF:44
FNH:0
FNDA:0,(anonymous_0)
FNDA:0,(anonymous_1)
FNDA:0,(anonymous_2)
FNDA:0,(anonymous_3)
FNDA:0,(anonymous_4)
FNDA:0,(anonymous_5)
FNDA:0,(anonymous_6)
FNDA:0,(anonymous_7)
FNDA:0,(anonymous_8)
FNDA:0,(anonymous_9)
FNDA:0,(anonymous_10)
FNDA:0,(anonymous_11)
FNDA:0,(anonymous_12)
FNDA:0,(anonymous_13)
FNDA:0,(anonymous_14)
FNDA:0,(anonymous_15)
FNDA:0,(anonymous_16)
FNDA:0,(anonymous_17)
FNDA:0,(anonymous_18)
FNDA:0,(anonymous_19)
FNDA:0,(anonymous_20)
FNDA:0,(anonymous_21)
FNDA:0,(anonymous_22)
FNDA:0,(anonymous_23)
FNDA:0,(anonymous_24)
FNDA:0,(anonymous_25)
FNDA:0,(anonymous_26)
FNDA:0,(anonymous_27)
FNDA:0,(anonymous_28)
FNDA:0,(anonymous_29)
FNDA:0,(anonymous_30)
FNDA:0,(anonymous_31)
FNDA:0,(anonymous_32)
FNDA:0,(anonymous_33)
FNDA:0,(anonymous_34)
FNDA:0,(anonymous_35)
FNDA:0,(anonymous_36)
FNDA:0,(anonymous_37)
FNDA:0,(anonymous_38)
FNDA:0,(anonymous_39)
FNDA:0,(anonymous_40)
FNDA:0,(anonymous_41)
FNDA:0,(anonymous_42)
FNDA:0,(anonymous_43)
DA:36,0
DA:37,0
DA:38,0
DA:39,0
DA:40,0
DA:44,0
DA:45,0
DA:46,0
DA:47,0
DA:50,0
DA:51,0
DA:53,0
DA:57,0
DA:58,0
DA:65,0
DA:67,0
DA:68,0
DA:69,0
DA:72,0
DA:79,0
DA:81,0
DA:82,0
DA:83,0
DA:84,0
DA:87,0
DA:94,0
DA:97,0
DA:99,0
DA:109,0
DA:110,0
DA:111,0
DA:114,0
DA:116,0
DA:117,0
DA:125,0
DA:126,0
DA:127,0
DA:129,0
DA:139,0
DA:140,0
DA:142,0
DA:148,0
DA:149,0
DA:153,0
DA:154,0
DA:155,0
DA:159,0
DA:160,0
DA:163,0
DA:171,0
DA:179,0
DA:180,0
DA:182,0
DA:184,0
DA:185,0
DA:189,0
DA:190,0
DA:194,0
DA:197,0
DA:198,0
DA:199,0
DA:202,0
DA:203,0
DA:208,0
DA:216,0
DA:224,0
DA:225,0
DA:232,0
DA:235,0
DA:237,0
DA:245,0
DA:248,0
DA:250,0
DA:258,0
DA:259,0
DA:260,0
DA:261,0
DA:262,0
DA:264,0
DA:268,0
DA:275,0
DA:278,0
DA:279,0
DA:287,0
DA:289,0
DA:290,0
DA:298,0
DA:300,0
DA:301,0
DA:309,0
DA:312,0
DA:313,0
DA:314,0
DA:316,0
DA:317,0
DA:321,0
DA:322,0
DA:323,0
DA:324,0
DA:335,0
DA:336,0
DA:343,0
DA:344,0
DA:351,0
DA:352,0
DA:353,0
DA:360,0
DA:361,0
DA:362,0
DA:364,0
DA:372,0
DA:383,0
DA:384,0
DA:385,0
DA:387,0
DA:396,0
DA:397,0
DA:398,0
DA:399,0
DA:408,0
DA:421,0
DA:422,0
DA:431,0
DA:432,0
DA:433,0
DA:436,0
DA:437,0
DA:438,0
DA:439,0
DA:440,0
DA:442,0
DA:443,0
DA:444,0
DA:448,0
DA:449,0
DA:450,0
DA:452,0
DA:453,0
DA:456,0
DA:457,0
DA:458,0
DA:459,0
DA:462,0
DA:473,0
DA:476,0
DA:477,0
DA:479,0
DA:480,0
DA:482,0
DA:483,0
DA:484,0
DA:491,0
DA:495,0
DA:496,0
DA:498,0
DA:499,0
DA:500,0
DA:502,0
DA:503,0
DA:507,0
LF:160
LH:0
BRDA:50,0,0,0
BRDA:50,0,1,0
BRDA:65,1,0,0
BRDA:65,1,1,0
BRDA:79,2,0,0
BRDA:79,2,1,0
BRDA:82,3,0,0
BRDA:82,3,1,0
BRDA:110,4,0,0
BRDA:110,4,1,0
BRDA:148,5,0,0
BRDA:148,5,1,0
BRDA:154,6,0,0
BRDA:154,6,1,0
BRDA:170,7,0,0
BRDA:184,8,0,0
BRDA:184,8,1,0
BRDA:189,9,0,0
BRDA:189,9,1,0
BRDA:197,10,0,0
BRDA:197,10,1,0
BRDA:197,11,0,0
BRDA:197,11,1,0
BRDA:204,12,0,0
BRDA:204,12,1,0
BRDA:300,13,0,0
BRDA:300,13,1,0
BRDA:312,14,0,0
BRDA:312,14,1,0
BRDA:321,15,0,0
BRDA:321,15,1,0
BRDA:397,16,0,0
BRDA:397,16,1,0
BRDA:421,17,0,0
BRDA:421,17,1,0
BRDA:437,18,0,0
BRDA:437,18,1,0
BRDA:443,19,0,0
BRDA:443,19,1,0
BRDA:444,20,0,0
BRDA:444,20,1,0
BRDA:449,21,0,0
BRDA:449,21,1,0
BRDA:452,22,0,0
BRDA:452,22,1,0
BRDA:458,23,0,0
BRDA:458,23,1,0
BRDA:480,24,0,0
BRDA:480,24,1,0
BRDA:483,25,0,0
BRDA:483,25,1,0
BRDA:496,26,0,0
BRDA:496,26,1,0
BRDA:496,26,2,0
BRDA:496,26,3,0
BRF:55
BRH:0
end_of_record
TN:
SF:src\utils\performanceBudgets.ts
FN:64,(anonymous_0)
FN:71,(anonymous_1)
FN:180,(anonymous_2)
FN:188,(anonymous_3)
FN:243,(anonymous_4)
FN:259,(anonymous_5)
FN:289,(anonymous_6)
FN:290,(anonymous_7)
FN:291,(anonymous_8)
FN:321,(anonymous_9)
FN:328,(anonymous_10)
FN:349,(anonymous_11)
FN:363,(anonymous_12)
FN:377,(anonymous_13)
FN:378,(anonymous_14)
FN:379,(anonymous_15)
FN:380,(anonymous_16)
FN:384,(anonymous_17)
FN:408,(anonymous_18)
FN:456,(anonymous_19)
FN:463,(anonymous_20)
FN:473,(anonymous_21)
FN:486,(anonymous_22)
FN:524,(anonymous_23)
FN:553,(anonymous_24)
FN:590,(anonymous_25)
FN:609,(anonymous_26)
FN:624,(anonymous_27)
FN:632,(anonymous_28)
FN:653,(anonymous_29)
FN:698,(anonymous_30)
FN:700,(anonymous_31)
FN:722,(anonymous_32)
FN:730,(anonymous_33)
FN:735,(anonymous_34)
FN:749,(anonymous_35)
FN:761,(anonymous_36)
FN:794,(anonymous_37)
FN:802,(anonymous_38)
FN:803,(anonymous_39)
FN:806,(anonymous_40)
FN:825,(anonymous_41)
FN:833,(anonymous_42)
FN:834,(anonymous_43)
FN:837,(anonymous_44)
FNF:45
FNH:0
FNDA:0,(anonymous_0)
FNDA:0,(anonymous_1)
FNDA:0,(anonymous_2)
FNDA:0,(anonymous_3)
FNDA:0,(anonymous_4)
FNDA:0,(anonymous_5)
FNDA:0,(anonymous_6)
FNDA:0,(anonymous_7)
FNDA:0,(anonymous_8)
FNDA:0,(anonymous_9)
FNDA:0,(anonymous_10)
FNDA:0,(anonymous_11)
FNDA:0,(anonymous_12)
FNDA:0,(anonymous_13)
FNDA:0,(anonymous_14)
FNDA:0,(anonymous_15)
FNDA:0,(anonymous_16)
FNDA:0,(anonymous_17)
FNDA:0,(anonymous_18)
FNDA:0,(anonymous_19)
FNDA:0,(anonymous_20)
FNDA:0,(anonymous_21)
FNDA:0,(anonymous_22)
FNDA:0,(anonymous_23)
FNDA:0,(anonymous_24)
FNDA:0,(anonymous_25)
FNDA:0,(anonymous_26)
FNDA:0,(anonymous_27)
FNDA:0,(anonymous_28)
FNDA:0,(anonymous_29)
FNDA:0,(anonymous_30)
FNDA:0,(anonymous_31)
FNDA:0,(anonymous_32)
FNDA:0,(anonymous_33)
FNDA:0,(anonymous_34)
FNDA:0,(anonymous_35)
FNDA:0,(anonymous_36)
FNDA:0,(anonymous_37)
FNDA:0,(anonymous_38)
FNDA:0,(anonymous_39)
FNDA:0,(anonymous_40)
FNDA:0,(anonymous_41)
FNDA:0,(anonymous_42)
FNDA:0,(anonymous_43)
FNDA:0,(anonymous_44)
DA:59,0
DA:60,0
DA:61,0
DA:65,0
DA:73,0
DA:90,0
DA:107,0
DA:124,0
DA:141,0
DA:158,0
DA:174,0
DA:181,0
DA:182,0
DA:197,0
DA:198,0
DA:199,0
DA:200,0
DA:203,0
DA:216,0
DA:219,0
DA:220,0
DA:223,0
DA:224,0
DA:227,0
DA:228,0
DA:232,0
DA:233,0
DA:237,0
DA:247,0
DA:250,0
DA:259,0
DA:260,0
DA:261,0
DA:263,0
DA:264,0
DA:271,0
DA:272,0
DA:283,0
DA:290,0
DA:291,0
DA:294,0
DA:295,0
DA:298,0
DA:315,0
DA:321,0
DA:322,0
DA:323,0
DA:324,0
DA:328,0
DA:329,0
DA:331,0
DA:332,0
DA:333,0
DA:338,0
DA:339,0
DA:350,0
DA:370,0
DA:371,0
DA:372,0
DA:375,0
DA:376,0
DA:377,0
DA:378,0
DA:379,0
DA:380,0
DA:384,0
DA:387,0
DA:388,0
DA:389,0
DA:390,0
DA:391,0
DA:393,0
DA:396,0
DA:414,0
DA:415,0
DA:416,0
DA:417,0
DA:420,0
DA:421,0
DA:422,0
DA:423,0
DA:424,0
DA:426,0
DA:427,0
DA:431,0
DA:434,0
DA:435,0
DA:436,0
DA:438,0
DA:439,0
DA:441,0
DA:442,0
DA:445,0
DA:457,0
DA:458,0
DA:459,0
DA:462,0
DA:463,0
DA:464,0
DA:467,0
DA:474,0
DA:475,0
DA:476,0
DA:479,0
DA:480,0
DA:487,0
DA:489,0
DA:496,0
DA:497,0
DA:499,0
DA:513,0
DA:514,0
DA:515,0
DA:516,0
DA:529,0
DA:530,0
DA:533,0
DA:534,0
DA:537,0
DA:538,0
DA:541,0
DA:550,0
DA:553,0
DA:562,0
DA:564,0
DA:566,0
DA:567,0
DA:569,0
DA:570,0
DA:572,0
DA:573,0
DA:575,0
DA:586,0
DA:590,0
DA:591,0
DA:592,0
DA:610,0
DA:625,0
DA:628,0
DA:629,0
DA:632,0
DA:633,0
DA:638,0
DA:639,0
DA:643,0
DA:644,0
DA:647,0
DA:654,0
DA:657,0
DA:659,0
DA:660,0
DA:662,0
DA:679,0
DA:691,0
DA:700,0
DA:701,0
DA:702,0
DA:709,0
DA:722,0
DA:723,0
DA:732,0
DA:735,0
DA:736,0
DA:742,0
DA:750,0
DA:751,0
DA:752,0
DA:755,0
DA:768,0
DA:770,0
DA:771,0
DA:774,0
DA:775,0
DA:778,0
DA:779,0
DA:782,0
DA:791,0
DA:794,0
DA:799,0
DA:800,0
DA:802,0
DA:803,0
DA:804,0
DA:806,0
DA:807,0
DA:808,0
DA:810,0
DA:811,0
DA:820,0
DA:825,0
DA:829,0
DA:830,0
DA:831,0
DA:833,0
DA:834,0
DA:837,0
DA:838,0
DA:839,0
DA:841,0
DA:842,0
DA:850,0
LF:201
LH:0
BRDA:198,0,0,0
BRDA:198,0,1,0
BRDA:207,1,0,0
BRDA:207,1,1,0
BRDA:208,2,0,0
BRDA:208,2,1,0
BRDA:209,3,0,0
BRDA:209,3,1,0
BRDA:210,4,0,0
BRDA:210,4,1,0
BRDA:211,5,0,0
BRDA:211,5,1,0
BRDA:219,6,0,0
BRDA:219,6,1,0
BRDA:227,7,0,0
BRDA:227,7,1,0
BRDA:232,8,0,0
BRDA:232,8,1,0
BRDA:260,9,0,0
BRDA:260,9,1,0
BRDA:260,10,0,0
BRDA:260,10,1,0
BRDA:263,11,0,0
BRDA:263,11,1,0
BRDA:271,12,0,0
BRDA:271,12,1,0
BRDA:294,13,0,0
BRDA:294,13,1,0
BRDA:322,14,0,0
BRDA:322,14,1,0
BRDA:329,15,0,0
BRDA:329,15,1,0
BRDA:331,16,0,0
BRDA:331,16,1,0
BRDA:338,17,0,0
BRDA:338,17,1,0
BRDA:371,18,0,0
BRDA:371,18,1,0
BRDA:376,19,0,0
BRDA:376,19,1,0
BRDA:388,20,0,0
BRDA:388,20,1,0
BRDA:388,21,0,0
BRDA:388,21,1,0
BRDA:390,22,0,0
BRDA:390,22,1,0
BRDA:426,23,0,0
BRDA:426,23,1,0
BRDA:431,24,0,0
BRDA:431,24,1,0
BRDA:435,25,0,0
BRDA:435,25,1,0
BRDA:438,26,0,0
BRDA:438,26,1,0
BRDA:441,27,0,0
BRDA:441,27,1,0
BRDA:456,28,0,0
BRDA:457,29,0,0
BRDA:457,29,1,0
BRDA:474,30,0,0
BRDA:474,30,1,0
BRDA:496,31,0,0
BRDA:496,31,1,0
BRDA:501,32,0,0
BRDA:501,32,1,0
BRDA:513,33,0,0
BRDA:513,33,1,0
BRDA:573,34,0,0
BRDA:573,34,1,0
BRDA:609,35,0,0
BRDA:628,36,0,0
BRDA:628,36,1,0
BRDA:638,37,0,0
BRDA:638,37,1,0
BRDA:643,38,0,0
BRDA:643,38,1,0
BRDA:659,39,0,0
BRDA:659,39,1,0
BRDA:666,40,0,0
BRDA:666,40,1,0
BRDA:701,41,0,0
BRDA:701,41,1,0
BRDA:750,42,0,0
BRDA:750,42,1,0
BRDA:770,43,0,0
BRDA:770,43,1,0
BRDA:774,44,0,0
BRDA:774,44,1,0
BRDA:778,45,0,0
BRDA:778,45,1,0
BRDA:800,46,0,0
BRDA:800,46,1,0
BRDA:800,46,2,0
BRDA:800,46,3,0
BRDA:808,47,0,0
BRDA:808,47,1,0
BRDA:810,48,0,0
BRDA:810,48,1,0
BRDA:838,49,0,0
BRDA:838,49,1,0
BRDA:841,50,0,0
BRDA:841,50,1,0
BRF:102
BRH:0
end_of_record
TN:
SF:src\utils\performanceMonitor.ts
FN:33,(anonymous_0)
FN:40,(anonymous_1)
FN:44,(anonymous_2)
FN:54,(anonymous_3)
FN:58,(anonymous_4)
FN:69,(anonymous_5)
FN:91,(anonymous_6)
FN:100,(anonymous_7)
FN:101,(anonymous_8)
FN:115,(anonymous_9)
FN:128,(anonymous_10)
FN:132,(anonymous_11)
FN:133,(anonymous_12)
FN:154,(anonymous_13)
FN:156,(anonymous_14)
FN:157,(anonymous_15)
FN:158,(anonymous_16)
FN:164,(anonymous_17)
FN:165,(anonymous_18)
FN:173,(anonymous_19)
FN:174,(anonymous_20)
FN:182,(anonymous_21)
FN:184,(anonymous_22)
FN:193,(anonymous_23)
FN:205,(anonymous_24)
FNF:25
FNH:0
FNDA:0,(anonymous_0)
FNDA:0,(anonymous_1)
FNDA:0,(anonymous_2)
FNDA:0,(anonymous_3)
FNDA:0,(anonymous_4)
FNDA:0,(anonymous_5)
FNDA:0,(anonymous_6)
FNDA:0,(anonymous_7)
FNDA:0,(anonymous_8)
FNDA:0,(anonymous_9)
FNDA:0,(anonymous_10)
FNDA:0,(anonymous_11)
FNDA:0,(anonymous_12)
FNDA:0,(anonymous_13)
FNDA:0,(anonymous_14)
FNDA:0,(anonymous_15)
FNDA:0,(anonymous_16)
FNDA:0,(anonymous_17)
FNDA:0,(anonymous_18)
FNDA:0,(anonymous_19)
FNDA:0,(anonymous_20)
FNDA:0,(anonymous_21)
FNDA:0,(anonymous_22)
FNDA:0,(anonymous_23)
FNDA:0,(anonymous_24)
DA:20,0
DA:21,0
DA:29,0
DA:31,0
DA:34,0
DA:35,0
DA:36,0
DA:37,0
DA:41,0
DA:45,0
DA:47,0
DA:48,0
DA:49,0
DA:50,0
DA:51,0
DA:55,0
DA:59,0
DA:60,0
DA:62,0
DA:63,0
DA:64,0
DA:65,0
DA:66,0
DA:71,0
DA:72,0
DA:73,0
DA:74,0
DA:75,0
DA:76,0
DA:77,0
DA:78,0
DA:80,0
DA:81,0
DA:82,0
DA:84,0
DA:87,0
DA:92,0
DA:93,0
DA:95,0
DA:96,0
DA:101,0
DA:102,0
DA:104,0
DA:106,0
DA:107,0
DA:108,0
DA:109,0
DA:110,0
DA:111,0
DA:122,0
DA:124,0
DA:129,0
DA:133,0
DA:134,0
DA:135,0
DA:136,0
DA:139,0
DA:142,0
DA:143,0
DA:144,0
DA:145,0
DA:147,0
DA:150,0
DA:155,0
DA:156,0
DA:157,0
DA:158,0
DA:160,0
DA:162,0
DA:163,0
DA:164,0
DA:165,0
DA:166,0
DA:168,0
DA:171,0
DA:172,0
DA:173,0
DA:174,0
DA:175,0
DA:177,0
DA:180,0
DA:181,0
DA:182,0
DA:183,0
DA:184,0
DA:185,0
DA:190,0
DA:194,0
DA:195,0
DA:196,0
DA:197,0
DA:201,0
DA:204,0
DA:205,0
DA:206,0
LF:95
LH:0
BRDA:45,0,0,0
BRDA:45,0,1,0
BRDA:60,1,0,0
BRDA:60,1,1,0
BRDA:72,2,0,0
BRDA:72,2,1,0
BRDA:72,3,0,0
BRDA:72,3,1,0
BRDA:78,4,0,0
BRDA:78,4,1,0
BRDA:78,5,0,0
BRDA:78,5,1,0
BRDA:95,6,0,0
BRDA:95,6,1,0
BRDA:102,7,0,0
BRDA:102,7,1,0
BRDA:106,8,0,0
BRDA:106,8,1,0
BRDA:106,9,0,0
BRDA:106,9,1,0
BRDA:109,10,0,0
BRDA:109,10,1,0
BRDA:109,11,0,0
BRDA:109,11,1,0
BRDA:122,12,0,0
BRDA:122,12,1,0
BRDA:135,13,0,0
BRDA:135,13,1,0
BRDA:142,14,0,0
BRDA:142,14,1,0
BRDA:142,15,0,0
BRDA:142,15,1,0
BRDA:144,16,0,0
BRDA:144,16,1,0
BRDA:144,17,0,0
BRDA:144,17,1,0
BRDA:162,18,0,0
BRDA:162,18,1,0
BRDA:166,19,0,0
BRDA:166,19,1,0
BRDA:166,20,0,0
BRDA:166,20,1,0
BRDA:171,21,0,0
BRDA:171,21,1,0
BRDA:175,22,0,0
BRDA:175,22,1,0
BRDA:175,23,0,0
BRDA:175,23,1,0
BRDA:180,24,0,0
BRDA:180,24,1,0
BRDA:183,25,0,0
BRDA:183,25,1,0
BRDA:185,26,0,0
BRDA:185,26,1,0
BRDA:204,27,0,0
BRDA:204,27,1,0
BRF:56
BRH:0
end_of_record
